
2021-3-23 14:1:49 :OPTIONS /user/?get-sort - 1ms
2021-3-23 14:1:49 :OPTIONS /user/?get-goods - 0ms
2021-3-23 14:1:49 :OPTIONS /user/?get-image - 1ms
2021-3-23 14:1:49 :POST /user/?get-image - 98ms
2021-3-23 14:1:49 :POST /user/?get-sort - 99ms
2021-3-23 14:1:49 :POST /user/?get-goods - 7ms
2021-3-23 14:1:49 :GET /getImg?imagePath=1616406267254 - 404
2021-3-23 14:1:49 :GET /getImg?imagePath=1616409147272 - 404
2021-3-23 14:1:49 :GET /getImg?imagePath=1616409431216 - 404
2021-3-23 14:1:49 :GET /getImg?imagePath=1616409494290 - 404
2021-3-23 14:1:49 :GET /getImg?imagePath=1616406257104 - 404
2021-3-23 14:1:49 :GET /getImg?imagePath=1616406226097 - 404
2021-3-23 14:1:49 :OPTIONS /user/?get-goodList - 0ms
2021-3-23 14:1:49 :GET /getImg?imagePath=1616409270435 - 404
2021-3-23 14:1:49 :GET /getImg?imagePath=1616407378603 - 404
2021-3-23 14:1:49 :POST /user/?get-goodList - 16ms
2021-3-23 14:1:49 :OPTIONS /user/?get-address - 1ms
2021-3-23 14:1:49 :OPTIONS /user/?get-pay - 0ms
2021-3-23 14:1:49 :OPTIONS /user/?get-goodList - 1ms
2021-3-23 14:1:49 :POST /user/?get-goodList - 2ms
2021-3-23 14:1:49 :POST /user/?get-address - 4ms
2021-3-23 14:1:49 :POST /user/?get-pay - 4ms
2021-3-23 14:1:49 :OPTIONS /user/?get-image - 0ms
2021-3-23 14:1:49 :OPTIONS /user/?get-sort - 0ms
2021-3-23 14:1:49 :OPTIONS /user/?get-goods - 0ms
2021-3-23 14:1:49 :POST /user/?get-goods - 2ms
2021-3-23 14:1:49 :POST /user/?get-sort - 3ms
2021-3-23 14:1:49 :POST /user/?get-image - 3ms
2021-3-23 14:1:49 :POST /user/?get-goodList - 14ms
2021-3-23 14:1:49 :POST /user/?get-pay - 3ms
2021-3-23 14:1:49 :POST /user/?get-goodList - 2ms
2021-3-23 14:1:49 :POST /user/?get-address - 4ms
2021-3-23 14:1:49 :POST /user/?get-goods - 2ms
2021-3-23 14:1:49 :POST /user/?get-image - 3ms
2021-3-23 14:1:49 :POST /user/?get-sort - 2ms
2021-3-23 14:1:49 :OPTIONS /user/?get-goodList - 0ms
2021-3-23 14:1:49 :POST /user/?get-goodList - 4ms
2021-3-23 14:1:49 :OPTIONS /user/?get-user - 0ms
2021-3-23 14:1:49 :POST /user/?get-user - 2ms
2021-3-23 14:1:49 :OPTIONS /user/?get-user - 0ms
2021-3-23 14:1:49 :POST /user/?get-user - 2ms
2021-3-23 14:1:49 :POST /user/?get-user - 2ms
2021-3-23 14:1:49 :OPTIONS /user/?get-user - 0ms
2021-3-23 14:1:49 :POST /user/?get-user - 2ms
2021-3-23 14:1:49 :GET /getImg?imagePath=1616406629288 - 404
2021-3-23 14:1:49 :OPTIONS /user/?get-goods - 0ms
2021-3-23 14:1:49 :OPTIONS /user/?get-sort - 0ms
2021-3-23 14:1:49 :POST /user/?get-goods - 3ms
2021-3-23 14:1:49 :POST /user/?get-sort - 3ms
2021-3-23 14:1:49 :OPTIONS /user/?get-goodList - 0ms
2021-3-23 14:1:49 :POST /user/?get-goodList - 2ms
2021-3-23 14:1:49 :POST /user/?get-goodList - 2ms
2021-3-23 14:1:49 :POST /user/?get-sort - 4ms
2021-3-23 14:1:49 :OPTIONS /user/?get-pay - 0ms
2021-3-23 14:1:49 :POST /user/?get-pay - 2ms
2021-3-23 14:1:49 :OPTIONS /user/?get-user - 0ms
2021-3-23 14:1:49 :OPTIONS /user/?get-chat - 0ms
2021-3-23 14:1:49 :POST /user/?get-user - 3ms
2021-3-23 14:1:49 :POST /user/?get-chat - 3ms
2021-3-23 14:1:49 :OPTIONS /user/?get-news - 0ms
2021-3-23 14:7:10 :OPTIONS /user/?get-shopCar - 1ms
2021-3-23 14:7:10 :POST /user/?get-shopCar - 84ms
2021-3-23 14:7:10 :OPTIONS /user/?get-pay - 0ms
2021-3-23 14:7:10 :POST /user/?get-pay - 3ms
2021-3-23 14:7:10 :OPTIONS /user/?get-address - 0ms
2021-3-23 14:7:10 :POST /user/?get-address - 2ms
2021-3-23 14:7:10 :POST /user/?get-pay - 2ms
2021-3-23 14:7:10 :OPTIONS /user/?get-goods - 0ms
2021-3-23 14:7:10 :OPTIONS /user/?get-sort - 0ms
2021-3-23 14:7:10 :POST /user/?get-goods - 3ms
2021-3-23 14:7:10 :POST /user/?get-sort - 2ms
2021-3-23 14:7:10 :OPTIONS /user/?get-goodList - 0ms
2021-3-23 14:7:10 :POST /user/?get-goodList - 1ms
2021-3-23 14:7:10 :GET /getImg?imagePath=1616406629288 - 404
2021-3-23 14:7:10 :POST /user/?get-sort - 2ms
2021-3-23 14:7:10 :POST /user/?get-goods - 4ms
2021-3-23 14:7:10 :POST /user/?get-goodList - 2ms
2021-3-23 14:7:10 :POST /user/?get-sort - 2ms
2021-3-23 14:7:10 :OPTIONS /user/?get-sort - 0ms
2021-3-23 14:7:10 :OPTIONS /user/?get-goodList - 0ms
2021-3-23 14:7:10 :POST /user/?get-goodList - 2ms
2021-3-23 14:7:10 :POST /user/?get-sort - 3ms
2021-3-23 14:7:10 :OPTIONS /user/?get-sort - 0ms
2021-3-23 14:7:10 :OPTIONS /user/?get-goods - 0ms
2021-3-23 14:7:10 :POST /user/?get-sort - 2ms
2021-3-23 14:7:10 :POST /user/?get-goods - 3ms
2021-3-23 14:1:49 :GET /getImg?imagePath=1616409494290 - 404
2021-3-23 14:7:10 :GET /getImg?imagePath=1616407378603 - 404
2021-3-23 14:7:10 :GET /getImg?imagePath=1616409147272 - 404
2021-3-23 14:7:10 :OPTIONS /user/?get-goodList - 0ms
2021-3-23 14:7:10 :GET /getImg?imagePath=1616409270435 - 404
2021-3-23 14:7:10 :POST /user/?get-goodList - 3ms
2021-3-23 14:7:10 :OPTIONS /user/?get-image - 2ms
2021-3-23 14:7:10 :GET /getImg?imagePath=1616409431216 - 404
2021-3-23 14:7:10 :POST /user/?get-image - 116ms
2021-3-23 14:7:10 :GET /getImg?imagePath=1616406257104 - 404
2021-3-23 14:1:49 :GET /getImg?imagePath=1616406267254 - 404
2021-3-23 14:7:10 :GET /getImg?imagePath=1616406226097 - 404
2021-3-23 14:7:10 :OPTIONS /user/?get-address - 0ms
2021-3-23 14:7:10 :OPTIONS /user/?get-goodList - 0ms
2021-3-23 14:7:10 :OPTIONS /user/?get-pay - 0ms
2021-3-23 14:7:10 :POST /user/?get-address - 2ms
2021-3-23 14:7:10 :POST /user/?get-goodList - 3ms
2021-3-23 14:7:10 :POST /user/?get-pay - 2ms
2021-3-23 14:7:10 :OPTIONS /user/?get-image - 0ms
2021-3-23 14:7:10 :OPTIONS /user/?get-sort - 0ms
2021-3-23 14:7:10 :OPTIONS /user/?get-goods - 0ms
2021-3-23 14:7:10 :POST /user/?get-image - 1ms
2021-3-23 14:7:10 :POST /user/?get-sort - 3ms
2021-3-23 14:7:10 :POST /user/?get-goods - 2ms
2021-3-23 14:7:10 :POST /user/?get-goodList - 2ms
2021-3-23 14:7:10 :POST /user/?get-sort - 2ms
2021-3-23 14:7:10 :POST /user/?get-goods - 3ms
2021-3-23 14:7:10 :POST /user/?get-sort - 3ms
2021-3-23 14:7:10 :OPTIONS /user/?get-goodList - 0ms
2021-3-23 14:7:10 :POST /user/?get-goodList - 2ms
2021-3-23 14:7:10 :OPTIONS /user/?del-goods - 0ms
2021-3-23 14:7:10 :POST /user/?del-goods - 9ms
2021-3-23 14:7:10 :OPTIONS /user/?get-sort - 0ms
2021-3-23 14:7:10 :OPTIONS /user/?get-image - 0ms
2021-3-23 14:7:10 :OPTIONS /user/?get-goods - 0ms
2021-3-23 14:7:10 :POST /user/?get-goods - 2ms
2021-3-23 14:7:10 :POST /user/?get-sort - 2ms
2021-3-23 14:7:10 :POST /user/?get-image - 2ms
2021-3-23 14:7:10 :GET /getImg?imagePath=1616409431216 - 404
2021-3-23 14:7:10 :GET /getImg?imagePath=1616409494290 - 404
2021-3-23 14:7:10 :GET /getImg?imagePath=1616407378603 - 404
2021-3-23 14:7:10 :GET /getImg?imagePath=1616409147272 - 404
2021-3-23 14:7:10 :GET /getImg?imagePath=1616406226097 - 404
2021-3-23 14:7:10 :GET /getImg?imagePath=1616406267254 - 404
2021-3-23 14:7:10 :GET /getImg?imagePath=1616409270435 - 404
2021-3-23 14:7:10 :GET /getImg?imagePath=1616406257104 - 404
2021-3-23 14:7:10 :OPTIONS /user/?get-image - 0ms
2021-3-23 14:7:10 :POST /user/?get-image - 2ms
2021-3-23 14:7:10 :GET /getImg?imagePath=1616406267254 - 404
2021-3-23 14:7:10 :GET /getImg?imagePath=1616406226097 - 404
2021-3-23 14:7:10 :GET /getImg?imagePath=1616406257104 - 404
2021-3-23 14:7:10 :OPTIONS /user/?get-user - 0ms
2021-3-23 14:7:10 :POST /user/?get-user - 2ms
2021-3-23 14:7:10 :POST /user/?get-image - 2ms
2021-3-23 14:7:10 :POST /user/?get-user - 2ms
2021-3-23 14:7:10 :OPTIONS /user/?get-sort - 0ms
2021-3-23 14:7:10 :POST /user/?get-sort - 2ms
2021-3-23 14:7:10 :OPTIONS /user/?get-goods - 0ms
2021-3-23 14:7:10 :POST /user/?get-sort - 2ms
2021-3-23 14:7:10 :POST /user/?get-goods - 3ms
2021-3-23 14:7:10 :POST /user/?get-sort - 2ms
2021-3-23 14:7:10 :OPTIONS /user/?get-goods - 0ms
2021-3-23 14:7:10 :OPTIONS /user/?get-sort - 0ms
2021-3-23 14:7:10 :POST /user/?get-goods - 3ms
2021-3-23 14:7:10 :POST /user/?get-sort - 2ms
2021-3-23 14:7:10 :OPTIONS /user/?get-pay - 0ms
2021-3-23 14:7:10 :POST /user/?get-pay - 2ms
2021-3-23 14:7:10 :OPTIONS /user/?get-comment - 0ms
2021-3-23 14:7:10 :POST /user/?get-comment - 2ms
2021-3-23 14:7:10 :OPTIONS /user/?get-pay - 0ms
2021-3-23 14:7:10 :POST /user/?get-pay - 2ms