
2021-3-22 16:46:30 :OPTIONS /user/?get-image - 2ms
2021-3-22 16:46:30 :OPTIONS /user/?get-sort - 1ms
2021-3-22 16:46:30 :OPTIONS /user/?get-goods - 0ms
2021-3-22 16:46:38 :OPTIONS /user/?get-image - 1ms
2021-3-22 16:46:38 :OPTIONS /user/?get-sort - 1ms
2021-3-22 16:46:38 :OPTIONS /user/?get-goods - 0ms
2021-3-22 16:46:46 :OPTIONS /user/?get-address - 1ms
2021-3-22 16:46:46 :OPTIONS /user/?get-joinwe - 0ms
2021-3-22 16:46:46 :OPTIONS /user/?get-pay - 0ms
2021-3-22 16:46:46 :OPTIONS /user/?get-news - 0ms
2021-3-22 16:46:46 :OPTIONS /user/?get-commentNew - 0ms
2021-3-22 16:46:46 :OPTIONS /user/?get-user - 1ms
2021-3-22 16:46:46 :OPTIONS /user/?get-shopCar - 1ms
2021-3-22 16:46:46 :OPTIONS /user/?get-goodList - 1ms
2021-3-22 16:46:46 :OPTIONS /user/?get-chat - 0ms
2021-3-22 16:46:46 :OPTIONS /user/?get-comment - 0ms
2021-3-22 16:46:50 :OPTIONS /user/?create-tbl_user - 2ms
2021-3-22 16:46:50 :POST /user/?create-tbl_user - 120ms
2021-3-22 16:46:50 :OPTIONS /user/?create-tbl_sort - 0ms
2021-3-22 16:46:50 :POST /user/?create-tbl_sort - 24ms
2021-3-22 16:46:50 :OPTIONS /user/?create-tbl_goodList - 0ms
2021-3-22 16:46:50 :POST /user/?create-tbl_goodList - 28ms
2021-3-22 16:46:50 :OPTIONS /user/?create-tbl_goods - 0ms
2021-3-22 16:46:50 :POST /user/?create-tbl_goods - 26ms
2021-3-22 16:46:50 :OPTIONS /user/?create-tbl_address - 0ms
2021-3-22 16:46:50 :POST /user/?create-tbl_address - 28ms
2021-3-22 16:46:50 :OPTIONS /user/?create-tbl_pay - 0ms
2021-3-22 16:46:50 :POST /user/?create-tbl_pay - 27ms
2021-3-22 16:46:50 :OPTIONS /user/?create-tbl_shopCar - 0ms
2021-3-22 16:46:50 :POST /user/?create-tbl_shopCar - 24ms
2021-3-22 16:46:50 :OPTIONS /user/?create-tbl_image - 0ms
2021-3-22 16:46:50 :POST /user/?create-tbl_image - 29ms
2021-3-22 16:46:50 :OPTIONS /user/?create-tbl_joinwe - 0ms
2021-3-22 16:46:50 :POST /user/?create-tbl_joinwe - 26ms
2021-3-22 16:46:50 :OPTIONS /user/?create-tbl_comment - 0ms
2021-3-22 16:46:50 :POST /user/?create-tbl_comment - 25ms
2021-3-22 16:46:50 :OPTIONS /user/?create-tbl_news - 0ms
2021-3-22 16:47:4 :OPTIONS /user/?create-tbl_commentNew - 2ms
2021-3-22 16:47:4 :POST /user/?create-tbl_commentNew - 110ms
2021-3-22 16:47:4 :OPTIONS /user/?create-tbl_chat - 0ms
2021-3-22 16:47:4 :POST /user/?create-tbl_chat - 22ms
2021-3-22 16:47:4 :OPTIONS /user/?get-sort - 0ms
2021-3-22 16:47:4 :OPTIONS /user/?get-goods - 0ms
2021-3-22 16:47:4 :OPTIONS /user/?get-image - 0ms
2021-3-22 16:47:4 :POST /user/?get-sort - 10ms
2021-3-22 16:47:4 :POST /user/?get-image - 8ms
2021-3-22 16:47:4 :POST /user/?get-goods - 10ms
2021-3-22 16:47:4 :OPTIONS /user/?get-user - 0ms
2021-3-22 16:47:4 :POST /user/?get-user - 3ms
2021-3-22 16:47:4 :OPTIONS /user/?get-image - 0ms
2021-3-22 16:47:4 :POST /user/?get-image - 1ms
2021-3-22 16:47:4 :OPTIONS /upFile - 0ms
2021-3-22 16:47:4 :POST /upFile - 6ms
2021-3-22 16:47:4 :OPTIONS /user/?add-image - 0ms
2021-3-22 16:47:4 :POST /user/?add-image - 6ms
2021-3-22 16:47:4 :GET /getImg?imagePath=1616402861536 - 404
2021-3-22 16:47:4 :OPTIONS /user/?get-sort - 0ms
2021-3-22 16:47:4 :POST /user/?get-sort - 2ms
2021-3-22 16:47:4 :OPTIONS /upFile - 1ms
2021-3-22 16:47:4 :POST /upFile - 3ms
2021-3-22 16:47:4 :GET /getImg?imagePath=1616402875297 - 404
2021-3-22 16:47:4 :OPTIONS /user/?add-sort - 0ms
2021-3-22 16:47:4 :POST /user/?add-sort - 3ms
2021-3-22 16:47:4 :OPTIONS /user/?get-goods - 0ms
2021-3-22 16:47:4 :OPTIONS /user/?get-sort - 0ms
2021-3-22 16:47:4 :POST /user/?get-sort - 2ms
2021-3-22 16:47:4 :POST /user/?get-goods - 3ms
2021-3-22 16:47:4 :OPTIONS /user/?get-sort - 0ms
2021-3-22 16:47:4 :OPTIONS /user/?get-goods - 0ms
2021-3-22 16:47:4 :OPTIONS /user/?get-image - 0ms
2021-3-22 16:47:4 :POST /user/?get-goods - 27ms
2021-3-22 16:47:4 :POST /user/?get-sort - 28ms
2021-3-22 16:47:4 :POST /user/?get-image - 28ms
2021-3-22 16:47:4 :GET /getImg?imagePath=1616402875297 - 404
2021-3-22 16:47:4 :GET /getImg?imagePath=1616402861536 - 404
2021-3-22 16:47:4 :OPTIONS /user/?get-user - 0ms
2021-3-22 16:47:4 :POST /user/?get-user - 2ms
2021-3-22 16:47:4 :OPTIONS /user/?add-user - 0ms
2021-3-22 16:47:4 :POST /user/?add-user - 7ms
2021-3-22 16:47:4 :OPTIONS /user/?get-user - 0ms
2021-3-22 16:47:4 :POST /user/?get-user - 2ms
2021-3-22 16:47:4 :OPTIONS /user/?get-goods - 0ms
2021-3-22 16:47:4 :OPTIONS /user/?get-sort - 0ms
2021-3-22 16:47:4 :POST /user/?get-goods - 3ms
2021-3-22 16:47:4 :POST /user/?get-sort - 2ms
2021-3-22 16:47:4 :POST /user/?get-sort - 2ms
2021-3-22 16:47:4 :OPTIONS /upFile - 0ms
2021-3-22 16:47:4 :POST /upFile - 3ms
2021-3-22 16:47:4 :OPTIONS /user/?add-goods - 0ms
2021-3-22 16:47:4 :POST /user/?add-goods - 7ms
2021-3-22 16:47:4 :OPTIONS /user/?add-goodList - 0ms
2021-3-22 16:47:4 :POST /user/?add-goodList - 4ms
2021-3-22 16:47:4 :OPTIONS /user/?get-sort - 0ms
2021-3-22 16:47:4 :OPTIONS /user/?get-goods - 0ms
2021-3-22 16:47:4 :POST /user/?get-sort - 3ms
2021-3-22 16:47:4 :POST /user/?get-goods - 2ms
2021-3-22 16:47:4 :OPTIONS /user/?get-goodList - 0ms
2021-3-22 16:47:4 :POST /user/?get-goodList - 2ms
2021-3-22 16:47:4 :GET /getImg?imagePath=1616402945917 - 404
2021-3-22 16:47:4 :POST /user/?get-goods - 3ms
2021-3-22 16:47:4 :POST /user/?get-goodList - 2ms
2021-3-22 16:47:4 :OPTIONS /user/?create-tbl_user - 0ms
2021-3-22 16:52:38 :OPTIONS /user/?create-tbl_sort - 1ms
2021-3-22 16:52:39 :OPTIONS /user/?get-goods - 2ms
2021-3-22 16:52:39 :POST /user/?get-goods - 88ms
2021-3-22 16:52:39 :OPTIONS /user/?get-goodList - 0ms
2021-3-22 16:52:39 :POST /user/?get-goodList - 1ms
2021-3-22 16:52:39 :POST /user/?get-goods - 3ms
2021-3-22 16:52:39 :POST /user/?get-goodList - 2ms
2021-3-22 16:52:39 :OPTIONS /user/?get-image - 0ms
2021-3-22 16:52:39 :POST /user/?get-image - 2ms
2021-3-22 16:52:39 :GET /getImg?imagePath=1616402861536 - 404
2021-3-22 16:52:39 :OPTIONS /user/?get-goods - 0ms
2021-3-22 16:52:39 :POST /user/?get-goods - 3ms
2021-3-22 16:52:39 :OPTIONS /user/?get-goodList - 0ms
2021-3-22 16:52:39 :POST /user/?get-goodList - 2ms
2021-3-22 16:52:39 :POST /user/?get-goods - 2ms
2021-3-22 16:52:39 :POST /user/?get-goodList - 2ms
2021-3-22 16:52:39 :OPTIONS /user/?get-sort - 0ms
2021-3-22 16:52:39 :OPTIONS /user/?get-goods - 0ms
2021-3-22 16:52:39 :OPTIONS /user/?get-image - 0ms
2021-3-22 16:52:39 :POST /user/?get-sort - 3ms
2021-3-22 16:52:39 :POST /user/?get-goods - 3ms
2021-3-22 16:52:39 :POST /user/?get-image - 3ms
2021-3-22 16:52:39 :GET /getImg?imagePath=1616402875297 - 404
2021-3-22 16:52:39 :OPTIONS /user/?get-goodList - 0ms
2021-3-22 16:52:39 :POST /user/?get-goodList - 4ms
2021-3-22 16:52:39 :GET /getImg?imagePath=1616402861536 - 404
2021-3-22 16:52:39 :OPTIONS /user/?get-goods - 0ms
2021-3-22 16:52:39 :OPTIONS /user/?get-sort - 0ms
2021-3-22 16:52:39 :POST /user/?get-goods - 3ms
2021-3-22 16:52:39 :POST /user/?get-sort - 2ms
2021-3-22 16:52:39 :OPTIONS /user/?get-goodList - 0ms
2021-3-22 16:52:39 :POST /user/?get-goodList - 2ms
2021-3-22 16:52:39 :POST /user/?get-goods - 4ms
2021-3-22 16:52:39 :POST /user/?get-goodList - 2ms
2021-3-22 16:52:39 :OPTIONS /user/?get-news - 0ms
2021-3-22 17:0:3 :OPTIONS /user/?get-image - 0ms
2021-3-22 17:0:3 :POST /user/?get-sort - 85ms
2021-3-22 17:0:3 :POST /user/?get-goods - 10ms
2021-3-22 17:0:3 :POST /user/?get-image - 8ms
2021-3-22 17:0:3 :POST /user/?get-goodList - 13ms
2021-3-22 17:0:3 :OPTIONS /user/?get-user - 0ms
2021-3-22 17:0:3 :POST /user/?get-user - 2ms
2021-3-22 17:0:3 :OPTIONS /user/?get-sort - 0ms
2021-3-22 17:0:3 :POST /user/?get-sort - 2ms
2021-3-22 17:0:3 :OPTIONS /user/?get-image - 0ms
2021-3-22 17:0:3 :POST /user/?get-image - 2ms
2021-3-22 17:0:3 :POST /user/?get-user - 2ms
2021-3-22 17:0:3 :POST /user/?get-sort - 3ms
2021-3-22 17:0:3 :OPTIONS /user/?get-goods - 0ms
2021-3-22 17:0:3 :POST /user/?get-goods - 2ms
2021-3-22 17:0:3 :POST /user/?get-sort - 3ms
2021-3-22 17:0:3 :OPTIONS /user/?get-goodList - 0ms
2021-3-22 17:0:3 :POST /user/?get-goodList - 1ms
2021-3-22 17:0:3 :OPTIONS /user/?get-comment - 0ms
2021-3-22 17:0:3 :POST /user/?get-comment - 2ms
2021-3-22 17:0:3 :OPTIONS /user/?get-pay - 0ms
2021-3-22 17:0:3 :POST /user/?get-pay - 3ms
2021-3-22 17:0:3 :POST /user/?get-goods - 3ms
2021-3-22 17:0:3 :POST /user/?get-sort - 2ms
2021-3-22 17:0:3 :POST /user/?get-goodList - 2ms
2021-3-22 17:0:3 :POST /user/?get-image - 1ms
2021-3-22 17:0:3 :GET /getImg?imagePath=1616402861536 - 404
2021-3-22 17:0:3 :OPTIONS /user/?get-user - 0ms
2021-3-22 17:0:3 :POST /user/?get-user - 2ms
2021-3-22 17:0:3 :OPTIONS /user/?get-sort - 0ms
2021-3-22 17:0:3 :POST /user/?get-sort - 2ms
2021-3-22 17:0:3 :POST /user/?get-sort - 2ms
2021-3-22 17:0:3 :POST /user/?get-goods - 3ms
2021-3-22 17:0:3 :POST /user/?get-goodList - 2ms
2021-3-22 17:0:3 :POST /user/?get-pay - 3ms
2021-3-22 17:0:3 :POST /user/?get-comment - 2ms
2021-3-22 17:0:3 :OPTIONS /user/?get-sort - 0ms
2021-3-22 17:0:3 :OPTIONS /user/?get-goods - 0ms
2021-3-22 17:0:3 :POST /user/?get-sort - 3ms
2021-3-22 17:0:3 :POST /user/?get-goods - 2ms
2021-3-22 17:0:3 :OPTIONS /user/?get-goodList - 0ms
2021-3-22 17:0:3 :POST /user/?get-goodList - 2ms
2021-3-22 17:0:3 :POST /user/?get-goods - 3ms
2021-3-22 17:0:3 :POST /user/?get-goods - 2ms
2021-3-22 17:0:3 :POST /user/?get-goods - 3ms
2021-3-22 17:0:3 :POST /user/?get-goods - 3ms
2021-3-22 17:0:3 :POST /user/?get-goods - 3ms
2021-3-22 17:0:3 :POST /user/?get-goods - 3ms
2021-3-22 17:0:3 :POST /user/?get-goods - 2ms
2021-3-22 17:0:3 :POST /user/?get-goods - 3ms
2021-3-22 17:0:3 :OPTIONS /user/?get-goods - 0ms
2021-3-22 17:0:3 :POST /user/?get-goods - 2ms
2021-3-22 17:0:3 :POST /user/?get-goods - 2ms
2021-3-22 17:0:3 :OPTIONS /user/?get-sort - 0ms
2021-3-22 17:0:3 :OPTIONS /user/?get-image - 0ms
2021-3-22 17:0:3 :POST /user/?get-goods - 4ms
2021-3-22 17:0:3 :POST /user/?get-image - 2ms
2021-3-22 17:0:3 :OPTIONS /user/?get-goodList - 0ms
2021-3-22 17:0:3 :GET /getImg?imagePath=1616402861536 - 404
2021-3-22 17:0:3 :POST /user/?get-goodList - 23ms
2021-3-22 17:0:3 :POST /user/?get-sort - 101ms
2021-3-22 17:0:3 :GET /getImg?imagePath=1616402875297 - 404
2021-3-22 17:0:3 :OPTIONS /user/?get-sort - 1ms
2021-3-22 17:0:3 :OPTIONS /user/?get-goods - 0ms
2021-3-22 17:0:3 :OPTIONS /user/?get-image - 1ms
2021-3-22 17:0:3 :POST /user/?get-sort - 3ms
2021-3-22 17:0:3 :POST /user/?get-goods - 2ms
2021-3-22 17:0:3 :POST /user/?get-image - 2ms
2021-3-22 17:0:3 :OPTIONS /user/?get-goodList - 1ms
2021-3-22 17:0:3 :POST /user/?get-goodList - 2ms
2021-3-22 17:0:3 :OPTIONS /user/?get-sort - 0ms
2021-3-22 17:0:3 :OPTIONS /user/?get-goods - 0ms
2021-3-22 17:0:3 :POST /user/?get-sort - 3ms
2021-3-22 17:0:3 :POST /user/?get-goods - 2ms
2021-3-22 17:0:3 :OPTIONS /user/?get-goodList - 0ms
2021-3-22 17:0:3 :POST /user/?get-goodList - 2ms
2021-3-22 17:0:3 :POST /user/?get-goods - 8ms
2021-3-22 17:0:3 :POST /user/?get-goodList - 4ms
2021-3-22 17:0:3 :OPTIONS /user/?get-image - 0ms
2021-3-22 17:0:3 :POST /user/?get-sort - 3ms
2021-3-22 17:0:3 :POST /user/?get-goods - 3ms
2021-3-22 17:0:3 :POST /user/?get-image - 3ms
2021-3-22 17:0:3 :POST /user/?get-goodList - 12ms
2021-3-22 17:0:3 :OPTIONS /user/?get-sort - 0ms
2021-3-22 17:0:3 :OPTIONS /user/?get-goods - 0ms
2021-3-22 17:0:3 :OPTIONS /user/?get-image - 0ms
2021-3-22 17:0:3 :POST /user/?get-sort - 5ms
2021-3-22 17:0:3 :POST /user/?get-goods - 5ms
2021-3-22 17:0:3 :POST /user/?get-image - 4ms
2021-3-22 17:0:3 :GET /getImg?imagePath=1616402875297 - 404
2021-3-22 17:0:3 :OPTIONS /user/?get-goodList - 0ms
2021-3-22 17:0:3 :POST /user/?get-goodList - 3ms
2021-3-22 17:0:3 :GET /getImg?imagePath=1616402861536 - 404
2021-3-22 17:0:3 :OPTIONS /user/?get-comment - 0ms
2021-3-22 17:0:3 :POST /user/?get-comment - 5ms
2021-3-22 17:0:3 :GET /getImg?imagePath=1616402945917 - 404
2021-3-22 17:0:3 :OPTIONS /user/?get-sort - 0ms
2021-3-22 17:0:3 :OPTIONS /user/?get-goods - 0ms
2021-3-22 17:0:3 :OPTIONS /user/?get-image - 0ms
2021-3-22 17:0:3 :POST /user/?get-goods - 2ms
2021-3-22 17:0:3 :POST /user/?get-sort - 3ms
2021-3-22 17:0:3 :POST /user/?get-image - 3ms
2021-3-22 17:0:3 :OPTIONS /user/?get-comment - 0ms
2021-3-22 17:0:3 :OPTIONS /user/?get-goodList - 0ms
2021-3-22 17:0:3 :GET /getImg?imagePath=1616402861536 - 404
2021-3-22 17:0:3 :POST /user/?get-goodList - 38ms
2021-3-22 17:0:3 :GET /getImg?imagePath=1616402875297 - 404
2021-3-22 17:0:3 :POST /user/?get-comment - 47ms
2021-3-22 17:0:3 :GET /getImg?imagePath=1616402945917 - 404
2021-3-22 17:0:3 :OPTIONS /user/?get-sort - 0ms
2021-3-22 17:0:3 :OPTIONS /user/?get-goods - 0ms
2021-3-22 17:0:3 :OPTIONS /user/?get-image - 0ms
2021-3-22 17:0:3 :POST /user/?get-sort - 3ms
2021-3-22 17:0:3 :POST /user/?get-goods - 2ms
2021-3-22 17:0:3 :POST /user/?get-image - 3ms
2021-3-22 17:0:3 :GET /getImg?imagePath=1616402861536 - 404
2021-3-22 17:0:3 :OPTIONS /user/?get-goodList - 0ms
2021-3-22 17:0:3 :GET /getImg?imagePath=1616402875297 - 404
2021-3-22 17:0:3 :POST /user/?get-goodList - 28ms
2021-3-22 17:0:3 :GET /getImg?imagePath=1616402945917 - 404
2021-3-22 17:0:3 :OPTIONS /user/?get-sort - 0ms
2021-3-22 17:0:3 :OPTIONS /user/?get-goods - 0ms
2021-3-22 17:0:3 :OPTIONS /user/?get-image - 0ms
2021-3-22 17:0:3 :POST /user/?get-sort - 3ms
2021-3-22 17:0:3 :POST /user/?get-goods - 3ms
2021-3-22 17:0:3 :POST /user/?get-image - 4ms
2021-3-22 17:0:3 :GET /getImg?imagePath=1616402875297 - 404
2021-3-22 17:0:3 :OPTIONS /user/?get-goodList - 0ms
2021-3-22 17:0:3 :GET /getImg?imagePath=1616402861536 - 404
2021-3-22 17:0:3 :POST /user/?get-goodList - 13ms
2021-3-22 17:0:3 :GET /getImg?imagePath=1616402945917 - 404
2021-3-22 17:0:3 :OPTIONS /user/?get-comment - 0ms
2021-3-22 17:0:3 :POST /user/?get-comment - 2ms
2021-3-22 17:0:3 :OPTIONS /user/?get-sort - 0ms
2021-3-22 17:0:3 :OPTIONS /user/?get-image - 0ms
2021-3-22 17:0:3 :OPTIONS /user/?get-goods - 0ms
2021-3-22 17:0:3 :POST /user/?get-goods - 2ms
2021-3-22 17:0:3 :POST /user/?get-image - 2ms
2021-3-22 17:0:3 :POST /user/?get-sort - 3ms
2021-3-22 17:0:3 :GET /getImg?imagePath=1616402861536 - 404
2021-3-22 17:0:3 :GET /getImg?imagePath=1616402875297 - 404
2021-3-22 17:0:3 :OPTIONS /user/?get-goodList - 0ms
2021-3-22 17:0:3 :POST /user/?get-goodList - 18ms
2021-3-22 17:0:3 :GET /getImg?imagePath=1616402945917 - 404
2021-3-22 17:0:3 :OPTIONS /user/?get-sort - 0ms
2021-3-22 17:0:3 :OPTIONS /user/?get-goods - 0ms
2021-3-22 17:0:3 :OPTIONS /user/?get-image - 0ms
2021-3-22 17:0:3 :POST /user/?get-image - 5ms
2021-3-22 17:0:3 :POST /user/?get-sort - 5ms
2021-3-22 17:0:3 :POST /user/?get-goods - 4ms
2021-3-22 17:0:3 :GET /getImg?imagePath=1616402875297 - 404
2021-3-22 17:0:3 :GET /getImg?imagePath=1616402861536 - 404
2021-3-22 17:0:3 :OPTIONS /user/?get-goodList - 0ms
2021-3-22 17:0:3 :POST /user/?get-goodList - 2ms
2021-3-22 17:0:3 :GET /getImg?imagePath=1616402945917 - 404
2021-3-22 17:0:3 :OPTIONS /user/?get-comment - 0ms
2021-3-22 17:0:3 :POST /user/?get-comment - 3ms
2021-3-22 17:0:3 :OPTIONS /user/?get-sort - 0ms
2021-3-22 17:0:3 :OPTIONS /user/?get-goods - 0ms
2021-3-22 17:0:3 :OPTIONS /user/?get-image - 0ms
2021-3-22 17:0:3 :POST /user/?get-sort - 2ms
2021-3-22 17:0:3 :POST /user/?get-goods - 2ms
2021-3-22 17:0:3 :POST /user/?get-image - 2ms
2021-3-22 17:0:3 :OPTIONS /user/?get-goodList - 0ms
2021-3-22 17:0:3 :GET /getImg?imagePath=1616402861536 - 404
2021-3-22 17:0:3 :GET /getImg?imagePath=1616402875297 - 404
2021-3-22 17:0:3 :POST /user/?get-goodList - 26ms
2021-3-22 17:0:3 :GET /getImg?imagePath=1616402945917 - 404
2021-3-22 17:0:3 :OPTIONS /user/?get-image - 0ms
2021-3-22 17:0:3 :POST /user/?get-image - 2ms
2021-3-22 17:0:3 :GET /getImg?imagePath=1616402861536 - 404
2021-3-22 17:0:3 :OPTIONS /user/?get-user - 0ms
2021-3-22 17:0:3 :POST /user/?get-user - 2ms
2021-3-22 17:0:3 :OPTIONS /user/?get-sort - 0ms
2021-3-22 17:0:3 :POST /user/?get-sort - 2ms
2021-3-22 17:0:3 :GET /getImg?imagePath=1616402875297 - 404
2021-3-22 17:0:3 :OPTIONS /user/?get-image - 0ms
2021-3-22 17:0:3 :POST /user/?get-image - 2ms
2021-3-22 17:0:3 :GET /getImg?imagePath=1616402861536 - 404
2021-3-22 17:0:3 :OPTIONS /upFile - 0ms
2021-3-22 17:0:3 :POST /upFile - 4ms
2021-3-22 17:0:3 :OPTIONS /user/?add-image - 0ms
2021-3-22 17:0:3 :POST /user/?add-image - 5ms
2021-3-22 17:0:3 :GET /getImg?imagePath=1616405809143 - 404
2021-3-22 17:0:3 :OPTIONS /user/?get-sort - 0ms
2021-3-22 17:0:3 :OPTIONS /user/?get-goods - 0ms
2021-3-22 17:0:3 :OPTIONS /user/?get-image - 0ms
2021-3-22 17:0:3 :POST /user/?get-sort - 3ms
2021-3-22 17:0:3 :POST /user/?get-image - 4ms
2021-3-22 17:0:3 :POST /user/?get-goods - 6ms
2021-3-22 17:0:3 :GET /getImg?imagePath=1616405809143 - 404
2021-3-22 17:0:3 :GET /getImg?imagePath=1616402875297 - 404
2021-3-22 17:0:3 :OPTIONS /user/?get-goodList - 0ms
2021-3-22 17:0:3 :GET /getImg?imagePath=1616402861536 - 404
2021-3-22 17:0:3 :POST /user/?get-goodList - 2ms
2021-3-22 17:0:3 :GET /getImg?imagePath=1616402945917 - 404
2021-3-22 17:0:3 :POST /user/?get-sort - 2ms
2021-3-22 17:0:3 :POST /user/?get-image - 2ms
2021-3-22 17:0:3 :GET /getImg?imagePath=1616402861536 - 404
2021-3-22 17:0:3 :GET /getImg?imagePath=1616405809143 - 404
2021-3-22 17:0:3 :POST /user/?get-sort - 3ms
2021-3-22 17:0:3 :POST /user/?get-goods - 2ms
2021-3-22 17:0:3 :POST /user/?get-image - 3ms
2021-3-22 17:0:3 :GET /getImg?imagePath=1616402875297 - 404
2021-3-22 17:0:3 :GET /getImg?imagePath=1616402945917 - 404
2021-3-22 17:0:3 :POST /user/?get-goodList - 2ms
2021-3-22 17:0:3 :GET /getImg?imagePath=1616402861536 - 404
2021-3-22 17:0:3 :GET /getImg?imagePath=1616405809143 - 404
2021-3-22 17:0:3 :OPTIONS /user/?del-image - 0ms
2021-3-22 17:0:3 :POST /user/?del-image - 9ms
2021-3-22 17:0:3 :OPTIONS /upFile - 0ms
2021-3-22 17:0:3 :POST /upFile - 3ms
2021-3-22 17:0:3 :OPTIONS /user/?add-image - 0ms
2021-3-22 17:0:3 :POST /user/?add-image - 4ms
2021-3-22 17:0:3 :GET /getImg?imagePath=1616405903351 - 404
2021-3-22 17:0:3 :OPTIONS /user/?get-sort - 0ms
2021-3-22 17:0:3 :OPTIONS /user/?get-goods - 0ms
2021-3-22 17:0:3 :OPTIONS /user/?get-image - 0ms
2021-3-22 17:0:3 :POST /user/?get-sort - 2ms
2021-3-22 17:0:3 :POST /user/?get-goods - 3ms
2021-3-22 17:0:3 :POST /user/?get-image - 2ms
2021-3-22 17:0:3 :GET /getImg?imagePath=1616405809143 - 404
2021-3-22 17:0:3 :GET /getImg?imagePath=1616402875297 - 404
2021-3-22 17:0:3 :OPTIONS /user/?get-goodList - 0ms
2021-3-22 17:0:3 :GET /getImg?imagePath=1616405903351 - 404
2021-3-22 17:0:3 :POST /user/?get-goodList - 3ms
2021-3-22 17:0:3 :GET /getImg?imagePath=1616402945917 - 404
2021-3-22 17:0:3 :OPTIONS /user/?get-user - 0ms
2021-3-22 17:0:3 :POST /user/?get-user - 2ms
2021-3-22 17:0:3 :OPTIONS /user/?get-image - 0ms
2021-3-22 17:0:3 :POST /user/?get-image - 2ms
2021-3-22 17:0:3 :OPTIONS /user/?get-user - 0ms
2021-3-22 17:0:3 :POST /user/?get-user - 2ms
2021-3-22 17:0:3 :OPTIONS /user/?get-sort - 0ms
2021-3-22 17:0:3 :POST /user/?get-sort - 2ms
2021-3-22 17:0:3 :OPTIONS /user/?del-sort - 0ms
2021-3-22 17:0:3 :POST /user/?del-sort - 8ms
2021-3-22 17:0:3 :OPTIONS /user/?get-image - 0ms
2021-3-22 17:0:3 :OPTIONS /user/?get-goods - 0ms
2021-3-22 17:0:3 :POST /user/?get-sort - 3ms
2021-3-22 17:0:3 :POST /user/?get-image - 2ms
2021-3-22 17:0:3 :POST /user/?get-goods - 3ms
2021-3-22 17:0:3 :GET /getImg?imagePath=1616405809143 - 404
2021-3-22 17:0:3 :GET /getImg?imagePath=1616405903351 - 404
2021-3-22 17:0:3 :OPTIONS /user/?get-goodList - 0ms
2021-3-22 17:0:3 :POST /user/?get-goodList - 2ms
2021-3-22 17:0:3 :GET /getImg?imagePath=1616402945917 - 404
2021-3-22 17:0:3 :OPTIONS /user/?get-sort - 0ms
2021-3-22 17:0:3 :POST /user/?get-goods - 3ms
2021-3-22 17:0:3 :POST /user/?get-sort - 2ms
2021-3-22 17:0:3 :POST /user/?get-goodList - 2ms
2021-3-22 17:0:3 :OPTIONS /user/?del-goods - 0ms
2021-3-22 17:0:3 :POST /user/?del-goods - 8ms
2021-3-22 17:0:3 :OPTIONS /user/?get-goods - 0ms
2021-3-22 17:0:3 :OPTIONS /user/?get-image - 0ms
2021-3-22 17:0:3 :POST /user/?get-goods - 2ms
2021-3-22 17:0:3 :POST /user/?get-sort - 5ms
2021-3-22 17:0:3 :POST /user/?get-image - 4ms
2021-3-22 17:0:3 :GET /getImg?imagePath=1616405809143 - 404
2021-3-22 17:0:3 :GET /getImg?imagePath=1616405903351 - 404
2021-3-22 17:0:3 :OPTIONS /user/?get-pay - 0ms
2021-3-22 17:0:3 :POST /user/?get-pay - 2ms
2021-3-22 17:0:3 :OPTIONS /user/?get-comment - 0ms
2021-3-22 17:0:3 :POST /user/?get-comment - 2ms
2021-3-22 17:0:3 :OPTIONS /user/?get-image - 0ms
2021-3-22 17:0:3 :POST /user/?get-image - 1ms
2021-3-22 17:0:3 :GET /getImg?imagePath=1616405809143 - 404
2021-3-22 17:0:3 :GET /getImg?imagePath=1616405903351 - 404
2021-3-22 17:0:3 :OPTIONS /upFile - 0ms
2021-3-22 17:0:3 :POST /upFile - 4ms
2021-3-22 17:0:3 :OPTIONS /user/?add-image - 0ms
2021-3-22 17:0:3 :POST /user/?add-image - 7ms
2021-3-22 17:0:3 :GET /getImg?imagePath=1616406226097 - 404
2021-3-22 17:0:3 :OPTIONS /user/?get-sort - 0ms
2021-3-22 17:0:3 :OPTIONS /user/?get-goods - 0ms
2021-3-22 17:0:3 :OPTIONS /user/?get-image - 0ms
2021-3-22 17:0:3 :POST /user/?get-sort - 4ms
2021-3-22 17:0:3 :POST /user/?get-goods - 3ms
2021-3-22 17:0:3 :POST /user/?get-image - 3ms
2021-3-22 17:0:3 :GET /getImg?imagePath=1616406226097 - 404
2021-3-22 17:0:3 :GET /getImg?imagePath=1616405809143 - 404
2021-3-22 17:0:3 :GET /getImg?imagePath=1616405903351 - 404
2021-3-22 17:0:3 :OPTIONS /user/?get-sort - 0ms
2021-3-22 17:0:3 :OPTIONS /user/?get-goods - 0ms
2021-3-22 17:0:3 :OPTIONS /user/?get-image - 0ms
2021-3-22 17:0:3 :POST /user/?get-sort - 6ms
2021-3-22 17:0:3 :POST /user/?get-goods - 5ms
2021-3-22 17:0:3 :POST /user/?get-image - 2ms
2021-3-22 17:0:3 :GET /getImg?imagePath=1616405809143 - 404
2021-3-22 17:0:3 :GET /getImg?imagePath=1616405903351 - 404
2021-3-22 17:0:3 :GET /getImg?imagePath=1616406226097 - 404
2021-3-22 17:0:3 :OPTIONS /user/?get-sort - 0ms
2021-3-22 17:0:3 :OPTIONS /user/?get-goods - 0ms
2021-3-22 17:0:3 :OPTIONS /user/?get-image - 0ms
2021-3-22 17:0:3 :POST /user/?get-sort - 1ms
2021-3-22 17:0:3 :POST /user/?get-goods - 2ms
2021-3-22 17:0:3 :POST /user/?get-image - 3ms
2021-3-22 17:0:3 :GET /getImg?imagePath=1616405809143 - 404
2021-3-22 17:0:3 :GET /getImg?imagePath=1616405903351 - 404
2021-3-22 17:0:3 :GET /getImg?imagePath=1616406226097 - 404
2021-3-22 17:0:3 :OPTIONS /user/?del-image - 0ms
2021-3-22 17:0:3 :POST /user/?del-image - 4ms
2021-3-22 17:0:3 :OPTIONS /upFile - 0ms
2021-3-22 17:0:3 :POST /upFile - 3ms
2021-3-22 17:0:3 :OPTIONS /user/?add-image - 0ms
2021-3-22 17:0:3 :POST /user/?add-image - 3ms
2021-3-22 17:0:3 :GET /getImg?imagePath=1616406257104 - 404
2021-3-22 17:0:3 :OPTIONS /user/?get-sort - 0ms
2021-3-22 17:0:3 :OPTIONS /user/?get-goods - 0ms
2021-3-22 17:0:3 :OPTIONS /user/?get-image - 0ms
2021-3-22 17:0:3 :POST /user/?get-sort - 2ms
2021-3-22 17:0:3 :POST /user/?get-image - 3ms
2021-3-22 17:0:3 :POST /user/?get-goods - 3ms
2021-3-22 17:0:3 :GET /getImg?imagePath=1616405903351 - 404
2021-3-22 17:0:3 :GET /getImg?imagePath=1616406226097 - 404
2021-3-22 17:0:3 :GET /getImg?imagePath=1616406257104 - 404
2021-3-22 17:0:3 :OPTIONS /user/?del-image - 0ms
2021-3-22 17:0:3 :POST /user/?del-image - 7ms
2021-3-22 17:0:3 :OPTIONS /upFile - 0ms
2021-3-22 17:0:3 :POST /upFile - 4ms
2021-3-22 17:0:3 :OPTIONS /user/?add-image - 0ms
2021-3-22 17:0:3 :POST /user/?add-image - 6ms
2021-3-22 17:0:3 :GET /getImg?imagePath=1616406267254 - 404
2021-3-22 17:0:3 :OPTIONS /user/?get-sort - 0ms
2021-3-22 17:0:3 :OPTIONS /user/?get-goods - 0ms
2021-3-22 17:0:3 :OPTIONS /user/?get-image - 0ms
2021-3-22 17:0:3 :POST /user/?get-image - 2ms
2021-3-22 17:0:3 :POST /user/?get-sort - 2ms
2021-3-22 17:0:3 :POST /user/?get-goods - 2ms
2021-3-22 17:0:3 :GET /getImg?imagePath=1616406267254 - 404
2021-3-22 17:0:3 :GET /getImg?imagePath=1616406226097 - 404
2021-3-22 17:0:3 :GET /getImg?imagePath=1616406257104 - 404
2021-3-22 17:0:3 :OPTIONS /upFile - 0ms
2021-3-22 17:0:3 :POST /upFile - 4ms
2021-3-22 17:0:3 :OPTIONS /user/?add-image - 0ms
2021-3-22 17:0:3 :POST /user/?add-image - 7ms
2021-3-22 17:0:3 :GET /getImg?imagePath=1616406389782 - 404
2021-3-22 17:0:3 :OPTIONS /user/?get-sort - 0ms
2021-3-22 17:0:3 :OPTIONS /user/?get-goods - 0ms
2021-3-22 17:0:3 :OPTIONS /user/?get-image - 0ms
2021-3-22 17:0:3 :POST /user/?get-sort - 2ms
2021-3-22 17:0:3 :POST /user/?get-goods - 2ms
2021-3-22 17:0:3 :POST /user/?get-image - 3ms
2021-3-22 17:0:3 :GET /getImg?imagePath=1616406257104 - 404
2021-3-22 17:0:3 :GET /getImg?imagePath=1616406267254 - 404
2021-3-22 17:0:3 :GET /getImg?imagePath=1616406226097 - 404
2021-3-22 17:0:3 :GET /getImg?imagePath=1616406389782 - 404
2021-3-22 17:0:3 :OPTIONS /user/?del-image - 0ms
2021-3-22 17:0:3 :POST /user/?del-image - 8ms
2021-3-22 17:0:3 :OPTIONS /user/?get-sort - 0ms
2021-3-22 17:0:3 :OPTIONS /user/?get-goods - 0ms
2021-3-22 17:0:3 :OPTIONS /user/?get-image - 0ms
2021-3-22 17:0:3 :POST /user/?get-sort - 2ms
2021-3-22 17:0:3 :POST /user/?get-goods - 2ms
2021-3-22 17:0:3 :POST /user/?get-image - 3ms
2021-3-22 17:0:3 :GET /getImg?imagePath=1616406267254 - 404
2021-3-22 17:0:3 :GET /getImg?imagePath=1616406226097 - 404
2021-3-22 17:0:3 :GET /getImg?imagePath=1616406257104 - 404
2021-3-22 17:0:3 :OPTIONS /user/?get-user - 0ms
2021-3-22 17:0:3 :POST /user/?get-user - 2ms
2021-3-22 17:0:3 :OPTIONS /user/?get-sort - 0ms
2021-3-22 17:0:3 :OPTIONS /user/?get-image - 0ms
2021-3-22 17:0:3 :OPTIONS /user/?get-goods - 0ms
2021-3-22 17:0:3 :POST /user/?get-goods - 2ms
2021-3-22 17:0:3 :POST /user/?get-sort - 2ms
2021-3-22 17:0:3 :POST /user/?get-image - 2ms
2021-3-22 17:0:3 :OPTIONS /user/?get-goods - 0ms
2021-3-22 17:0:3 :OPTIONS /user/?get-sort - 1ms
2021-3-22 17:0:3 :POST /user/?get-goods - 3ms
2021-3-22 17:0:3 :POST /user/?get-sort - 2ms
2021-3-22 17:0:3 :OPTIONS /user/?get-pay - 1ms
2021-3-22 17:0:3 :POST /user/?get-pay - 2ms
2021-3-22 17:0:3 :OPTIONS /user/?get-address - 0ms
2021-3-22 17:0:3 :POST /user/?get-address - 2ms
2021-3-22 17:0:3 :POST /user/?get-pay - 2ms
2021-3-22 17:0:3 :OPTIONS /user/?get-shopCar - 0ms
2021-3-22 17:0:3 :POST /user/?get-shopCar - 3ms
2021-3-22 17:0:3 :OPTIONS /user/?get-news - 1ms
2021-3-22 17:48:48 :OPTIONS /user/?get-user - 1ms
2021-3-22 17:48:48 :POST /user/?get-user - 88ms
2021-3-22 17:48:48 :OPTIONS /user/?get-user - 0ms
2021-3-22 17:48:48 :POST /user/?get-user - 3ms
2021-3-22 17:48:48 :OPTIONS /user/?add-user - 1ms
2021-3-22 17:48:48 :POST /user/?add-user - 8ms
2021-3-22 17:48:48 :OPTIONS /user/?get-user - 0ms
2021-3-22 17:48:48 :POST /user/?get-user - 3ms
2021-3-22 17:48:48 :OPTIONS /user/?get-sort - 1ms
2021-3-22 17:48:48 :POST /user/?get-sort - 1ms
2021-3-22 17:48:48 :OPTIONS /user/?get-user - 0ms
2021-3-22 17:48:48 :POST /user/?get-user - 2ms
2021-3-22 17:48:48 :OPTIONS /user/?get-user - 0ms
2021-3-22 17:48:48 :POST /user/?get-user - 2ms
2021-3-22 17:48:48 :OPTIONS /upFile - 0ms
2021-3-22 17:48:48 :POST /upFile - 4ms
2021-3-22 17:48:48 :OPTIONS /user/?up-user - 0ms
2021-3-22 17:48:48 :POST /user/?up-user - 4ms
2021-3-22 17:48:48 :GET /getImg?imagePath=1616406629288 - 404
2021-3-22 17:48:48 :OPTIONS /user/?get-user - 0ms
2021-3-22 17:48:48 :POST /user/?get-user - 2ms
2021-3-22 17:48:48 :OPTIONS /user/?get-sort - 0ms
2021-3-22 17:48:48 :OPTIONS /user/?get-goods - 0ms
2021-3-22 17:48:48 :POST /user/?get-sort - 2ms
2021-3-22 17:48:48 :POST /user/?get-goods - 3ms
2021-3-22 17:48:48 :OPTIONS /user/?get-sort - 0ms
2021-3-22 17:48:48 :POST /user/?get-sort - 2ms
2021-3-22 17:48:48 :OPTIONS /user/?get-pay - 0ms
2021-3-22 17:48:48 :POST /user/?get-pay - 3ms
2021-3-22 17:48:48 :OPTIONS /user/?get-goods - 0ms
2021-3-22 17:48:48 :OPTIONS /user/?get-sort - 0ms
2021-3-22 17:48:48 :POST /user/?get-goods - 4ms
2021-3-22 17:48:48 :POST /user/?get-sort - 5ms
2021-3-22 17:48:48 :POST /user/?get-pay - 2ms
2021-3-22 17:48:48 :POST /user/?get-goods - 2ms
2021-3-22 17:48:48 :POST /user/?get-sort - 2ms
2021-3-22 17:48:48 :POST /user/?get-sort - 2ms
2021-3-22 17:48:48 :OPTIONS /user/?get-pay - 0ms
2021-3-22 17:48:48 :POST /user/?get-pay - 2ms
2021-3-22 17:48:48 :OPTIONS /user/?get-address - 0ms
2021-3-22 17:48:48 :POST /user/?get-address - 2ms
2021-3-22 17:48:48 :POST /user/?get-pay - 2ms
2021-3-22 17:48:48 :OPTIONS /user/?get-shopCar - 0ms
2021-3-22 17:48:48 :POST /user/?get-shopCar - 2ms
2021-3-22 17:48:48 :OPTIONS /user/?get-news - 0ms
2021-3-22 17:51:17 :OPTIONS /user/?get-user - 1ms
2021-3-22 17:51:17 :OPTIONS /user/?get-chat - 0ms
2021-3-22 17:51:17 :POST /user/?get-user - 87ms
2021-3-22 17:51:17 :POST /user/?get-chat - 7ms
2021-3-22 17:51:17 :OPTIONS /user/?add-chat - 0ms
2021-3-22 17:51:17 :POST /user/?add-chat - 7ms
2021-3-22 17:51:17 :POST /user/?get-chat - 2ms
2021-3-22 17:51:17 :OPTIONS /user/?get-news - 0ms
2021-3-22 17:51:36 :GET /getImg?imagePath=1616406629288 - 404
2021-3-22 17:51:36 :OPTIONS /user/?get-goods - 0ms
2021-3-22 17:51:36 :OPTIONS /user/?get-sort - 0ms
2021-3-22 17:51:36 :POST /user/?get-goods - 85ms
2021-3-22 17:51:36 :POST /user/?get-sort - 6ms
2021-3-22 17:51:36 :OPTIONS /user/?get-image - 0ms
2021-3-22 17:51:36 :POST /user/?get-sort - 5ms
2021-3-22 17:51:36 :POST /user/?get-goods - 4ms
2021-3-22 17:51:36 :POST /user/?get-image - 3ms
2021-3-22 17:51:36 :GET /getImg?imagePath=1616406226097 - 404
2021-3-22 17:51:36 :GET /getImg?imagePath=1616406257104 - 404
2021-3-22 17:51:36 :GET /getImg?imagePath=1616406267254 - 404
2021-3-22 17:51:36 :OPTIONS /user/?get-sort - 0ms
2021-3-22 17:51:36 :OPTIONS /user/?get-goods - 0ms
2021-3-22 17:51:36 :POST /user/?get-sort - 3ms
2021-3-22 17:51:36 :POST /user/?get-goods - 2ms
2021-3-22 17:51:36 :POST /user/?get-goods - 3ms
2021-3-22 17:51:36 :POST /user/?get-goods - 3ms
2021-3-22 17:51:36 :OPTIONS /user/?get-image - 0ms
2021-3-22 17:51:36 :POST /user/?get-sort - 4ms
2021-3-22 17:51:36 :POST /user/?get-goods - 4ms
2021-3-22 17:51:36 :POST /user/?get-image - 3ms
2021-3-22 17:51:36 :OPTIONS /user/?get-sort - 0ms
2021-3-22 17:51:36 :POST /user/?get-sort - 2ms
2021-3-22 17:51:36 :OPTIONS /user/?get-goods - 0ms
2021-3-22 17:51:36 :POST /user/?get-sort - 2ms
2021-3-22 17:51:36 :POST /user/?get-goods - 3ms
2021-3-22 17:51:36 :POST /user/?get-sort - 2ms
2021-3-22 17:51:36 :OPTIONS /user/?get-image - 0ms
2021-3-22 17:51:36 :POST /user/?get-image - 2ms
2021-3-22 17:51:36 :GET /getImg?imagePath=1616406226097 - 404
2021-3-22 17:51:36 :GET /getImg?imagePath=1616406257104 - 404
2021-3-22 17:51:36 :GET /getImg?imagePath=1616406267254 - 404
2021-3-22 17:51:36 :POST /user/?get-sort - 3ms
2021-3-22 17:51:36 :OPTIONS /upFile - 0ms
2021-3-22 17:51:36 :POST /upFile - 4ms
2021-3-22 17:51:36 :GET /getImg?imagePath=1616406759705 - 404
2021-3-22 17:51:36 :OPTIONS /user/?add-sort - 0ms
2021-3-22 17:51:36 :POST /user/?add-sort - 7ms
2021-3-22 17:51:36 :OPTIONS /user/?get-sort - 0ms
2021-3-22 17:51:36 :OPTIONS /user/?get-goods - 0ms
2021-3-22 17:51:36 :OPTIONS /user/?get-image - 0ms
2021-3-22 17:51:36 :POST /user/?get-sort - 6ms
2021-3-22 17:51:36 :POST /user/?get-goods - 4ms
2021-3-22 17:51:36 :POST /user/?get-image - 3ms
2021-3-22 17:51:36 :GET /getImg?imagePath=1616406759705 - 404
2021-3-22 17:51:36 :GET /getImg?imagePath=1616406226097 - 404
2021-3-22 17:51:36 :GET /getImg?imagePath=1616406257104 - 404
2021-3-22 17:51:36 :GET /getImg?imagePath=1616406267254 - 404
2021-3-22 17:51:36 :POST /user/?get-sort - 2ms
2021-3-22 17:51:36 :POST /user/?get-goods - 2ms
2021-3-22 17:51:36 :POST /user/?get-sort - 3ms
2021-3-22 17:51:36 :POST /user/?get-goods - 3ms
2021-3-22 17:51:36 :POST /user/?get-image - 3ms
2021-3-22 17:51:36 :OPTIONS /user/?get-goods - 0ms
2021-3-22 17:51:36 :OPTIONS /user/?get-sort - 0ms
2021-3-22 17:51:36 :POST /user/?get-sort - 2ms
2021-3-22 17:51:36 :POST /user/?get-goods - 3ms
2021-3-22 17:51:36 :OPTIONS /user/?get-pay - 0ms
2021-3-22 17:51:36 :POST /user/?get-pay - 2ms
2021-3-22 17:51:36 :OPTIONS /user/?get-comment - 1ms
2021-3-22 17:51:36 :POST /user/?get-comment - 2ms
2021-3-22 17:51:36 :OPTIONS /user/?get-image - 0ms
2021-3-22 17:51:36 :POST /user/?get-image - 2ms
2021-3-22 17:51:36 :GET /getImg?imagePath=1616406226097 - 404
2021-3-22 17:51:36 :GET /getImg?imagePath=1616406267254 - 404
2021-3-22 17:51:36 :GET /getImg?imagePath=1616406257104 - 404
2021-3-22 17:51:36 :OPTIONS /user/?get-user - 0ms
2021-3-22 17:51:36 :POST /user/?get-user - 2ms
2021-3-22 17:51:36 :OPTIONS /user/?get-sort - 1ms
2021-3-22 17:51:36 :POST /user/?get-sort - 2ms
2021-3-22 17:51:36 :OPTIONS /user/?get-goods - 0ms
2021-3-22 17:51:36 :POST /user/?get-sort - 2ms
2021-3-22 17:51:36 :POST /user/?get-goods - 2ms
2021-3-22 17:51:36 :OPTIONS /user/?get-sort - 0ms
2021-3-22 17:51:36 :POST /user/?get-sort - 2ms
2021-3-22 17:51:36 :POST /user/?get-goods - 2ms
2021-3-22 17:51:36 :POST /user/?get-sort - 2ms
2021-3-22 17:51:36 :OPTIONS /user/?get-pay - 0ms
2021-3-22 17:51:36 :POST /user/?get-pay - 3ms
2021-3-22 17:51:36 :OPTIONS /user/?get-goods - 0ms
2021-3-22 17:51:36 :OPTIONS /user/?get-sort - 0ms
2021-3-22 17:51:36 :POST /user/?get-goods - 3ms
2021-3-22 17:51:36 :POST /user/?get-sort - 2ms
2021-3-22 17:51:36 :POST /user/?get-pay - 3ms
2021-3-22 17:51:36 :OPTIONS /user/?get-comment - 0ms
2021-3-22 17:51:36 :POST /user/?get-comment - 2ms
2021-3-22 17:51:36 :OPTIONS /user/?get-sort - 0ms
2021-3-22 17:51:36 :OPTIONS /user/?get-goods - 1ms
2021-3-22 17:51:36 :POST /user/?get-sort - 2ms
2021-3-22 17:51:36 :POST /user/?get-goods - 2ms
2021-3-22 17:51:36 :POST /user/?get-goods - 2ms
2021-3-22 17:51:36 :POST /user/?get-goods - 1ms
2021-3-22 17:51:36 :POST /user/?get-goods - 2ms
2021-3-22 17:51:36 :POST /user/?get-sort - 2ms
2021-3-22 17:51:36 :OPTIONS /user/?del-sort - 0ms
2021-3-22 17:51:36 :POST /user/?del-sort - 4ms
2021-3-22 17:51:36 :OPTIONS /user/?get-goods - 0ms
2021-3-22 17:51:36 :POST /user/?get-goods - 2ms
2021-3-22 17:51:36 :OPTIONS /user/?get-sort - 0ms
2021-3-22 17:51:36 :POST /user/?get-goods - 3ms
2021-3-22 17:51:36 :POST /user/?get-sort - 2ms
2021-3-22 17:51:36 :POST /user/?get-goods - 2ms
2021-3-22 17:51:36 :OPTIONS /user/?get-goods - 1ms
2021-3-22 17:51:36 :OPTIONS /user/?get-image - 0ms
2021-3-22 17:51:36 :POST /user/?get-sort - 4ms
2021-3-22 17:51:36 :POST /user/?get-goods - 3ms
2021-3-22 17:51:36 :POST /user/?get-image - 3ms
2021-3-22 17:51:36 :GET /getImg?imagePath=1616406226097 - 404
2021-3-22 17:51:36 :GET /getImg?imagePath=1616406257104 - 404
2021-3-22 17:51:36 :GET /getImg?imagePath=1616406267254 - 404
2021-3-22 17:51:36 :POST /user/?get-sort - 2ms
2021-3-22 17:51:36 :POST /user/?get-goods - 2ms
2021-3-22 17:51:36 :POST /user/?get-goods - 2ms
2021-3-22 17:51:36 :OPTIONS /user/?get-news - 1ms
2021-3-22 17:59:49 :GET /getImg?imagePath=1616406629288 - 404
2021-3-22 17:59:49 :OPTIONS /user/?get-sort - 1ms
2021-3-22 17:59:49 :OPTIONS /user/?get-goods - 0ms
2021-3-22 17:59:49 :OPTIONS /user/?get-image - 1ms
2021-3-22 17:59:49 :POST /user/?get-sort - 91ms
2021-3-22 17:59:49 :POST /user/?get-goods - 7ms
2021-3-22 17:59:49 :POST /user/?get-image - 89ms
2021-3-22 17:59:49 :GET /getImg?imagePath=1616406267254 - 404
2021-3-22 17:59:49 :GET /getImg?imagePath=1616406226097 - 404
2021-3-22 17:59:49 :GET /getImg?imagePath=1616406257104 - 404
2021-3-22 17:59:49 :OPTIONS /upFile - 0ms
2021-3-22 17:59:49 :POST /upFile - 4ms
2021-3-22 17:59:49 :GET /getImg?imagePath=1616407378603 - 404
2021-3-22 17:59:49 :OPTIONS /user/?add-sort - 0ms
2021-3-22 17:59:49 :POST /user/?add-sort - 7ms
2021-3-22 17:59:49 :OPTIONS /user/?get-sort - 0ms
2021-3-22 17:59:49 :OPTIONS /user/?get-goods - 0ms
2021-3-22 17:59:49 :OPTIONS /user/?get-image - 0ms
2021-3-22 17:59:49 :POST /user/?get-sort - 5ms
2021-3-22 17:59:49 :POST /user/?get-goods - 4ms
2021-3-22 17:59:49 :POST /user/?get-image - 4ms
2021-3-22 17:59:49 :GET /getImg?imagePath=1616406257104 - 404
2021-3-22 17:59:49 :GET /getImg?imagePath=1616406267254 - 404
2021-3-22 17:59:49 :GET /getImg?imagePath=1616407378603 - 404
2021-3-22 17:59:49 :GET /getImg?imagePath=1616406226097 - 404
2021-3-22 17:59:49 :OPTIONS /user/?get-sort - 1ms
2021-3-22 17:59:49 :OPTIONS /user/?get-goods - 0ms
2021-3-22 17:59:49 :OPTIONS /user/?get-image - 0ms
2021-3-22 17:59:49 :POST /user/?get-sort - 4ms
2021-3-22 17:59:49 :POST /user/?get-goods - 4ms
2021-3-22 17:59:49 :POST /user/?get-image - 3ms
2021-3-22 17:59:49 :GET /getImg?imagePath=1616407378603 - 404
2021-3-22 17:59:49 :GET /getImg?imagePath=1616406226097 - 404
2021-3-22 17:59:49 :GET /getImg?imagePath=1616406257104 - 404
2021-3-22 17:59:49 :GET /getImg?imagePath=1616406267254 - 404
2021-3-22 17:59:49 :OPTIONS /user/?get-image - 0ms
2021-3-22 17:59:49 :OPTIONS /user/?get-sort - 0ms
2021-3-22 17:59:49 :OPTIONS /user/?get-goods - 0ms
2021-3-22 17:59:49 :POST /user/?get-image - 2ms
2021-3-22 17:59:49 :POST /user/?get-sort - 4ms
2021-3-22 17:59:49 :POST /user/?get-goods - 3ms
2021-3-22 17:59:49 :GET /getImg?imagePath=1616406267254 - 404
2021-3-22 17:59:49 :GET /getImg?imagePath=1616407378603 - 404
2021-3-22 17:59:49 :GET /getImg?imagePath=1616406226097 - 404
2021-3-22 17:59:49 :GET /getImg?imagePath=1616406257104 - 404
2021-3-22 17:59:49 :POST /user/?get-sort - 2ms
2021-3-22 17:59:49 :OPTIONS /user/?get-image - 0ms
2021-3-22 17:59:49 :OPTIONS /user/?get-sort - 0ms
2021-3-22 17:59:49 :OPTIONS /user/?get-goods - 0ms
2021-3-22 17:59:49 :POST /user/?get-image - 2ms
2021-3-22 17:59:49 :POST /user/?get-sort - 4ms
2021-3-22 17:59:49 :POST /user/?get-goods - 2ms
2021-3-22 17:59:49 :GET /getImg?imagePath=1616407378603 - 404
2021-3-22 17:59:49 :GET /getImg?imagePath=1616406226097 - 404
2021-3-22 17:59:49 :GET /getImg?imagePath=1616406257104 - 404
2021-3-22 17:59:49 :GET /getImg?imagePath=1616406267254 - 404
2021-3-22 17:59:49 :OPTIONS /user/?get-sort - 0ms
2021-3-22 17:59:49 :OPTIONS /user/?get-goods - 0ms
2021-3-22 17:59:49 :OPTIONS /user/?get-image - 0ms
2021-3-22 17:59:49 :POST /user/?get-sort - 2ms
2021-3-22 17:59:49 :POST /user/?get-goods - 3ms
2021-3-22 17:59:49 :POST /user/?get-image - 2ms
2021-3-22 17:59:49 :GET /getImg?imagePath=1616407378603 - 404
2021-3-22 17:59:49 :GET /getImg?imagePath=1616406257104 - 404
2021-3-22 17:59:49 :GET /getImg?imagePath=1616406226097 - 404
2021-3-22 17:59:49 :GET /getImg?imagePath=1616406267254 - 404
2021-3-22 17:59:49 :OPTIONS /user/?get-sort - 0ms
2021-3-22 17:59:49 :POST /user/?get-sort - 2ms
2021-3-22 17:59:49 :OPTIONS /user/?get-goods - 0ms
2021-3-22 17:59:49 :OPTIONS /user/?get-image - 0ms
2021-3-22 17:59:49 :POST /user/?get-sort - 4ms
2021-3-22 17:59:49 :POST /user/?get-image - 2ms
2021-3-22 17:59:49 :POST /user/?get-goods - 3ms
2021-3-22 17:59:49 :GET /getImg?imagePath=1616407378603 - 404
2021-3-22 17:59:49 :GET /getImg?imagePath=1616406226097 - 404
2021-3-22 17:59:49 :GET /getImg?imagePath=1616406257104 - 404
2021-3-22 17:59:49 :GET /getImg?imagePath=1616406267254 - 404
2021-3-22 17:59:49 :OPTIONS /user/?get-sort - 0ms
2021-3-22 17:59:49 :OPTIONS /user/?get-image - 0ms
2021-3-22 17:59:49 :OPTIONS /user/?get-goods - 0ms
2021-3-22 17:59:49 :POST /user/?get-goods - 2ms
2021-3-22 17:59:49 :POST /user/?get-sort - 3ms
2021-3-22 17:59:49 :POST /user/?get-image - 3ms
2021-3-22 17:59:49 :GET /getImg?imagePath=1616407378603 - 404
2021-3-22 17:59:49 :GET /getImg?imagePath=1616406226097 - 404
2021-3-22 17:59:49 :GET /getImg?imagePath=1616406257104 - 404
2021-3-22 17:59:49 :GET /getImg?imagePath=1616406267254 - 404
2021-3-22 17:59:49 :GET /getImg?imagePath=1616406629288 - 404
2021-3-22 17:59:49 :OPTIONS /user/?get-user - 0ms
2021-3-22 17:59:49 :POST /user/?get-user - 2ms
2021-3-22 17:59:49 :GET /getImg?imagePath=1616406629288 - 404
2021-3-22 17:59:49 :OPTIONS /user/?get-news - 0ms
2021-3-22 18:27:21 :OPTIONS /user/?get-image - 1ms
2021-3-22 18:27:21 :OPTIONS /user/?get-sort - 2ms
2021-3-22 18:27:21 :OPTIONS /user/?get-goods - 0ms
2021-3-22 18:27:21 :POST /user/?get-sort - 87ms
2021-3-22 18:27:21 :POST /user/?get-image - 87ms
2021-3-22 18:27:21 :POST /user/?get-goods - 7ms
2021-3-22 18:27:21 :GET /getImg?imagePath=1616407378603 - 404
2021-3-22 18:27:21 :GET /getImg?imagePath=1616406226097 - 404
2021-3-22 18:27:21 :GET /getImg?imagePath=1616406267254 - 404
2021-3-22 18:27:21 :GET /getImg?imagePath=1616406257104 - 404
2021-3-22 18:27:21 :POST /user/?get-sort - 4ms
2021-3-22 18:27:21 :POST /user/?get-goods - 3ms
2021-3-22 18:27:21 :POST /user/?get-goods - 2ms
2021-3-22 18:27:21 :POST /user/?get-image - 2ms
2021-3-22 18:27:21 :POST /user/?get-sort - 2ms
2021-3-22 18:27:21 :POST /user/?get-goods - 2ms
2021-3-22 18:27:21 :POST /user/?get-sort - 2ms
2021-3-22 18:27:21 :POST /user/?get-goods - 2ms
2021-3-22 18:27:21 :POST /user/?get-goods - 3ms
2021-3-22 18:27:21 :OPTIONS /user/?get-sort - 1ms
2021-3-22 18:27:21 :OPTIONS /user/?get-goods - 0ms
2021-3-22 18:27:21 :OPTIONS /user/?get-image - 0ms
2021-3-22 18:27:21 :POST /user/?get-sort - 2ms
2021-3-22 18:27:21 :POST /user/?get-goods - 2ms
2021-3-22 18:27:21 :POST /user/?get-image - 2ms
2021-3-22 18:27:21 :OPTIONS /upFile - 0ms
2021-3-22 18:27:21 :POST /upFile - 4ms
2021-3-22 18:27:21 :GET /getImg?imagePath=1616408908458 - 404
2021-3-22 18:27:21 :POST /upFile - 3ms
2021-3-22 18:27:21 :GET /getImg?imagePath=1616408913104 - 404
2021-3-22 18:27:21 :OPTIONS /user/?add-sort - 0ms
2021-3-22 18:27:21 :POST /user/?add-sort - 8ms
2021-3-22 18:27:21 :OPTIONS /user/?get-sort - 0ms
2021-3-22 18:27:21 :OPTIONS /user/?get-goods - 0ms
2021-3-22 18:27:21 :OPTIONS /user/?get-image - 0ms
2021-3-22 18:27:21 :POST /user/?get-sort - 4ms
2021-3-22 18:27:21 :POST /user/?get-goods - 3ms
2021-3-22 18:27:21 :POST /user/?get-image - 3ms
2021-3-22 18:27:21 :GET /getImg?imagePath=1616406267254 - 404
2021-3-22 18:27:21 :GET /getImg?imagePath=1616407378603 - 404
2021-3-22 18:27:21 :GET /getImg?imagePath=1616406226097 - 404
2021-3-22 18:27:21 :GET /getImg?imagePath=1616406257104 - 404
2021-3-22 16:46:50 :GET /getImg?imagePath=1616408913104 - 404
2021-3-22 18:27:21 :POST /user/?get-sort - 2ms
2021-3-22 18:27:21 :POST /user/?get-goods - 2ms
2021-3-22 18:27:21 :POST /user/?get-goods - 2ms
2021-3-22 18:27:21 :POST /user/?get-sort - 3ms
2021-3-22 18:27:21 :POST /user/?get-goods - 2ms
2021-3-22 18:27:21 :POST /user/?get-image - 3ms
2021-3-22 18:27:21 :OPTIONS /user/?get-sort - 0ms
2021-3-22 18:27:21 :OPTIONS /user/?get-image - 0ms
2021-3-22 18:27:21 :OPTIONS /user/?get-goods - 0ms
2021-3-22 18:27:21 :POST /user/?get-goods - 3ms
2021-3-22 18:27:21 :POST /user/?get-image - 2ms
2021-3-22 18:27:21 :POST /user/?get-sort - 4ms
2021-3-22 16:46:50 :GET /getImg?imagePath=1616408913104 - 404
2021-3-22 18:27:21 :GET /getImg?imagePath=1616406226097 - 404
2021-3-22 18:27:21 :GET /getImg?imagePath=1616406257104 - 404
2021-3-22 18:27:21 :GET /getImg?imagePath=1616406267254 - 404
2021-3-22 18:27:21 :GET /getImg?imagePath=1616407378603 - 404
2021-3-22 18:27:21 :OPTIONS /user/?del-sort - 0ms
2021-3-22 18:27:21 :POST /user/?del-sort - 5ms
2021-3-22 18:27:21 :OPTIONS /upFile - 0ms
2021-3-22 18:27:21 :POST /upFile - 4ms
2021-3-22 18:27:21 :GET /getImg?imagePath=1616409147272 - 404
2021-3-22 18:27:21 :OPTIONS /user/?add-sort - 0ms
2021-3-22 18:27:21 :POST /user/?add-sort - 6ms
2021-3-22 18:27:21 :OPTIONS /user/?get-sort - 1ms
2021-3-22 18:27:21 :OPTIONS /user/?get-goods - 0ms
2021-3-22 18:27:21 :OPTIONS /user/?get-image - 0ms
2021-3-22 18:27:21 :POST /user/?get-sort - 4ms
2021-3-22 18:27:21 :POST /user/?get-goods - 3ms
2021-3-22 18:27:21 :POST /user/?get-image - 3ms
2021-3-22 16:46:50 :GET /getImg?imagePath=1616406267254 - 404
2021-3-22 18:27:21 :GET /getImg?imagePath=1616407378603 - 404
2021-3-22 18:27:21 :GET /getImg?imagePath=1616409147272 - 404
2021-3-22 18:27:21 :GET /getImg?imagePath=1616406226097 - 404
2021-3-22 18:27:21 :GET /getImg?imagePath=1616406257104 - 404
2021-3-22 18:27:21 :OPTIONS /upFile - 0ms
2021-3-22 18:27:21 :POST /upFile - 4ms
2021-3-22 18:27:21 :GET /getImg?imagePath=1616409247287 - 404
2021-3-22 18:27:21 :OPTIONS /user/?add-sort - 0ms
2021-3-22 18:27:21 :POST /user/?add-sort - 8ms
2021-3-22 18:27:21 :OPTIONS /upFile - 0ms
2021-3-22 18:27:21 :POST /upFile - 3ms
2021-3-22 18:27:21 :GET /getImg?imagePath=1616409258754 - 404
2021-3-22 18:27:21 :OPTIONS /user/?add-sort - 0ms
2021-3-22 18:27:21 :POST /user/?add-sort - 8ms
2021-3-22 18:27:21 :OPTIONS /upFile - 0ms
2021-3-22 18:27:21 :POST /upFile - 4ms
2021-3-22 18:27:21 :GET /getImg?imagePath=1616409270435 - 404
2021-3-22 18:27:21 :OPTIONS /user/?add-sort - 0ms
2021-3-22 18:27:21 :POST /user/?add-sort - 7ms
2021-3-22 18:27:21 :OPTIONS /user/?get-sort - 0ms
2021-3-22 18:27:21 :OPTIONS /user/?get-goods - 0ms
2021-3-22 18:27:21 :OPTIONS /user/?get-image - 0ms
2021-3-22 18:27:21 :POST /user/?get-sort - 5ms
2021-3-22 18:27:21 :POST /user/?get-goods - 4ms
2021-3-22 18:27:21 :POST /user/?get-image - 3ms
2021-3-22 18:27:21 :GET /getImg?imagePath=1616406226097 - 404
2021-3-22 18:27:21 :GET /getImg?imagePath=1616406267254 - 404
2021-3-22 16:46:50 :GET /getImg?imagePath=1616409147272 - 404
2021-3-22 16:46:50 :GET /getImg?imagePath=1616409247287 - 404
2021-3-22 18:27:21 :GET /getImg?imagePath=1616407378603 - 404
2021-3-22 18:27:21 :GET /getImg?imagePath=1616406257104 - 404
2021-3-22 18:27:21 :GET /getImg?imagePath=1616409270435 - 404
2021-3-22 18:27:21 :GET /getImg?imagePath=1616409258754 - 404
2021-3-22 16:46:50 :OPTIONS /user/?del-sort - 1ms
2021-3-22 16:46:50 :POST /user/?del-sort - 94ms
2021-3-22 16:46:50 :OPTIONS /user/?del-sort - 0ms
2021-3-22 16:46:50 :POST /user/?del-sort - 4ms
2021-3-22 16:46:50 :OPTIONS /user/?get-sort - 0ms
2021-3-22 16:46:50 :OPTIONS /user/?get-goods - 0ms
2021-3-22 16:46:50 :OPTIONS /user/?get-image - 0ms
2021-3-22 16:46:50 :POST /user/?get-sort - 7ms
2021-3-22 16:46:50 :POST /user/?get-image - 5ms
2021-3-22 16:46:50 :POST /user/?get-goods - 4ms
2021-3-22 18:27:21 :GET /getImg?imagePath=1616406267254 - 404
2021-3-22 18:27:21 :GET /getImg?imagePath=1616406226097 - 404
2021-3-22 18:27:21 :GET /getImg?imagePath=1616406257104 - 404
2021-3-22 16:46:50 :GET /getImg?imagePath=1616407378603 - 404
2021-3-22 16:46:50 :GET /getImg?imagePath=1616409147272 - 404
2021-3-22 16:46:50 :GET /getImg?imagePath=1616409270435 - 404
2021-3-22 18:27:21 :OPTIONS /upFile - 0ms
2021-3-22 18:27:21 :POST /upFile - 3ms
2021-3-22 18:27:21 :GET /getImg?imagePath=1616409343464 - 404
2021-3-22 18:27:21 :OPTIONS /user/?add-sort - 0ms
2021-3-22 18:27:21 :POST /user/?add-sort - 9ms
2021-3-22 18:27:21 :OPTIONS /user/?get-sort - 0ms
2021-3-22 18:27:21 :OPTIONS /user/?get-goods - 0ms
2021-3-22 18:27:21 :OPTIONS /user/?get-image - 0ms
2021-3-22 18:27:21 :POST /user/?get-sort - 6ms
2021-3-22 18:27:21 :POST /user/?get-goods - 3ms
2021-3-22 18:27:21 :POST /user/?get-image - 3ms
2021-3-22 16:46:50 :GET /getImg?imagePath=1616409270435 - 404
2021-3-22 16:46:50 :GET /getImg?imagePath=1616409343464 - 404
2021-3-22 18:27:21 :GET /getImg?imagePath=1616407378603 - 404
2021-3-22 18:27:21 :GET /getImg?imagePath=1616406226097 - 404
2021-3-22 18:27:21 :GET /getImg?imagePath=1616406257104 - 404
2021-3-22 18:27:21 :GET /getImg?imagePath=1616409147272 - 404
2021-3-22 18:27:21 :GET /getImg?imagePath=1616406267254 - 404
2021-3-22 18:27:21 :OPTIONS /user/?del-sort - 0ms
2021-3-22 18:27:21 :POST /user/?del-sort - 4ms
2021-3-22 18:27:21 :OPTIONS /upFile - 0ms
2021-3-22 18:27:21 :POST /upFile - 4ms
2021-3-22 18:27:21 :GET /getImg?imagePath=1616409389730 - 404
2021-3-22 18:27:21 :OPTIONS /user/?add-sort - 0ms
2021-3-22 18:27:21 :POST /user/?add-sort - 7ms
2021-3-22 18:27:21 :OPTIONS /user/?get-sort - 0ms
2021-3-22 18:27:21 :OPTIONS /user/?get-goods - 0ms
2021-3-22 18:27:21 :OPTIONS /user/?get-image - 0ms
2021-3-22 18:27:21 :POST /user/?get-sort - 4ms
2021-3-22 18:27:21 :POST /user/?get-goods - 4ms
2021-3-22 18:27:21 :POST /user/?get-image - 3ms
2021-3-22 18:27:21 :GET /getImg?imagePath=1616407378603 - 404
2021-3-22 16:46:50 :GET /getImg?imagePath=1616409270435 - 404
2021-3-22 18:27:21 :GET /getImg?imagePath=1616409147272 - 404
2021-3-22 18:27:21 :GET /getImg?imagePath=1616406226097 - 404
2021-3-22 18:27:21 :GET /getImg?imagePath=1616406257104 - 404
2021-3-22 16:46:50 :GET /getImg?imagePath=1616409389730 - 404
2021-3-22 16:46:50 :GET /getImg?imagePath=1616406267254 - 404
2021-3-22 18:27:21 :POST /user/?get-sort - 3ms
2021-3-22 18:27:21 :POST /user/?get-goods - 3ms
2021-3-22 18:27:21 :POST /user/?get-image - 3ms
2021-3-22 18:27:21 :GET /getImg?imagePath=1616409147272 - 404
2021-3-22 18:27:21 :GET /getImg?imagePath=1616406226097 - 404
2021-3-22 16:46:50 :GET /getImg?imagePath=1616407378603 - 404
2021-3-22 16:46:50 :GET /getImg?imagePath=1616409389730 - 404
2021-3-22 18:27:21 :GET /getImg?imagePath=1616406257104 - 404
2021-3-22 18:27:21 :GET /getImg?imagePath=1616409270435 - 404
2021-3-22 18:27:21 :GET /getImg?imagePath=1616406267254 - 404
2021-3-22 18:27:21 :OPTIONS /user/?del-sort - 0ms
2021-3-22 18:27:21 :POST /user/?del-sort - 8ms
2021-3-22 18:27:21 :OPTIONS /upFile - 0ms
2021-3-22 18:27:21 :POST /upFile - 4ms
2021-3-22 18:27:21 :GET /getImg?imagePath=1616409431216 - 404
2021-3-22 18:27:21 :OPTIONS /user/?add-sort - 0ms
2021-3-22 18:27:21 :POST /user/?add-sort - 3ms
2021-3-22 18:27:21 :OPTIONS /user/?get-sort - 0ms
2021-3-22 18:27:21 :OPTIONS /user/?get-goods - 0ms
2021-3-22 18:27:21 :OPTIONS /user/?get-image - 0ms
2021-3-22 18:27:21 :POST /user/?get-sort - 5ms
2021-3-22 18:27:21 :POST /user/?get-goods - 4ms
2021-3-22 18:27:21 :POST /user/?get-image - 4ms
2021-3-22 18:27:21 :GET /getImg?imagePath=1616407378603 - 404
2021-3-22 18:27:21 :GET /getImg?imagePath=1616409270435 - 404
2021-3-22 18:27:21 :GET /getImg?imagePath=1616409147272 - 404
2021-3-22 18:27:21 :GET /getImg?imagePath=1616406257104 - 404
2021-3-22 18:27:21 :GET /getImg?imagePath=1616409431216 - 404
2021-3-22 18:27:21 :GET /getImg?imagePath=1616406226097 - 404
2021-3-22 18:27:21 :GET /getImg?imagePath=1616406267254 - 404
2021-3-22 18:27:21 :POST /user/?get-sort - 3ms
2021-3-22 18:27:21 :POST /user/?get-goods - 3ms
2021-3-22 18:27:21 :POST /user/?get-image - 2ms
2021-3-22 18:27:21 :GET /getImg?imagePath=1616409270435 - 404
2021-3-22 18:27:21 :GET /getImg?imagePath=1616406226097 - 404
2021-3-22 18:27:21 :GET /getImg?imagePath=1616406267254 - 404
2021-3-22 18:27:21 :GET /getImg?imagePath=1616407378603 - 404
2021-3-22 18:27:21 :GET /getImg?imagePath=1616409431216 - 404
2021-3-22 18:27:21 :GET /getImg?imagePath=1616409147272 - 404
2021-3-22 18:27:21 :GET /getImg?imagePath=1616406257104 - 404
2021-3-22 18:27:21 :OPTIONS /user/?add-sort - 0ms
2021-3-22 18:27:21 :POST /user/?add-sort - 8ms
2021-3-22 18:27:21 :OPTIONS /upFile - 0ms
2021-3-22 18:27:21 :POST /upFile - 3ms
2021-3-22 18:27:21 :GET /getImg?imagePath=1616409494290 - 404
2021-3-22 18:27:21 :OPTIONS /user/?up-sort - 1ms
2021-3-22 18:27:21 :POST /user/?up-sort - 4ms
2021-3-22 18:27:21 :OPTIONS /user/?get-sort - 0ms
2021-3-22 18:27:21 :OPTIONS /user/?get-goods - 0ms
2021-3-22 18:27:21 :OPTIONS /user/?get-image - 0ms
2021-3-22 18:27:21 :POST /user/?get-sort - 3ms
2021-3-22 18:27:21 :POST /user/?get-goods - 3ms
2021-3-22 18:27:21 :POST /user/?get-image - 2ms
2021-3-22 18:27:21 :GET /getImg?imagePath=1616407378603 - 404
2021-3-22 16:46:50 :GET /getImg?imagePath=1616409494290 - 404
2021-3-22 18:27:21 :GET /getImg?imagePath=1616409270435 - 404
2021-3-22 18:27:21 :GET /getImg?imagePath=1616409431216 - 404
2021-3-22 18:27:21 :GET /getImg?imagePath=1616406267254 - 404
2021-3-22 18:27:21 :GET /getImg?imagePath=1616409147272 - 404
2021-3-22 18:27:21 :GET /getImg?imagePath=1616406226097 - 404
2021-3-22 18:27:21 :GET /getImg?imagePath=1616406257104 - 404
2021-3-22 18:27:21 :OPTIONS /user/?get-sort - 0ms
2021-3-22 18:27:21 :OPTIONS /user/?get-goods - 0ms
2021-3-22 18:27:21 :POST /user/?get-sort - 2ms
2021-3-22 18:27:21 :POST /user/?get-goods - 2ms
2021-3-22 18:27:21 :POST /user/?get-goods - 4ms
2021-3-22 18:27:21 :POST /user/?get-goods - 3ms
2021-3-22 18:27:21 :POST /user/?get-goods - 2ms
2021-3-22 18:27:21 :POST /user/?get-goods - 2ms
2021-3-22 18:27:21 :POST /user/?get-goods - 2ms
2021-3-22 18:27:21 :POST /user/?get-goods - 2ms
2021-3-22 18:27:21 :POST /user/?get-goods - 2ms
2021-3-22 18:27:21 :OPTIONS /user/?get-news - 0ms
2021-3-22 18:38:59 :OPTIONS /user/?get-image - 1ms
2021-3-22 18:38:59 :OPTIONS /user/?get-goods - 0ms
2021-3-22 18:38:59 :OPTIONS /user/?get-sort - 1ms
2021-3-22 18:38:59 :POST /user/?get-sort - 94ms
2021-3-22 18:38:59 :POST /user/?get-image - 96ms
2021-3-22 18:38:59 :POST /user/?get-goods - 8ms
2021-3-22 18:38:59 :GET /getImg?imagePath=1616406629288 - 404
2021-3-22 18:38:59 :OPTIONS /user/?get-user - 0ms
2021-3-22 18:38:59 :POST /user/?get-user - 2ms
2021-3-22 18:38:59 :OPTIONS /user/?get-chat - 0ms
2021-3-22 18:38:59 :POST /user/?get-user - 3ms
2021-3-22 18:38:59 :POST /user/?get-chat - 2ms
2021-3-22 18:38:59 :OPTIONS /user/?get-news - 0ms
2021-3-22 18:39:33 :OPTIONS /user/?get-shopCar - 1ms
2021-3-22 18:39:33 :POST /user/?get-shopCar - 85ms
2021-3-22 18:39:33 :OPTIONS /user/?get-pay - 0ms
2021-3-22 18:39:33 :POST /user/?get-pay - 2ms
2021-3-22 18:39:33 :OPTIONS /user/?get-address - 0ms
2021-3-22 18:39:33 :POST /user/?get-address - 2ms
2021-3-22 18:39:33 :POST /user/?get-pay - 2ms
2021-3-22 18:39:33 :OPTIONS /user/?get-goods - 0ms
2021-3-22 18:39:33 :OPTIONS /user/?get-sort - 1ms
2021-3-22 18:39:33 :POST /user/?get-goods - 3ms
2021-3-22 18:39:33 :POST /user/?get-sort - 3ms
2021-3-22 18:39:33 :POST /user/?get-goods - 3ms
2021-3-22 18:39:33 :POST /user/?get-sort - 2ms
2021-3-22 18:39:33 :OPTIONS /user/?get-sort - 0ms
2021-3-22 18:39:33 :OPTIONS /user/?get-goods - 0ms
2021-3-22 18:39:33 :POST /user/?get-sort - 2ms
2021-3-22 18:39:33 :POST /user/?get-goods - 3ms
2021-3-22 18:39:33 :POST /user/?get-goods - 2ms
2021-3-22 18:39:33 :OPTIONS /user/?get-news - 0ms
2021-3-22 18:39:44 :OPTIONS /user/?get-image - 2ms
2021-3-22 18:39:44 :POST /user/?get-sort - 96ms
2021-3-22 18:39:44 :POST /user/?get-goods - 9ms
2021-3-22 18:39:44 :POST /user/?get-image - 93ms
2021-3-22 18:39:44 :GET /getImg?imagePath=1616409431216 - 404
2021-3-22 18:39:44 :GET /getImg?imagePath=1616409494290 - 404
2021-3-22 18:39:44 :GET /getImg?imagePath=1616406257104 - 404
2021-3-22 18:39:44 :GET /getImg?imagePath=1616406226097 - 404
2021-3-22 18:39:44 :GET /getImg?imagePath=1616407378603 - 404
2021-3-22 18:39:44 :GET /getImg?imagePath=1616409147272 - 404
2021-3-22 18:39:44 :GET /getImg?imagePath=1616409270435 - 404
2021-3-22 18:39:44 :GET /getImg?imagePath=1616406267254 - 404
2021-3-22 18:39:44 :OPTIONS /user/?get-sort - 0ms
2021-3-22 18:39:44 :OPTIONS /user/?get-goods - 0ms
2021-3-22 18:39:44 :POST /user/?get-sort - 2ms
2021-3-22 18:39:44 :POST /user/?get-goods - 3ms
2021-3-22 18:39:44 :POST /user/?get-goods - 2ms
2021-3-22 18:39:44 :POST /user/?get-goods - 3ms
2021-3-22 18:39:44 :POST /user/?get-goods - 4ms
2021-3-22 18:39:44 :POST /user/?get-goods - 3ms
2021-3-22 18:39:44 :OPTIONS /user/?get-image - 1ms
2021-3-22 18:39:44 :POST /user/?get-sort - 3ms
2021-3-22 18:39:44 :POST /user/?get-goods - 3ms
2021-3-22 18:39:44 :POST /user/?get-image - 2ms
2021-3-22 18:39:44 :POST /user/?get-sort - 2ms
2021-3-22 18:39:44 :POST /user/?get-goods - 3ms
2021-3-22 18:39:44 :POST /user/?get-goods - 2ms
2021-3-22 18:39:44 :OPTIONS /user/?get-goods - 0ms
2021-3-22 18:39:44 :POST /user/?get-goods - 2ms
2021-3-22 18:39:44 :POST /user/?get-goods - 3ms
2021-3-22 18:39:44 :POST /user/?get-goods - 2ms
2021-3-22 18:39:44 :OPTIONS /user/?get-news - 0ms
2021-3-22 18:40:22 :OPTIONS /user/?get-image - 1ms
2021-3-22 18:40:22 :OPTIONS /user/?get-sort - 1ms
2021-3-22 18:40:22 :POST /user/?get-image - 90ms
2021-3-22 18:40:22 :POST /user/?get-sort - 91ms
2021-3-22 18:40:22 :POST /user/?get-goods - 8ms
2021-3-22 18:40:22 :OPTIONS /user/?get-image - 1ms
2021-3-22 18:40:22 :OPTIONS /user/?get-sort - 0ms
2021-3-22 18:40:22 :OPTIONS /user/?get-goods - 0ms
2021-3-22 18:40:22 :POST /user/?get-image - 2ms
2021-3-22 18:40:22 :POST /user/?get-sort - 3ms
2021-3-22 18:40:22 :POST /user/?get-goods - 3ms
2021-3-22 18:40:22 :POST /user/?get-sort - 2ms
2021-3-22 18:40:22 :POST /user/?get-goods - 2ms
2021-3-22 18:40:22 :POST /user/?get-goods - 2ms
2021-3-22 18:40:22 :OPTIONS /user/?get-goods - 0ms
2021-3-22 18:40:22 :OPTIONS /user/?get-sort - 0ms
2021-3-22 18:40:22 :POST /user/?get-goods - 4ms
2021-3-22 18:40:22 :POST /user/?get-sort - 5ms
2021-3-22 18:40:22 :OPTIONS /user/?get-goods - 0ms
2021-3-22 18:40:22 :OPTIONS /user/?get-sort - 0ms
2021-3-22 18:40:22 :POST /user/?get-goods - 3ms
2021-3-22 18:40:22 :POST /user/?get-sort - 3ms
2021-3-22 18:40:22 :POST /user/?get-sort - 2ms
2021-3-22 18:40:22 :OPTIONS /upFile - 0ms
2021-3-22 18:40:22 :POST /upFile - 6ms
2021-3-22 18:40:22 :OPTIONS /user/?add-goods - 0ms
2021-3-22 18:40:22 :POST /user/?add-goods - 9ms
2021-3-22 18:40:22 :OPTIONS /user/?add-goodList - 0ms
2021-3-22 18:40:22 :POST /user/?add-goodList - 7ms
2021-3-22 18:40:22 :GET /getImg?imagePath=1616406629288 - 404
2021-3-22 18:40:22 :OPTIONS /user/?get-goods - 0ms
2021-3-22 18:40:22 :OPTIONS /user/?get-sort - 0ms
2021-3-22 18:40:22 :POST /user/?get-goods - 2ms
2021-3-22 18:40:22 :POST /user/?get-sort - 2ms
2021-3-22 18:40:22 :OPTIONS /user/?get-goodList - 0ms
2021-3-22 18:40:22 :POST /user/?get-goodList - 2ms
2021-3-22 18:40:22 :OPTIONS /user/?get-image - 0ms
2021-3-22 18:40:22 :POST /user/?get-goods - 3ms
2021-3-22 18:40:22 :POST /user/?get-sort - 4ms
2021-3-22 18:40:22 :POST /user/?get-image - 2ms
2021-3-22 18:40:22 :GET /getImg?imagePath=1616409270435 - 404
2021-3-22 18:40:22 :GET /getImg?imagePath=1616409431216 - 404
2021-3-22 18:40:22 :GET /getImg?imagePath=1616406257104 - 404
2021-3-22 18:40:22 :GET /getImg?imagePath=1616409494290 - 404
2021-3-22 18:40:22 :GET /getImg?imagePath=1616407378603 - 404
2021-3-22 18:40:22 :GET /getImg?imagePath=1616406267254 - 404
2021-3-22 18:40:22 :GET /getImg?imagePath=1616409147272 - 404
2021-3-22 18:40:22 :GET /getImg?imagePath=1616406226097 - 404
2021-3-22 18:40:22 :POST /user/?get-goodList - 126ms
2021-3-22 18:40:22 :GET /getImg?imagePath=1616409774057 - 404
2021-3-22 18:40:22 :OPTIONS /user/?get-address - 0ms
2021-3-22 18:40:22 :OPTIONS /user/?get-pay - 0ms
2021-3-22 18:40:22 :POST /user/?get-goodList - 4ms
2021-3-22 18:40:22 :POST /user/?get-address - 3ms
2021-3-22 18:40:22 :POST /user/?get-pay - 8ms
2021-3-22 18:40:22 :OPTIONS /user/?get-image - 0ms
2021-3-22 18:40:22 :POST /user/?get-sort - 2ms
2021-3-22 18:40:22 :GET /getImg?imagePath=1616409147272 - 404
2021-3-22 18:40:22 :GET /getImg?imagePath=1616409494290 - 404
2021-3-22 18:40:22 :GET /getImg?imagePath=1616409431216 - 404
2021-3-22 18:40:22 :GET /getImg?imagePath=1616409270435 - 404
2021-3-22 18:40:22 :OPTIONS /user/?get-sort - 0ms
2021-3-22 18:40:22 :OPTIONS /user/?get-goods - 0ms
2021-3-22 18:40:22 :GET /getImg?imagePath=1616407378603 - 404
2021-3-22 18:40:22 :POST /user/?get-image - 119ms
2021-3-22 18:40:22 :POST /user/?get-goods - 18ms
2021-3-22 18:40:22 :OPTIONS /user/?get-goodList - 0ms
2021-3-22 18:40:22 :POST /user/?get-goodList - 5ms
2021-3-22 18:40:22 :GET /getImg?imagePath=1616406226097 - 404
2021-3-22 18:40:22 :GET /getImg?imagePath=1616406257104 - 404
2021-3-22 18:40:22 :GET /getImg?imagePath=1616406267254 - 404
2021-3-22 18:40:22 :OPTIONS /user/?get-pay - 0ms
2021-3-22 18:40:22 :OPTIONS /user/?get-address - 0ms
2021-3-22 18:40:22 :POST /user/?get-pay - 1ms
2021-3-22 18:40:22 :POST /user/?get-goodList - 3ms
2021-3-22 18:40:22 :POST /user/?get-address - 3ms
2021-3-22 18:40:22 :POST /user/?get-image - 2ms
2021-3-22 18:40:22 :POST /user/?get-sort - 3ms
2021-3-22 18:40:22 :POST /user/?get-goods - 3ms
2021-3-22 18:40:22 :POST /user/?get-goodList - 2ms
2021-3-22 18:40:22 :OPTIONS /user/?get-goodList - 0ms
2021-3-22 18:40:22 :POST /user/?get-pay - 1ms
2021-3-22 18:40:22 :POST /user/?get-address - 3ms
2021-3-22 18:40:22 :POST /user/?get-goodList - 2ms
2021-3-22 18:40:22 :OPTIONS /user/?get-sort - 0ms
2021-3-22 18:40:22 :OPTIONS /user/?get-goods - 0ms
2021-3-22 18:40:22 :OPTIONS /user/?get-image - 0ms
2021-3-22 18:40:22 :POST /user/?get-image - 1ms
2021-3-22 18:40:22 :POST /user/?get-sort - 2ms
2021-3-22 18:40:22 :POST /user/?get-goods - 3ms
2021-3-22 18:40:22 :POST /user/?get-goodList - 14ms
2021-3-22 18:40:22 :OPTIONS /user/?get-pay - 0ms
2021-3-22 18:40:22 :OPTIONS /user/?get-address - 0ms
2021-3-22 18:40:22 :OPTIONS /user/?get-goodList - 0ms
2021-3-22 18:40:22 :POST /user/?get-pay - 2ms
2021-3-22 18:40:22 :POST /user/?get-address - 2ms
2021-3-22 18:40:22 :POST /user/?get-goodList - 2ms
2021-3-22 18:40:22 :OPTIONS /user/?get-image - 0ms
2021-3-22 18:40:22 :OPTIONS /user/?get-sort - 0ms
2021-3-22 18:40:22 :OPTIONS /user/?get-goods - 1ms
2021-3-22 18:40:22 :POST /user/?get-image - 2ms
2021-3-22 18:40:22 :POST /user/?get-sort - 4ms
2021-3-22 18:40:22 :POST /user/?get-goods - 3ms
2021-3-22 18:40:22 :OPTIONS /user/?get-goodList - 1ms
2021-3-22 18:40:22 :POST /user/?get-goodList - 20ms
2021-3-22 18:40:22 :OPTIONS /user/?get-pay - 0ms
2021-3-22 18:40:22 :OPTIONS /user/?get-address - 1ms
2021-3-22 18:40:22 :POST /user/?get-pay - 2ms
2021-3-22 18:40:22 :POST /user/?get-goodList - 2ms
2021-3-22 18:40:22 :POST /user/?get-address - 2ms
2021-3-22 18:40:22 :OPTIONS /user/?up-goods - 0ms
2021-3-22 18:40:22 :OPTIONS /user/?add-pay - 0ms
2021-3-22 18:40:22 :POST /user/?up-goods - 10ms
2021-3-22 18:40:22 :POST /user/?add-pay - 8ms
2021-3-22 18:40:22 :GET /getImg?imagePath=1616406629288 - 404
2021-3-22 18:40:22 :OPTIONS /user/?get-pay - 0ms
2021-3-22 18:40:22 :POST /user/?get-pay - 2ms
2021-3-22 18:40:22 :GET /getImg?imagePath=1616406629288 - 404
2021-3-22 18:40:22 :OPTIONS /user/?get-pay - 0ms
2021-3-22 18:40:22 :POST /user/?get-pay - 2ms
2021-3-22 18:40:22 :GET /getImg?imagePath=1616409774057 - 404
2021-3-22 18:40:22 :OPTIONS /user/?get-sort - 0ms
2021-3-22 18:40:22 :OPTIONS /user/?get-goods - 1ms
2021-3-22 18:40:22 :OPTIONS /user/?get-image - 0ms
2021-3-22 18:40:22 :POST /user/?get-sort - 3ms
2021-3-22 18:40:22 :POST /user/?get-goods - 2ms
2021-3-22 18:40:22 :POST /user/?get-image - 2ms
2021-3-22 18:40:22 :GET /getImg?imagePath=1616407378603 - 404
2021-3-22 18:40:22 :OPTIONS /user/?get-goodList - 0ms
2021-3-22 18:40:22 :GET /getImg?imagePath=1616409147272 - 404
2021-3-22 18:40:22 :GET /getImg?imagePath=1616406257104 - 404
2021-3-22 18:40:22 :POST /user/?get-goodList - 22ms
2021-3-22 18:40:22 :GET /getImg?imagePath=1616409270435 - 404
2021-3-22 18:40:22 :GET /getImg?imagePath=1616409431216 - 404
2021-3-22 18:40:22 :GET /getImg?imagePath=1616409494290 - 404
2021-3-22 18:40:22 :GET /getImg?imagePath=1616406267254 - 404
2021-3-22 18:40:22 :GET /getImg?imagePath=1616406226097 - 404
2021-3-22 18:40:22 :OPTIONS /user/?get-address - 0ms
2021-3-22 18:40:22 :POST /user/?get-pay - 3ms
2021-3-22 18:40:22 :POST /user/?get-goodList - 3ms
2021-3-22 18:40:22 :POST /user/?get-address - 4ms
2021-3-22 18:40:22 :OPTIONS /user/?get-goods - 0ms
2021-3-22 18:40:22 :OPTIONS /user/?get-sort - 0ms
2021-3-22 18:40:22 :OPTIONS /user/?get-image - 1ms
2021-3-22 18:40:22 :POST /user/?get-goods - 1ms
2021-3-22 18:40:22 :POST /user/?get-sort - 2ms
2021-3-22 18:40:22 :POST /user/?get-image - 2ms
2021-3-22 18:40:22 :OPTIONS /user/?get-goodList - 0ms
2021-3-22 18:40:22 :POST /user/?get-goodList - 2ms
2021-3-22 18:40:22 :GET /getImg?imagePath=1616406629288 - 404
2021-3-22 18:40:22 :POST /user/?get-sort - 2ms
2021-3-22 18:40:22 :POST /user/?get-goods - 3ms
2021-3-22 18:40:22 :POST /user/?get-goodList - 2ms
2021-3-22 18:40:22 :OPTIONS /user/?get-sort - 0ms
2021-3-22 18:40:22 :OPTIONS /user/?get-goodList - 0ms
2021-3-22 18:40:22 :POST /user/?get-goodList - 2ms
2021-3-22 18:40:22 :POST /user/?get-sort - 3ms
2021-3-22 18:40:22 :OPTIONS /user/?get-shopCar - 0ms
2021-3-22 18:40:22 :POST /user/?get-shopCar - 2ms
2021-3-22 18:40:22 :OPTIONS /user/?get-news - 0ms
2021-3-22 18:44:20 :OPTIONS /user/?get-pay - 1ms
2021-3-22 18:44:20 :POST /user/?get-pay - 85ms
2021-3-22 18:44:20 :OPTIONS /user/?get-address - 0ms
2021-3-22 18:44:20 :POST /user/?get-address - 2ms
2021-3-22 18:44:20 :POST /user/?get-pay - 2ms
2021-3-22 18:44:20 :OPTIONS /user/?get-pay - 0ms
2021-3-22 18:44:20 :POST /user/?get-pay - 2ms
2021-3-22 18:44:20 :POST /user/?get-pay - 3ms
2021-3-22 18:44:20 :POST /user/?get-pay - 3ms
2021-3-22 18:44:20 :POST /user/?get-pay - 2ms
2021-3-22 18:44:20 :OPTIONS /user/?get-sort - 1ms
2021-3-22 18:44:20 :OPTIONS /user/?get-goods - 0ms
2021-3-22 18:44:20 :POST /user/?get-goods - 3ms
2021-3-22 18:44:20 :POST /user/?get-sort - 2ms
2021-3-22 18:44:20 :OPTIONS /user/?get-goodList - 0ms
2021-3-22 18:44:20 :POST /user/?get-goodList - 2ms
2021-3-22 18:44:20 :POST /user/?get-goods - 3ms
2021-3-22 18:44:20 :POST /user/?get-sort - 3ms
2021-3-22 18:44:20 :POST /user/?get-goodList - 2ms
2021-3-22 18:44:20 :OPTIONS /user/?get-goods - 0ms
2021-3-22 18:44:20 :OPTIONS /user/?get-sort - 0ms
2021-3-22 18:44:20 :POST /user/?get-goods - 3ms
2021-3-22 18:44:20 :POST /user/?get-sort - 2ms
2021-3-22 18:44:20 :OPTIONS /user/?get-goodList - 0ms
2021-3-22 18:44:20 :POST /user/?get-goodList - 2ms
2021-3-22 18:44:20 :OPTIONS /user/?get-pay - 0ms
2021-3-22 18:44:20 :POST /user/?get-pay - 3ms
2021-3-22 18:44:20 :OPTIONS /user/?get-address - 0ms
2021-3-22 18:44:20 :POST /user/?get-address - 2ms
2021-3-22 18:44:20 :POST /user/?get-sort - 2ms
2021-3-22 18:44:20 :OPTIONS /user/?get-goods - 0ms
2021-3-22 18:44:20 :OPTIONS /user/?get-sort - 0ms
2021-3-22 18:44:20 :POST /user/?get-sort - 2ms
2021-3-22 18:44:20 :POST /user/?get-goods - 3ms
2021-3-22 18:44:20 :OPTIONS /user/?get-goodList - 0ms
2021-3-22 18:44:20 :POST /user/?get-goodList - 2ms
2021-3-22 18:44:20 :POST /user/?get-sort - 2ms
2021-3-22 18:44:20 :POST /user/?get-goodList - 2ms
2021-3-22 18:44:20 :GET /getImg?imagePath=1616409774057 - 404
2021-3-22 18:44:20 :OPTIONS /user/?up-goods - 0ms
2021-3-22 18:44:20 :OPTIONS /user/?del-goodList - 0ms
2021-3-22 18:45:2 :OPTIONS /user/?get-goods - 2ms
2021-3-22 18:45:2 :OPTIONS /user/?get-sort - 0ms
2021-3-22 18:45:2 :POST /user/?get-goods - 88ms
2021-3-22 18:45:2 :POST /user/?get-sort - 7ms
2021-3-22 18:45:2 :OPTIONS /user/?get-goodList - 0ms
2021-3-22 18:45:2 :POST /user/?get-goodList - 3ms
2021-3-22 18:45:2 :OPTIONS /user/?get-pay - 0ms
2021-3-22 18:45:2 :POST /user/?get-pay - 3ms
2021-3-22 18:45:2 :POST /user/?get-sort - 2ms
2021-3-22 18:45:2 :POST /user/?get-goods - 3ms
2021-3-22 18:45:2 :POST /user/?get-goodList - 2ms
2021-3-22 18:45:2 :POST /user/?get-pay - 3ms
2021-3-22 18:45:2 :OPTIONS /user/?up-pay - 1ms
2021-3-22 18:45:2 :POST /user/?up-pay - 8ms
2021-3-22 18:45:2 :OPTIONS /user/?get-pay - 0ms
2021-3-22 18:45:2 :POST /user/?get-pay - 2ms
2021-3-22 18:45:2 :OPTIONS /user/?get-comment - 1ms
2021-3-22 18:45:2 :POST /user/?get-comment - 2ms
2021-3-22 18:45:2 :POST /user/?get-pay - 2ms
2021-3-22 18:45:2 :OPTIONS /user/?get-comment - 0ms
2021-3-22 18:45:2 :POST /user/?get-comment - 2ms
2021-3-22 18:45:2 :OPTIONS /user/?get-pay - 0ms
2021-3-22 18:45:2 :POST /user/?get-pay - 2ms
2021-3-22 18:45:2 :OPTIONS /user/?get-goods - 0ms
2021-3-22 18:45:2 :OPTIONS /user/?get-sort - 0ms
2021-3-22 18:45:2 :POST /user/?get-goods - 3ms
2021-3-22 18:45:2 :POST /user/?get-sort - 3ms
2021-3-22 18:45:2 :OPTIONS /user/?get-goodList - 0ms
2021-3-22 18:45:2 :POST /user/?get-goodList - 2ms
2021-3-22 18:45:2 :POST /user/?get-sort - 3ms
2021-3-22 18:45:2 :POST /user/?get-goodList - 2ms
2021-3-22 18:45:2 :OPTIONS /user/?del-goodList - 0ms
2021-3-22 18:45:2 :OPTIONS /user/?up-goods - 0ms
2021-3-22 18:45:37 :OPTIONS /user/?get-sort - 1ms
2021-3-22 18:45:37 :POST /user/?get-sort - 85ms
2021-3-22 18:45:37 :OPTIONS /user/?get-user - 0ms
2021-3-22 18:45:37 :POST /user/?get-user - 2ms
2021-3-22 18:45:37 :OPTIONS /user/?get-image - 0ms
2021-3-22 18:45:37 :POST /user/?get-image - 2ms
2021-3-22 18:45:37 :GET /getImg?imagePath=1616406226097 - 404
2021-3-22 18:45:37 :GET /getImg?imagePath=1616406257104 - 404
2021-3-22 18:45:37 :GET /getImg?imagePath=1616406267254 - 404
2021-3-22 18:45:37 :OPTIONS /user/?get-pay - 1ms
2021-3-22 18:45:37 :POST /user/?get-pay - 90ms