2021-3-1 22:18:0 :OPTIONS /user/ - 0ms
2021-3-1 22:19:44 :OPTIONS /user/ - 1ms
2021-3-1 22:19:44 :OPTIONS /user/ - 0ms
2021-3-1 22:21:5 :OPTIONS /user/ - 2ms
2021-3-1 22:21:44 :OPTIONS /user/ - 1ms
2021-3-1 22:22:56 :OPTIONS /api/?get-user - 0ms
2021-3-1 22:22:56 :OPTIONS /user/ - 1ms
2021-3-1 22:24:44 :OPTIONS /user/ - 1ms
2021-3-1 22:24:57 :OPTIONS /user/ - 1ms
2021-3-1 22:25:0 :OPTIONS /user/ - 1ms
2021-3-1 22:25:0 :OPTIONS /user/ - 0ms
2021-3-1 22:25:8 :OPTIONS /user/ - 1ms
2021-3-1 22:25:10 :OPTIONS /upFile - 1ms
2021-3-1 22:25:10 :POST /upFile - 7ms
2021-3-1 22:25:10 :OPTIONS /user/ - 0ms
2021-3-1 22:26:17 :OPTIONS /user/ - 1ms
2021-3-1 22:26:17 :OPTIONS /user/ - 0ms
2021-3-1 22:26:17 :OPTIONS /user/ - 0ms
2021-3-1 22:26:17 :OPTIONS /user/ - 1ms
2021-3-1 22:26:17 :OPTIONS /user/ - 0ms
2021-3-1 22:26:17 :OPTIONS /user/ - 0ms
2021-3-1 22:26:17 :OPTIONS /user/ - 0ms
2021-3-1 22:19:44 :OPTIONS /user/ - 1ms
2021-3-1 22:19:44 :OPTIONS /user/ - 1ms
2021-3-1 22:19:44 :OPTIONS /user/ - 0ms
2021-3-1 22:27:9 :POST /user/ - 91ms
2021-3-1 22:27:9 :POST /user/ - 30ms
2021-3-1 22:27:9 :POST /user/ - 27ms
2021-3-1 22:27:9 :POST /user/ - 28ms
2021-3-1 22:27:9 :POST /user/ - 25ms
2021-3-1 22:27:9 :POST /user/ - 27ms
2021-3-1 22:27:9 :POST /user/ - 26ms
2021-3-1 22:27:9 :OPTIONS /user/ - 0ms
2021-3-1 22:27:9 :POST /user/ - 27ms
2021-3-1 22:27:9 :POST /user/ - 25ms
2021-3-1 22:27:9 :POST /user/ - 27ms
2021-3-1 22:27:9 :OPTIONS /upFile - 1ms
2021-3-1 22:27:9 :POST /upFile - 9ms
2021-3-1 22:27:9 :OPTIONS /user/ - 0ms
2021-3-1 22:27:9 :POST /user/ - 14ms
2021-3-1 22:27:9 :GET /getImg?imagePath=1614608842430 - 404
2021-3-1 22:27:9 :POST /upFile - 10ms
2021-3-1 22:27:9 :POST /user/ - 11ms
2021-3-1 22:27:9 :GET /getImg?imagePath=1614608845892 - 404
2021-3-1 22:27:9 :OPTIONS /upFile - 0ms
2021-3-1 22:27:9 :POST /upFile - 8ms
2021-3-1 22:27:9 :OPTIONS /user/ - 1ms
2021-3-1 22:27:9 :POST /user/ - 7ms
2021-3-1 22:27:9 :GET /getImg?imagePath=1614608849212 - 404
2021-3-1 22:27:9 :POST /upFile - 6ms
2021-3-1 22:27:9 :POST /user/ - 9ms
2021-3-1 22:27:9 :GET /getImg?imagePath=1614608853257 - 404
2021-3-1 22:27:9 :OPTIONS /user/ - 0ms
2021-3-1 22:27:9 :POST /user/ - 6ms
2021-3-1 22:27:9 :POST /user/ - 3ms
2021-3-1 22:27:9 :OPTIONS /upFile - 0ms
2021-3-1 22:27:9 :POST /upFile - 7ms
2021-3-1 22:27:9 :GET /getImg?imagePath=1614608868190 - 404
2021-3-1 22:27:9 :OPTIONS /user/ - 0ms
2021-3-1 22:27:9 :POST /user/ - 6ms
2021-3-1 22:27:9 :POST /upFile - 6ms
2021-3-1 22:27:9 :GET /getImg?imagePath=1614608871762 - 404
2021-3-1 22:27:9 :OPTIONS /user/ - 0ms
2021-3-1 22:27:9 :POST /user/ - 8ms
2021-3-1 22:27:9 :OPTIONS /upFile - 0ms
2021-3-1 22:27:9 :POST /upFile - 5ms
2021-3-1 22:27:9 :GET /getImg?imagePath=1614608880205 - 404
2021-3-1 22:27:9 :OPTIONS /user/ - 0ms
2021-3-1 22:27:9 :POST /user/ - 7ms
2021-3-1 22:27:9 :OPTIONS /upFile - 0ms
2021-3-1 22:27:9 :POST /upFile - 7ms
2021-3-1 22:27:9 :GET /getImg?imagePath=1614608905076 - 404
2021-3-1 22:27:9 :OPTIONS /user/ - 0ms
2021-3-1 22:27:9 :POST /user/ - 9ms
2021-3-1 22:27:9 :POST /user/ - 2ms
2021-3-1 22:27:9 :POST /user/ - 4ms
2021-3-1 22:27:9 :POST /user/ - 3ms
2021-3-1 22:27:9 :POST /user/ - 2ms
2021-3-1 22:27:9 :POST /user/ - 2ms
2021-3-1 22:27:9 :POST /user/ - 2ms
2021-3-1 22:27:9 :OPTIONS /user/ - 0ms
2021-3-1 22:27:9 :POST /user/ - 3ms
2021-3-1 22:27:9 :POST /user/ - 2ms
2021-3-1 22:27:9 :POST /user/ - 3ms
2021-3-1 22:27:9 :POST /user/ - 5ms
2021-3-1 22:27:9 :POST /user/ - 1ms
2021-3-1 22:27:9 :OPTIONS /user/ - 0ms
2021-3-1 22:27:9 :OPTIONS /user/ - 0ms
2021-3-1 22:27:9 :POST /user/ - 8ms
2021-3-1 22:27:9 :POST /user/ - 7ms
2021-3-1 22:27:9 :OPTIONS /user/ - 3ms
2021-3-1 22:27:9 :GET /getImg?imagePath=1614608868190 - 404
2021-3-1 22:27:9 :GET /getImg?imagePath=1614608871762 - 404
2021-3-1 22:27:9 :GET /getImg?imagePath=1614608880205 - 404
2021-3-1 22:27:9 :GET /getImg?imagePath=1614608905076 - 404
2021-3-1 22:27:9 :POST /user/ - 70ms
2021-3-1 22:27:9 :GET /getImg?imagePath=1614608845892 - 404
2021-3-1 22:27:9 :GET /getImg?imagePath=1614608853257 - 404
2021-3-1 22:27:9 :GET /getImg?imagePath=1614608842430 - 404
2021-3-1 22:27:9 :GET /getImg?imagePath=1614608849212 - 404
2021-3-1 22:27:9 :POST /user/ - 2ms
2021-3-1 22:27:9 :POST /user/ - 2ms
2021-3-1 22:27:9 :POST /user/ - 2ms
2021-3-1 22:27:9 :POST /user/ - 2ms
2021-3-1 22:27:9 :POST /user/ - 2ms
2021-3-1 22:27:9 :OPTIONS /user/ - 0ms
2021-3-1 22:27:9 :POST /user/ - 6ms
2021-3-1 22:27:9 :POST /user/ - 1ms
2021-3-1 22:27:9 :POST /user/ - 3ms
2021-3-1 22:27:9 :OPTIONS /user/ - 1ms
2021-3-1 22:27:9 :POST /user/ - 2ms
2021-3-1 22:27:9 :POST /user/ - 2ms
2021-3-1 22:27:9 :POST /user/ - 2ms
2021-3-1 22:27:9 :OPTIONS /user/ - 1ms
2021-3-1 22:27:9 :POST /user/ - 2ms
2021-3-1 22:27:9 :OPTIONS /upFile - 0ms
2021-3-1 22:27:9 :POST /upFile - 5ms
2021-3-1 22:27:9 :POST /upFile - 5ms
2021-3-1 22:27:9 :OPTIONS /user/ - 0ms
2021-3-1 22:27:9 :POST /user/ - 8ms
2021-3-1 22:27:9 :POST /user/ - 10ms
2021-3-1 22:27:9 :POST /user/ - 16ms
2021-3-1 22:27:9 :POST /user/ - 2ms
2021-3-1 22:27:9 :POST /user/ - 3ms
2021-3-1 22:27:9 :POST /user/ - 1ms
2021-3-1 22:27:9 :POST /user/ - 2ms
2021-3-1 22:27:9 :OPTIONS /user/ - 1ms
2021-3-1 22:27:9 :POST /user/ - 2ms
2021-3-1 22:27:9 :POST /user/ - 2ms
2021-3-1 22:27:9 :POST /user/ - 2ms
2021-3-1 22:27:9 :POST /user/ - 2ms
2021-3-1 22:27:9 :OPTIONS /user/ - 0ms
2021-3-1 22:27:9 :OPTIONS /user/ - 0ms
2021-3-1 22:27:9 :POST /user/ - 2ms
2021-3-1 22:27:9 :POST /user/ - 1ms
2021-3-1 22:27:9 :POST /user/ - 2ms
2021-3-1 22:27:9 :GET /getImg?imagePath=1614608991998 - 404
2021-3-1 22:27:9 :POST /user/ - 2ms
2021-3-1 22:27:9 :POST /user/ - 1ms
2021-3-1 22:27:9 :OPTIONS /user/ - 0ms
2021-3-1 22:27:9 :POST /user/ - 2ms
2021-3-1 22:27:9 :POST /user/ - 2ms
2021-3-1 22:27:9 :POST /user/ - 2ms
2021-3-1 22:27:9 :POST /user/ - 2ms
2021-3-1 22:27:9 :POST /user/ - 1ms
2021-3-1 22:27:9 :OPTIONS /upFile - 0ms
2021-3-1 22:27:9 :POST /upFile - 6ms
2021-3-1 22:27:9 :OPTIONS /user/ - 1ms
2021-3-1 22:27:9 :POST /user/ - 6ms
2021-3-1 22:27:9 :POST /user/ - 8ms
2021-3-1 22:27:9 :POST /user/ - 2ms
2021-3-1 22:27:9 :POST /user/ - 2ms
2021-3-1 22:27:9 :POST /user/ - 2ms
2021-3-1 22:27:9 :POST /user/ - 4ms
2021-3-1 22:27:9 :POST /user/ - 2ms
2021-3-1 22:27:9 :POST /user/ - 1ms
2021-3-1 22:27:9 :OPTIONS /upFile - 0ms
2021-3-1 22:27:9 :POST /upFile - 4ms
2021-3-1 22:27:9 :OPTIONS /user/ - 0ms
2021-3-1 22:27:9 :POST /user/ - 6ms
2021-3-1 22:27:9 :POST /user/ - 7ms
2021-3-1 22:27:9 :POST /user/ - 2ms
2021-3-1 22:27:9 :POST /user/ - 2ms
2021-3-1 22:27:9 :POST /user/ - 3ms
2021-3-1 22:27:9 :POST /user/ - 2ms
2021-3-1 22:27:9 :POST /user/ - 3ms
2021-3-1 22:27:9 :GET /getImg?imagePath=1614609034081 - 404
2021-3-1 22:27:9 :GET /getImg?imagePath=1614609048042 - 404
2021-3-1 22:27:9 :POST /user/ - 1ms
2021-3-1 22:27:9 :POST /user/ - 2ms
2021-3-1 22:27:9 :POST /user/ - 2ms
2021-3-1 22:27:9 :POST /user/ - 2ms
2021-3-1 22:27:9 :OPTIONS /user/ - 0ms
2021-3-1 22:27:9 :OPTIONS /user/ - 0ms
2021-3-1 22:27:9 :OPTIONS /user/ - 0ms
2021-3-1 22:27:9 :POST /user/ - 4ms
2021-3-1 22:27:9 :POST /user/ - 3ms
2021-3-1 22:27:9 :POST /user/ - 3ms
2021-3-1 22:27:9 :GET /getImg?imagePath=1614608845892 - 404
2021-3-1 22:27:9 :GET /getImg?imagePath=1614608853257 - 404
2021-3-1 22:27:9 :POST /user/ - 31ms
2021-3-1 22:27:9 :GET /getImg?imagePath=1614608871762 - 404
2021-3-1 22:27:9 :GET /getImg?imagePath=1614608880205 - 404
2021-3-1 22:27:9 :GET /getImg?imagePath=1614608868190 - 404
2021-3-1 22:27:9 :GET /getImg?imagePath=1614608905076 - 404
2021-3-1 22:27:9 :GET /getImg?imagePath=1614608842430 - 404
2021-3-1 22:27:9 :GET /getImg?imagePath=1614608849212 - 404
2021-3-1 22:27:9 :POST /user/ - 65ms
2021-3-1 22:27:9 :POST /user/ - 77ms
2021-3-1 22:27:9 :OPTIONS /upFile - 0ms
2021-3-1 22:27:9 :POST /upFile - 5ms
2021-3-1 22:27:9 :OPTIONS /user/ - 0ms
2021-3-1 22:27:9 :POST /user/ - 6ms
2021-3-1 22:27:9 :GET /getImg?imagePath=1614609090281 - 404
2021-3-1 22:27:9 :OPTIONS /user/ - 0ms
2021-3-1 22:27:9 :POST /user/ - 1ms
2021-3-1 22:27:9 :POST /user/ - 2ms
2021-3-1 22:27:9 :OPTIONS /user/ - 0ms
2021-3-1 22:27:9 :POST /user/ - 6ms
2021-3-1 22:27:9 :POST /user/ - 2ms
2021-3-1 22:27:9 :OPTIONS /user/ - 0ms
2021-3-1 22:27:9 :POST /user/ - 2ms
2021-3-1 22:27:9 :POST /user/ - 2ms
2021-3-1 22:27:9 :POST /user/ - 3ms
2021-3-1 22:27:9 :POST /user/ - 4ms
2021-3-1 22:27:9 :POST /user/ - 2ms
2021-3-1 22:27:9 :POST /user/ - 1ms
2021-3-1 22:27:9 :POST /user/ - 28ms
2021-3-1 22:27:9 :POST /user/ - 18ms
2021-3-1 22:27:9 :POST /user/ - 2ms
2021-3-1 22:27:9 :POST /user/ - 1ms
2021-3-1 22:27:9 :POST /user/ - 3ms
2021-3-1 22:27:9 :OPTIONS /user/ - 0ms
2021-3-1 22:27:9 :OPTIONS /user/ - 0ms
2021-3-1 22:27:9 :OPTIONS /user/ - 0ms
2021-3-1 22:27:9 :POST /user/ - 2ms
2021-3-1 22:27:9 :POST /user/ - 2ms
2021-3-1 22:27:9 :POST /user/ - 2ms
2021-3-1 22:27:9 :GET /getImg?imagePath=1614608905076 - 404
2021-3-1 22:27:9 :GET /getImg?imagePath=1614608880205 - 404
2021-3-1 22:27:9 :GET /getImg?imagePath=1614608842430 - 404
2021-3-1 22:27:9 :POST /user/ - 75ms
2021-3-1 22:27:9 :GET /getImg?imagePath=1614608868190 - 404
2021-3-1 22:27:9 :GET /getImg?imagePath=1614608871762 - 404
2021-3-1 22:27:9 :GET /getImg?imagePath=1614608853257 - 404
2021-3-1 22:27:9 :GET /getImg?imagePath=1614608845892 - 404
2021-3-1 22:27:9 :GET /getImg?imagePath=1614608849212 - 404
2021-3-1 22:27:9 :POST /user/ - 119ms
2021-3-1 22:27:9 :POST /user/ - 106ms
2021-3-1 22:27:9 :POST /user/ - 2ms
2021-3-1 22:27:9 :POST /user/ - 3ms
2021-3-1 22:27:9 :POST /user/ - 6ms
2021-3-1 22:27:9 :OPTIONS /user/ - 0ms
2021-3-1 22:27:9 :POST /user/ - 6ms
2021-3-1 22:27:9 :POST /user/ - 2ms
2021-3-1 22:27:9 :OPTIONS /user/ - 1ms
2021-3-1 22:27:9 :OPTIONS /user/ - 1ms
2021-3-1 22:27:9 :POST /user/ - 2ms
2021-3-1 22:27:9 :POST /user/ - 1ms
2021-3-1 22:27:9 :POST /user/ - 2ms
2021-3-1 22:27:9 :GET /getImg?imagePath=1614608842430 - 404
2021-3-1 22:27:9 :GET /getImg?imagePath=1614608845892 - 404
2021-3-1 22:27:9 :GET /getImg?imagePath=1614608849212 - 404
2021-3-1 22:27:9 :GET /getImg?imagePath=1614608853257 - 404
2021-3-1 22:27:9 :POST /user/ - 3ms
2021-3-1 22:27:9 :OPTIONS /user/ - 0ms
2021-3-1 22:27:9 :POST /user/ - 1ms
2021-3-1 22:27:9 :POST /user/ - 3ms
2021-3-1 22:27:9 :POST /user/ - 3ms
2021-3-1 22:27:9 :POST /user/ - 2ms
2021-3-1 22:27:9 :POST /user/ - 2ms
2021-3-1 22:27:9 :POST /user/ - 2ms
2021-3-1 22:27:9 :OPTIONS /user/ - 0ms
2021-3-1 22:27:9 :POST /user/ - 2ms
2021-3-1 22:27:9 :POST /user/ - 2ms