
2020-3-23 12:46:56 :OPTIONS /user/ - 4ms
2020-3-23 12:46:56 :OPTIONS /user/ - 0ms
2020-3-23 12:46:56 :OPTIONS /user/ - 5ms
2020-3-23 12:46:56 :POST /user/ - 303ms
2020-3-23 12:46:56 :POST /user/ - 313ms
2020-3-23 12:46:56 :POST /user/ - 30ms
2020-3-23 12:46:56 :POST /user/ - 704ms
2020-3-23 12:46:56 :OPTIONS /user/ - 1ms
2020-3-23 12:46:56 :OPTIONS /user/ - 0ms
2020-3-23 12:46:56 :POST /user/ - 48ms
2020-3-23 12:46:56 :POST /user/ - 48ms
2020-3-23 12:46:56 :OPTIONS /user/ - 2ms
2020-3-23 12:46:56 :POST /user/ - 1124ms
2020-3-23 12:46:56 :POST /user/ - 1034ms
2020-3-23 12:46:56 :POST /user/ - 8ms
2020-3-23 12:46:56 :POST /user/ - 30ms
2020-3-23 12:46:56 :POST /user/ - 7ms
2020-3-23 12:46:56 :POST /user/ - 11ms
2020-3-23 12:46:56 :GET /getImg?imagePath=1583377872263 - 404
2020-3-23 12:46:56 :OPTIONS /user/ - 0ms
2020-3-23 12:46:56 :POST /user/ - 6ms
2020-3-23 12:46:56 :POST /user/ - 7ms
2020-3-23 12:46:56 :POST /user/ - 8ms
2020-3-23 12:46:56 :POST /user/ - 8ms
2020-3-23 12:46:56 :POST /user/ - 6ms
2020-3-23 12:46:56 :POST /user/ - 7ms
2020-3-23 12:46:56 :POST /user/ - 5ms
2020-3-23 12:46:56 :POST /user/ - 7ms
2020-3-23 12:46:56 :POST /user/ - 9ms
2020-3-23 12:46:56 :POST /user/ - 11ms
2020-3-23 12:46:56 :POST /user/ - 6ms
2020-3-23 12:46:56 :POST /user/ - 12ms
2020-3-23 12:46:56 :POST /user/ - 11ms
2020-3-23 12:46:56 :POST /user/ - 127ms
2020-3-23 12:46:56 :POST /user/ - 886ms
2020-3-23 12:46:56 :OPTIONS /user/ - 0ms
2020-3-23 12:46:56 :POST /user/ - 9ms
2020-3-23 12:46:56 :POST /user/ - 7ms
2020-3-23 12:46:56 :POST /user/ - 7ms
2020-3-23 12:46:56 :POST /user/ - 9ms
2020-3-23 12:46:56 :OPTIONS /user/ - 1ms
2020-3-23 12:46:56 :POST /user/ - 14ms
2020-3-23 12:46:56 :OPTIONS /user/ - 1ms
2020-3-23 12:46:56 :POST /user/ - 53ms
2020-3-23 12:46:56 :OPTIONS /user/ - 0ms
2020-3-23 12:46:56 :OPTIONS /user/ - 0ms
2020-3-23 12:46:56 :OPTIONS /user/ - 1ms
2020-3-23 12:46:56 :POST /user/ - 13ms
2020-3-23 12:46:56 :POST /user/ - 16ms
2020-3-23 12:46:56 :POST /user/ - 45ms
2020-3-23 12:46:56 :POST /user/ - 1626ms
2020-3-23 12:46:56 :POST /user/ - 7ms
2020-3-23 12:46:56 :POST /user/ - 6ms
2020-3-23 12:46:56 :POST /user/ - 7ms
2020-3-23 12:46:56 :POST /user/ - 9ms
2020-3-23 12:46:56 :GET /getImg?imagePath=1583377872263 - 404
2020-3-23 12:46:56 :OPTIONS /user/ - 1ms
2020-3-23 12:46:56 :POST /user/ - 10ms
2020-3-23 12:46:56 :POST /user/ - 6ms
2020-3-23 12:46:56 :POST /user/ - 9ms
2020-3-23 12:46:56 :POST /user/ - 7ms
2020-3-23 12:46:56 :GET /getImg?imagePath=1583377872263 - 404
2020-3-23 12:46:56 :POST /user/ - 11ms
2020-3-23 12:46:56 :POST /user/ - 17ms
2020-3-23 12:46:56 :POST /user/ - 20ms
2020-3-23 12:46:56 :OPTIONS /user/ - 0ms
2020-3-23 12:46:56 :POST /user/ - 9ms
2020-3-23 12:46:56 :POST /user/ - 12ms
2020-3-23 12:46:56 :POST /user/ - 35ms
2020-3-23 12:46:56 :POST /user/ - 7ms
2020-3-23 12:46:56 :POST /user/ - 20ms
2020-3-23 12:46:56 :POST /user/ - 23ms
2020-3-23 12:46:56 :POST /user/ - 700ms
2020-3-23 12:46:56 :POST /user/ - 305ms
2020-3-23 12:46:56 :OPTIONS /user/ - 0ms
2020-3-23 12:46:56 :POST /user/ - 9ms
2020-3-23 12:46:56 :OPTIONS /user/ - 0ms
2020-3-23 12:46:56 :POST /user/ - 35ms
2020-3-23 12:46:56 :POST /user/ - 9ms
2020-3-23 12:46:56 :POST /user/ - 8ms
2020-3-23 12:46:56 :POST /user/ - 8ms
2020-3-23 12:46:56 :POST /user/ - 7ms
2020-3-23 12:46:56 :POST /user/ - 24ms
2020-3-23 12:46:56 :POST /user/ - 8ms
2020-3-23 12:46:56 :POST /user/ - 9ms
2020-3-23 12:46:56 :POST /user/ - 9ms
2020-3-23 12:46:56 :POST /user/ - 8ms
2020-3-23 12:46:56 :OPTIONS /user/ - 0ms
2020-3-23 12:46:56 :POST /user/ - 31ms
2020-3-23 12:46:56 :POST /user/ - 21ms
2020-3-23 12:46:56 :POST /user/ - 6ms
2020-3-23 12:46:56 :POST /user/ - 18ms
2020-3-23 12:46:56 :POST /user/ - 31ms
2020-3-23 12:46:56 :POST /user/ - 30ms
2020-3-23 12:46:56 :POST /user/ - 32ms
2020-3-23 12:46:56 :POST /user/ - 8ms
2020-3-23 12:46:56 :OPTIONS /user/ - 0ms
2020-3-23 12:46:56 :OPTIONS /user/ - 0ms
2020-3-23 12:46:56 :POST /user/ - 11ms
2020-3-23 12:46:56 :POST /user/ - 12ms
2020-3-23 12:46:56 :POST /user/ - 6ms
2020-3-23 12:46:56 :OPTIONS /upFile - 1ms
2020-3-23 12:46:56 :POST /upFile - 18ms
2020-3-23 12:46:56 :GET /getImg?imagePath=1584938975114 - 404
2020-3-23 12:46:56 :OPTIONS /user/ - 0ms
2020-3-23 12:46:56 :POST /user/ - 64ms
2020-3-23 12:46:56 :OPTIONS /upFile - 0ms
2020-3-23 12:46:56 :POST /upFile - 18ms
2020-3-23 12:46:56 :GET /getImg?imagePath=1584938987883 - 404
2020-3-23 12:46:56 :OPTIONS /user/ - 0ms
2020-3-23 12:46:56 :POST /user/ - 7ms
2020-3-23 12:46:56 :OPTIONS /upFile - 0ms
2020-3-23 12:46:56 :POST /upFile - 49ms
2020-3-23 12:46:56 :GET /getImg?imagePath=1584938998846 - 404
2020-3-23 12:46:56 :OPTIONS /user/ - 0ms
2020-3-23 12:46:56 :POST /user/ - 9ms
2020-3-23 12:46:56 :OPTIONS /user/ - 0ms
2020-3-23 12:46:56 :POST /user/ - 32ms
2020-3-23 12:46:56 :POST /user/ - 8ms
2020-3-23 12:46:56 :POST /user/ - 8ms
2020-3-23 12:46:56 :POST /user/ - 6ms
2020-3-23 12:46:56 :POST /user/ - 34ms
2020-3-23 12:46:56 :OPTIONS /user/ - 1ms
2020-3-23 12:46:56 :POST /user/ - 45ms
2020-3-23 12:46:56 :OPTIONS /user/ - 0ms
2020-3-23 12:46:56 :OPTIONS /user/ - 1ms
2020-3-23 12:46:56 :OPTIONS /user/ - 0ms
2020-3-23 12:46:56 :POST /user/ - 331ms
2020-3-23 12:46:56 :POST /user/ - 336ms
2020-3-23 12:46:56 :POST /user/ - 27ms
2020-3-23 12:46:56 :POST /user/ - 50ms
2020-3-23 12:46:56 :POST /user/ - 8ms
2020-3-23 12:46:56 :OPTIONS /upFile - 0ms
2020-3-23 12:46:56 :POST /upFile - 36ms
2020-3-23 12:46:56 :OPTIONS /user/ - 1ms
2020-3-23 12:46:56 :POST /user/ - 15ms
2020-3-23 12:46:56 :GET /getImg?imagePath=1584939025062 - 404
2020-3-23 12:46:56 :POST /upFile - 29ms
2020-3-23 12:46:56 :POST /user/ - 42ms
2020-3-23 12:46:56 :GET /getImg?imagePath=1584939029987 - 404
2020-3-23 12:46:56 :OPTIONS /upFile - 0ms
2020-3-23 12:46:56 :POST /upFile - 19ms
2020-3-23 12:46:56 :OPTIONS /user/ - 0ms
2020-3-23 12:46:56 :POST /user/ - 13ms
2020-3-23 12:46:56 :GET /getImg?imagePath=1584939035036 - 404
2020-3-23 12:46:56 :OPTIONS /upFile - 0ms
2020-3-23 12:46:56 :POST /upFile - 30ms
2020-3-23 12:46:56 :OPTIONS /user/ - 1ms
2020-3-23 12:46:56 :POST /user/ - 13ms
2020-3-23 12:46:56 :GET /getImg?imagePath=1584939040081 - 404
2020-3-23 12:46:56 :OPTIONS /user/ - 0ms
2020-3-23 12:46:56 :POST /user/ - 6ms
2020-3-23 12:46:56 :POST /user/ - 17ms
2020-3-23 12:46:56 :POST /user/ - 10ms
2020-3-23 12:46:56 :POST /user/ - 15ms
2020-3-23 12:46:56 :GET /getImg?imagePath=1584938998846 - 404
2020-3-23 12:46:56 :GET /getImg?imagePath=1584938987883 - 404
2020-3-23 12:46:56 :GET /getImg?imagePath=1584938975114 - 404
2020-3-23 12:46:56 :GET /getImg?imagePath=1584939029987 - 404
2020-3-23 12:46:56 :GET /getImg?imagePath=1584939035036 - 404
2020-3-23 12:46:56 :GET /getImg?imagePath=1584939025062 - 404
2020-3-23 12:46:56 :GET /getImg?imagePath=1584939040081 - 404
2020-3-23 12:46:56 :OPTIONS /user/ - 0ms
2020-3-23 12:46:56 :OPTIONS /user/ - 0ms
2020-3-23 12:46:56 :OPTIONS /user/ - 0ms
2020-3-23 12:46:56 :POST /user/ - 9ms
2020-3-23 12:46:56 :POST /user/ - 14ms
2020-3-23 12:46:56 :POST /user/ - 12ms
2020-3-23 12:46:56 :GET /getImg?imagePath=1584939035036 - 404
2020-3-23 12:46:56 :GET /getImg?imagePath=1584938998846 - 404
2020-3-23 12:46:56 :GET /getImg?imagePath=1584939029987 - 404
2020-3-23 12:46:56 :GET /getImg?imagePath=1584938975114 - 404
2020-3-23 12:46:56 :GET /getImg?imagePath=1584938987883 - 404
2020-3-23 12:46:56 :GET /getImg?imagePath=1584939025062 - 404
2020-3-23 12:46:56 :GET /getImg?imagePath=1584939040081 - 404
2020-3-23 12:46:56 :OPTIONS /user/ - 0ms
2020-3-23 12:46:56 :POST /user/ - 8ms
2020-3-23 12:46:56 :POST /user/ - 5ms
2020-3-23 12:46:56 :POST /user/ - 9ms
2020-3-23 12:46:56 :POST /user/ - 16ms
2020-3-23 12:46:56 :POST /user/ - 16ms
2020-3-23 12:46:56 :POST /user/ - 9ms
2020-3-23 12:46:56 :POST /user/ - 14ms
2020-3-23 12:46:56 :POST /user/ - 5ms
2020-3-23 12:46:56 :POST /user/ - 7ms
2020-3-23 12:46:56 :POST /user/ - 6ms
2020-3-23 12:46:56 :POST /user/ - 7ms
2020-3-23 12:46:56 :POST /user/ - 12ms
2020-3-23 12:46:56 :POST /user/ - 18ms
2020-3-23 12:46:56 :POST /user/ - 16ms