2021-4-11 16:34:12 :OPTIONS /user/?get-address - 1mss
2021-4-11 16:34:12 :OPTIONS /user/?get-comment - 0ms
2021-4-11 16:34:12 :OPTIONS /user/?get-news - 0ms
2021-4-11 16:34:12 :OPTIONS /user/?get-joinwe - 1ms
2021-4-11 16:34:12 :OPTIONS /user/?get-pay - 0ms
2021-4-11 16:34:12 :OPTIONS /user/?get-goods - 0ms
2021-4-11 16:34:12 :OPTIONS /user/?get-image - 0ms
2021-4-11 16:34:12 :OPTIONS /user/?get-chat - 1ms
2021-4-11 16:34:12 :OPTIONS /user/?get-commentNew - 0ms
2021-4-11 16:34:21 :OPTIONS /user/?create-tbl_user - 1ms
2021-4-11 16:34:21 :OPTIONS /user/?create-tbl_sort - 1ms
2021-4-11 16:34:22 :OPTIONS /user/?create-tbl_goodList - 2ms
2021-4-11 16:34:23 :OPTIONS /user/?create-tbl_goods - 1ms
2021-4-11 16:34:24 :OPTIONS /user/?get-user - 1ms
2021-4-11 16:34:24 :OPTIONS /user/?get-shopCar - 1ms
2021-4-11 16:34:24 :OPTIONS /user/?get-sort - 0ms
2021-4-11 16:34:24 :OPTIONS /user/?get-image - 1ms
2021-4-11 16:34:24 :OPTIONS /user/?get-joinwe - 0ms
2021-4-11 16:34:24 :OPTIONS /user/?get-news - 0ms
2021-4-11 16:34:24 :OPTIONS /user/?get-goodList - 1ms
2021-4-11 16:34:24 :OPTIONS /user/?get-comment - 0ms
2021-4-11 16:34:24 :OPTIONS /user/?get-goods - 0ms
2021-4-11 16:34:24 :OPTIONS /user/?get-chat - 0ms
2021-4-11 16:34:21 :OPTIONS /user/?get-address - 1ms
2021-4-11 16:34:21 :OPTIONS /user/?get-pay - 0ms
2021-4-11 16:34:21 :OPTIONS /user/?get-commentNew - 0ms
2021-4-11 16:34:21 :POST /user/?get-image - 103ms
2021-4-11 16:34:24 :POST /user/?get-user - 105ms
2021-4-11 16:34:24 :POST /user/?get-sort - 11ms
2021-4-11 16:34:24 :POST /user/?get-shopCar - 104ms
2021-4-11 16:34:24 :POST /user/?get-goodList - 10ms
2021-4-11 16:34:21 :POST /user/?get-address - 11ms
2021-4-11 16:34:24 :POST /user/?get-comment - 6ms
2021-4-11 16:34:24 :POST /user/?get-chat - 6ms
2021-4-11 16:34:21 :POST /user/?get-joinwe - 6ms
2021-4-11 16:34:21 :POST /user/?get-goods - 6ms
2021-4-11 16:34:21 :POST /user/?get-commentNew - 2ms
2021-4-11 16:34:24 :POST /user/?get-pay - 2ms
2021-4-11 16:41:3 :OPTIONS /user/?create-tbl_user - 1ms
2021-4-11 16:41:4 :OPTIONS /user/?create-tbl_sort - 1ms
2021-4-11 16:41:5 :OPTIONS /user/?create-tbl_goodList - 1ms
2021-4-11 16:41:5 :OPTIONS /user/?create-tbl_goods - 1ms
2021-4-11 16:41:6 :OPTIONS /user/?create-tbl_address - 2ms
2021-4-11 16:41:7 :OPTIONS /user/?create-tbl_pay - 1ms
2021-4-11 16:41:8 :OPTIONS /user/?create-tbl_shopCar - 2ms
2021-4-11 16:41:8 :OPTIONS /user/?create-tbl_image - 1ms
2021-4-11 16:41:9 :OPTIONS /user/?create-tbl_joinwe - 1ms
2021-4-11 16:41:10 :OPTIONS /user/?create-tbl_comment - 1ms
2021-4-11 16:41:11 :OPTIONS /user/?create-tbl_news - 1ms
2021-4-11 16:41:14 :OPTIONS /user/?create-tbl_commentNew - 1ms
2021-4-11 16:41:15 :OPTIONS /user/?create-tbl_chat - 1ms
2021-4-11 16:41:15 :OPTIONS /user/?get-image - 2ms
2021-4-11 16:41:15 :OPTIONS /user/?get-sort - 1ms
2021-4-11 16:41:15 :OPTIONS /user/?get-goods - 1ms
2021-4-11 16:41:15 :POST /user/?get-image - 96ms
2021-4-11 16:41:15 :POST /user/?get-sort - 97ms
2021-4-11 16:41:15 :POST /user/?get-goods - 7ms
2021-4-11 16:41:15 :GET /getImg?imagePath=1616409270435 - 404
2021-4-11 16:41:15 :GET /getImg?imagePath=1616409147272 - 404
2021-4-11 16:41:15 :GET /getImg?imagePath=1616409431216 - 404
2021-4-11 16:41:15 :GET /getImg?imagePath=1616406226097 - 404
2021-4-11 16:41:15 :GET /getImg?imagePath=1616406267254 - 404
2021-4-11 16:41:15 :GET /getImg?imagePath=1616406257104 - 404
2021-4-11 16:41:15 :GET /getImg?imagePath=1616407378603 - 404
2021-4-11 16:41:15 :GET /getImg?imagePath=1616409494290 - 404
2021-4-11 16:41:15 :OPTIONS /user/?get-sort - 0ms
2021-4-11 16:41:15 :POST /user/?get-sort - 2ms
2021-4-11 16:41:15 :OPTIONS /user/?get-goods - 0ms
2021-4-11 16:41:15 :POST /user/?get-goods - 2ms
2021-4-11 16:41:15 :POST /user/?get-goods - 2ms
2021-4-11 16:41:15 :POST /user/?get-goods - 2ms
2021-4-11 16:41:15 :POST /user/?get-goods - 2ms
2021-4-11 16:41:15 :POST /user/?get-goods - 2ms
2021-4-11 16:41:15 :POST /user/?get-goods - 2ms
2021-4-11 16:41:15 :POST /user/?get-goods - 2ms
2021-4-11 16:41:15 :POST /user/?get-goods - 2ms
2021-4-11 16:41:15 :POST /user/?get-goods - 25ms
2021-4-11 16:41:15 :OPTIONS /user/?get-sort - 0ms
2021-4-11 16:41:15 :OPTIONS /user/?get-goods - 0ms
2021-4-11 16:41:15 :OPTIONS /user/?get-image - 1ms
2021-4-11 16:41:15 :POST /user/?get-sort - 5ms
2021-4-11 16:41:15 :POST /user/?get-goods - 4ms
2021-4-11 16:41:15 :POST /user/?get-image - 3ms
2021-4-11 16:41:15 :GET /getImg?imagePath=1616407378603 - 404
2021-4-11 16:41:15 :GET /getImg?imagePath=1616409147272 - 404
2021-4-11 16:41:15 :GET /getImg?imagePath=1616406257104 - 404
2021-4-11 16:41:15 :GET /getImg?imagePath=1616409270435 - 404
2021-4-11 16:41:15 :GET /getImg?imagePath=1616409431216 - 404
2021-4-11 16:41:15 :GET /getImg?imagePath=1616409494290 - 404
2021-4-11 16:41:15 :GET /getImg?imagePath=1616406267254 - 404
2021-4-11 16:41:15 :GET /getImg?imagePath=1616406226097 - 404
2021-4-11 16:41:15 :POST /user/?get-sort - 2ms
2021-4-11 16:41:15 :POST /user/?get-goods - 3ms
2021-4-11 16:41:15 :POST /user/?get-goods - 2ms
2021-4-11 16:41:15 :OPTIONS /user/?get-news - 0ms
2021-4-11 16:41:36 :OPTIONS /user/?get-user - 1ms
2021-4-11 16:41:36 :POST /user/?get-user - 89ms
2021-4-11 16:41:36 :OPTIONS /user/?get-comment - 0ms
2021-4-11 16:41:36 :POST /user/?get-comment - 2ms
2021-4-11 16:41:36 :OPTIONS /user/?get-pay - 0ms
2021-4-11 16:41:36 :POST /user/?get-pay - 2ms
2021-4-11 16:41:36 :OPTIONS /user/?get-goods - 0ms
2021-4-11 16:41:36 :OPTIONS /user/?get-sort - 0ms
2021-4-11 16:41:36 :POST /user/?get-sort - 3ms
2021-4-11 16:41:36 :POST /user/?get-goods - 3ms
2021-4-11 16:41:36 :POST /user/?get-pay - 2ms
2021-4-11 16:41:36 :POST /user/?get-sort - 2ms
2021-4-11 16:41:36 :POST /user/?get-goods - 3ms
2021-4-11 16:41:36 :OPTIONS /user/?get-image - 1ms
2021-4-11 16:41:36 :POST /user/?get-image - 2ms
2021-4-11 16:41:36 :GET /getImg?imagePath=1616406226097 - 404
2021-4-11 16:41:36 :GET /getImg?imagePath=1616406257104 - 404
2021-4-11 16:41:34 :GET /getImg?imagePath=1616406267254 - 404
2021-4-11 16:41:36 :POST /user/?get-image - 2ms
2021-4-11 16:41:36 :POST /user/?get-image - 2ms
2021-4-11 16:41:36 :OPTIONS /user/?get-sort - 0ms
2021-4-11 16:41:36 :OPTIONS /user/?get-image - 0ms
2021-4-11 16:41:36 :POST /user/?get-image - 1ms
2021-4-11 16:41:36 :GET /getImg?imagePath=1616406257104 - 404
2021-4-11 16:41:36 :GET /getImg?imagePath=1616406267254 - 404
2021-4-11 16:41:34 :OPTIONS /user/?get-goods - 0ms
2021-4-11 16:41:34 :GET /getImg?imagePath=1616406226097 - 404
2021-4-11 16:41:34 :POST /user/?get-sort - 108ms
2021-4-11 16:41:34 :POST /user/?get-goods - 17ms
2021-4-11 16:41:34 :GET /getImg?imagePath=1616407378603 - 404
2021-4-11 16:41:34 :GET /getImg?imagePath=1616409431216 - 404
2021-4-11 16:41:36 :GET /getImg?imagePath=1616409147272 - 404
2021-4-11 16:41:36 :GET /getImg?imagePath=1616409270435 - 404
2021-4-11 16:41:36 :GET /getImg?imagePath=1616409494290 - 404
2021-4-11 16:41:34 :OPTIONS /user/?get-image - 1ms
2021-4-11 16:41:36 :OPTIONS /user/?get-sort - 1ms
2021-4-11 16:41:36 :OPTIONS /user/?get-goods - 0ms
2021-4-11 16:41:34 :POST /user/?get-goods - 3ms
2021-4-11 16:41:36 :POST /user/?get-sort - 3ms
2021-4-11 16:41:36 :POST /user/?get-image - 3ms
2021-4-11 16:41:36 :GET /getImg?imagePath=1616407378603 - 404
2021-4-11 16:41:34 :GET /getImg?imagePath=1616409270435 - 404
2021-4-11 16:41:3 :GET /getImg?imagePath=1616409494290 - 404
2021-4-11 16:41:34 :GET /getImg?imagePath=1616409431216 - 404
2021-4-11 16:41:34 :GET /getImg?imagePath=1616406267254 - 404
2021-4-11 16:41:36 :GET /getImg?imagePath=1616409147272 - 404
2021-4-11 16:41:36 :GET /getImg?imagePath=1616406226097 - 404
2021-4-11 16:41:36 :GET /getImg?imagePath=1616406257104 - 404
2021-4-11 16:41:36 :OPTIONS /user/?get-sort - 0ms
2021-4-11 16:41:36 :OPTIONS /user/?get-goods - 0ms
2021-4-11 16:41:36 :OPTIONS /user/?get-image - 0ms
2021-4-11 16:41:36 :POST /user/?get-sort - 4ms
2021-4-11 16:41:36 :POST /user/?get-goods - 4ms
2021-4-11 16:41:36 :POST /user/?get-image - 4ms
2021-4-11 16:41:36 :GET /getImg?imagePath=1616407378603 - 404
2021-4-11 16:41:34 :GET /getImg?imagePath=1616409270435 - 404
2021-4-11 16:41:3 :GET /getImg?imagePath=1616409494290 - 404
2021-4-11 16:41:3 :GET /getImg?imagePath=1616406226097 - 404
2021-4-11 16:41:36 :GET /getImg?imagePath=1616409147272 - 404
2021-4-11 16:41:36 :GET /getImg?imagePath=1616406257104 - 404
2021-4-11 16:41:34 :GET /getImg?imagePath=1616409431216 - 404
2021-4-11 16:41:34 :GET /getImg?imagePath=1616406267254 - 404
2021-4-11 16:41:36 :POST /user/?get-sort - 3ms
2021-4-11 16:41:36 :POST /user/?get-goods - 3ms
2021-4-11 16:41:36 :POST /user/?get-image - 3ms
2021-4-11 16:41:3 :GET /getImg?imagePath=1616409270435 - 404
2021-4-11 16:41:3 :GET /getImg?imagePath=1616406226097 - 404
2021-4-11 16:41:34 :GET /getImg?imagePath=1616407378603 - 404
2021-4-11 16:41:34 :GET /getImg?imagePath=1616409431216 - 404
2021-4-11 16:41:34 :GET /getImg?imagePath=1616406257104 - 404
2021-4-11 16:41:36 :GET /getImg?imagePath=1616409147272 - 404
2021-4-11 16:41:36 :GET /getImg?imagePath=1616409494290 - 404
2021-4-11 16:41:36 :GET /getImg?imagePath=1616406267254 - 404
2021-4-11 16:41:34 :OPTIONS /user/?get-image - 1ms
2021-4-11 16:41:3 :OPTIONS /user/?get-sort - 1ms
2021-4-11 16:41:34 :POST /user/?get-image - 3ms
2021-4-11 16:41:34 :GET /getImg?imagePath=1616406257104 - 404
2021-4-11 16:41:34 :GET /getImg?imagePath=1616406267254 - 404
2021-4-11 16:41:3 :OPTIONS /user/?get-goods - 0ms
2021-4-11 16:41:3 :GET /getImg?imagePath=1616406226097 - 404
2021-4-11 16:41:3 :POST /user/?get-sort - 128ms
2021-4-11 16:41:3 :POST /user/?get-goods - 20ms
2021-4-11 16:41:3 :GET /getImg?imagePath=1616407378603 - 404
2021-4-11 16:41:3 :GET /getImg?imagePath=1616409431216 - 404
2021-4-11 16:41:34 :GET /getImg?imagePath=1616409147272 - 404
2021-4-11 16:41:34 :GET /getImg?imagePath=1616409270435 - 404
2021-4-11 16:41:34 :GET /getImg?imagePath=1616409494290 - 404
2021-4-11 16:41:3 :OPTIONS /user/?get-image - 0ms
2021-4-11 16:41:34 :OPTIONS /user/?get-sort - 0ms
2021-4-11 16:41:34 :OPTIONS /user/?get-goods - 0ms
2021-4-11 16:41:34 :POST /user/?get-sort - 5ms
2021-4-11 16:41:34 :POST /user/?get-goods - 3ms
2021-4-11 16:41:3 :POST /user/?get-image - 3ms
2021-4-11 16:41:34 :GET /getImg?imagePath=1616407378603 - 404
2021-4-11 16:41:3 :GET /getImg?imagePath=1616409270435 - 404
2021-4-11 16:41:36 :GET /getImg?imagePath=1616409494290 - 404
2021-4-11 16:41:36 :GET /getImg?imagePath=1616406226097 - 404
2021-4-11 16:41:34 :GET /getImg?imagePath=1616409147272 - 404
2021-4-11 16:41:34 :GET /getImg?imagePath=1616406267254 - 404
2021-4-11 16:41:3 :GET /getImg?imagePath=1616409431216 - 404
2021-4-11 16:41:3 :GET /getImg?imagePath=1616406257104 - 404
2021-4-11 16:41:36 :OPTIONS /user/?get-sort - 0ms
2021-4-11 16:41:36 :OPTIONS /user/?get-goods - 0ms
2021-4-11 16:41:36 :OPTIONS /user/?get-image - 0ms
2021-4-11 16:41:36 :POST /user/?get-sort - 6ms
2021-4-11 16:41:36 :POST /user/?get-goods - 5ms
2021-4-11 16:41:36 :POST /user/?get-image - 5ms
2021-4-11 16:41:36 :GET /getImg?imagePath=1616407378603 - 404
2021-4-11 16:41:3 :GET /getImg?imagePath=1616409270435 - 404
2021-4-11 16:41:34 :GET /getImg?imagePath=1616409494290 - 404
2021-4-11 16:41:34 :GET /getImg?imagePath=1616406226097 - 404
2021-4-11 16:41:36 :GET /getImg?imagePath=1616409147272 - 404
2021-4-11 16:41:36 :GET /getImg?imagePath=1616406257104 - 404
2021-4-11 16:41:3 :GET /getImg?imagePath=1616409431216 - 404
2021-4-11 16:41:3 :GET /getImg?imagePath=1616406267254 - 404
2021-4-11 16:41:34 :OPTIONS /user/?get-sort - 0ms
2021-4-11 16:41:3 :OPTIONS /user/?get-image - 0ms
2021-4-11 16:41:34 :OPTIONS /user/?get-goods - 0ms
2021-4-11 16:41:3 :POST /user/?get-goods - 2ms
2021-4-11 16:41:34 :POST /user/?get-sort - 4ms
2021-4-11 16:41:34 :POST /user/?get-image - 3ms
2021-4-11 16:41:34 :GET /getImg?imagePath=1616406226097 - 404
2021-4-11 16:41:36 :GET /getImg?imagePath=1616409147272 - 404
2021-4-11 16:41:36 :GET /getImg?imagePath=1616409270435 - 404
2021-4-11 16:41:3 :GET /getImg?imagePath=1616406267254 - 404
2021-4-11 16:41:3 :GET /getImg?imagePath=1616407378603 - 404
2021-4-11 16:41:34 :GET /getImg?imagePath=1616406257104 - 404
2021-4-11 16:41:34 :GET /getImg?imagePath=1616409431216 - 404
2021-4-11 16:41:34 :GET /getImg?imagePath=1616409494290 - 404
2021-4-11 16:41:36 :OPTIONS /user/?get-sort - 0ms
2021-4-11 16:41:36 :OPTIONS /user/?get-goods - 0ms
2021-4-11 16:41:36 :OPTIONS /user/?get-image - 0ms
2021-4-11 16:41:36 :POST /user/?get-sort - 5ms
2021-4-11 16:41:36 :POST /user/?get-goods - 3ms
2021-4-11 16:41:36 :POST /user/?get-image - 2ms
2021-4-11 16:41:3 :OPTIONS /user/?get-image - 0ms
2021-4-11 16:41:36 :OPTIONS /user/?get-sort - 0ms
2021-4-11 16:41:36 :OPTIONS /user/?get-goods - 0ms
2021-4-11 16:41:3 :POST /user/?get-goods - 2ms
2021-4-11 16:41:36 :POST /user/?get-image - 3ms
2021-4-11 16:41:36 :POST /user/?get-sort - 3ms
2021-4-11 16:41:36 :GET /getImg?imagePath=1616407378603 - 404
2021-4-11 16:41:34 :GET /getImg?imagePath=1616409494290 - 404
2021-4-11 16:41:34 :GET /getImg?imagePath=1616406226097 - 404
2021-4-11 16:41:36 :GET /getImg?imagePath=1616409147272 - 404
2021-4-11 16:41:36 :GET /getImg?imagePath=1616406257104 - 404
2021-4-11 16:41:3 :GET /getImg?imagePath=1616409270435 - 404
2021-4-11 16:41:3 :GET /getImg?imagePath=1616409431216 - 404
2021-4-11 16:41:3 :GET /getImg?imagePath=1616406267254 - 404
2021-4-11 16:41:34 :OPTIONS /user/?get-sort - 0ms
2021-4-11 16:41:3 :OPTIONS /user/?get-image - 0ms
2021-4-11 16:41:34 :OPTIONS /user/?get-goods - 0ms
2021-4-11 16:41:3 :POST /user/?get-goods - 3ms
2021-4-11 16:41:34 :POST /user/?get-image - 2ms
2021-4-11 16:41:34 :POST /user/?get-sort - 4ms
2021-4-11 16:41:34 :GET /getImg?imagePath=1616407378603 - 404
2021-4-11 16:41:3 :GET /getImg?imagePath=1616409270435 - 404
2021-4-11 16:41:36 :GET /getImg?imagePath=1616409494290 - 404
2021-4-11 16:41:36 :GET /getImg?imagePath=1616406226097 - 404
2021-4-11 16:41:34 :GET /getImg?imagePath=1616409147272 - 404
2021-4-11 16:41:34 :GET /getImg?imagePath=1616406257104 - 404
2021-4-11 16:41:3 :GET /getImg?imagePath=1616409431216 - 404
2021-4-11 16:41:3 :GET /getImg?imagePath=1616406267254 - 404
2021-4-11 16:41:36 :OPTIONS /user/?get-sort - 0ms
2021-4-11 16:41:36 :OPTIONS /user/?get-goods - 0ms
2021-4-11 16:41:36 :OPTIONS /user/?get-image - 0ms
2021-4-11 16:41:36 :POST /user/?get-sort - 4ms
2021-4-11 16:41:36 :POST /user/?get-goods - 4ms
2021-4-11 16:41:36 :POST /user/?get-image - 4ms
2021-4-11 16:41:36 :GET /getImg?imagePath=1616407378603 - 404
2021-4-11 16:41:3 :GET /getImg?imagePath=1616409270435 - 404
2021-4-11 16:41:34 :GET /getImg?imagePath=1616409494290 - 404
2021-4-11 16:41:34 :GET /getImg?imagePath=1616406226097 - 404
2021-4-11 16:41:36 :GET /getImg?imagePath=1616409147272 - 404
2021-4-11 16:41:36 :GET /getImg?imagePath=1616406257104 - 404
2021-4-11 16:41:3 :GET /getImg?imagePath=1616409431216 - 404
2021-4-11 16:41:3 :GET /getImg?imagePath=1616406267254 - 404
2021-4-11 16:41:34 :OPTIONS /user/?get-sort - 0ms
2021-4-11 16:41:34 :OPTIONS /user/?get-goods - 0ms
2021-4-11 16:41:34 :OPTIONS /user/?get-image - 0ms
2021-4-11 16:41:34 :POST /user/?get-sort - 6ms
2021-4-11 16:41:34 :POST /user/?get-goods - 6ms
2021-4-11 16:41:34 :POST /user/?get-image - 4ms
2021-4-11 16:41:36 :GET /getImg?imagePath=1616409494290 - 404
2021-4-11 16:41:34 :GET /getImg?imagePath=1616407378603 - 404
2021-4-11 16:41:3 :GET /getImg?imagePath=1616409270435 - 404
2021-4-11 16:41:3 :GET /getImg?imagePath=1616409431216 - 404
2021-4-11 16:41:3 :GET /getImg?imagePath=1616406267254 - 404
2021-4-11 16:41:34 :GET /getImg?imagePath=1616409147272 - 404
2021-4-11 16:41:34 :GET /getImg?imagePath=1616406226097 - 404
2021-4-11 16:41:34 :GET /getImg?imagePath=1616406257104 - 404
2021-4-11 16:41:34 :OPTIONS /user/?get-sort - 0ms
2021-4-11 16:41:34 :OPTIONS /user/?get-goods - 0ms
2021-4-11 16:41:34 :POST /user/?get-goods - 2ms
2021-4-11 16:41:34 :POST /user/?get-sort - 3ms
2021-4-11 16:41:34 :POST /user/?get-goods - 2ms
2021-4-11 16:41:34 :OPTIONS /user/?get-image - 0ms
2021-4-11 16:41:34 :POST /user/?get-goods - 3ms
2021-4-11 16:41:34 :POST /user/?get-sort - 5ms
2021-4-11 16:41:34 :POST /user/?get-image - 3ms
2021-4-11 16:41:34 :OPTIONS /user/?get-news - 0ms
2021-4-11 17:17:57 :POST /user/?get-sort - 92ms
2021-4-11 17:17:57 :POST /user/?get-goods - 10ms
2021-4-11 17:17:57 :POST /user/?get-goods - 2ms
2021-4-11 17:17:57 :POST /user/?get-sort - 4ms
2021-4-11 17:17:57 :POST /user/?get-goods - 4ms
2021-4-11 17:17:57 :POST /user/?get-image - 3ms
2021-4-11 17:17:57 :GET /getImg?imagePath=1616407378603 - 404
2021-4-11 16:41:36 :GET /getImg?imagePath=1616409494290 - 404
2021-4-11 17:17:57 :GET /getImg?imagePath=1616409147272 - 404
2021-4-11 17:17:57 :GET /getImg?imagePath=1616406257104 - 404
2021-4-11 16:41:36 :GET /getImg?imagePath=1616406226097 - 404
2021-4-11 16:41:36 :GET /getImg?imagePath=1616406267254 - 404
2021-4-11 17:17:57 :GET /getImg?imagePath=1616409270435 - 404
2021-4-11 17:17:57 :GET /getImg?imagePath=1616409431216 - 404
2021-4-11 16:41:36 :OPTIONS /user/?get-image - 0ms
2021-4-11 17:17:57 :OPTIONS /user/?get-sort - 0ms
2021-4-11 16:41:36 :POST /user/?get-image - 2ms
2021-4-11 16:41:36 :GET /getImg?imagePath=1616406257104 - 404
2021-4-11 16:41:36 :GET /getImg?imagePath=1616406267254 - 404
2021-4-11 17:17:57 :OPTIONS /user/?get-goods - 0ms
2021-4-11 17:17:57 :GET /getImg?imagePath=1616406226097 - 404
2021-4-11 17:17:57 :POST /user/?get-sort - 119ms
2021-4-11 17:17:57 :POST /user/?get-goods - 23ms
2021-4-11 17:17:57 :GET /getImg?imagePath=1616407378603 - 404
2021-4-11 17:17:57 :GET /getImg?imagePath=1616409431216 - 404
2021-4-11 16:41:36 :GET /getImg?imagePath=1616409147272 - 404
2021-4-11 16:41:36 :GET /getImg?imagePath=1616409270435 - 404
2021-4-11 16:41:36 :GET /getImg?imagePath=1616409494290 - 404
2021-4-11 16:41:36 :OPTIONS /user/?get-sort - 0ms
2021-4-11 16:41:36 :POST /user/?get-sort - 2ms
2021-4-11 16:41:36 :OPTIONS /user/?get-goods - 0ms
2021-4-11 16:41:36 :POST /user/?get-goods - 1ms
2021-4-11 17:17:57 :OPTIONS /user/?get-image - 0ms
2021-4-11 16:41:36 :POST /user/?get-sort - 3ms
2021-4-11 16:41:36 :POST /user/?get-goods - 2ms
2021-4-11 17:17:57 :POST /user/?get-image - 3ms
2021-4-11 16:41:36 :GET /getImg?imagePath=1616407378603 - 404
2021-4-11 17:17:57 :GET /getImg?imagePath=1616409270435 - 404
2021-4-11 17:17:57 :GET /getImg?imagePath=1616409494290 - 404
2021-4-11 17:17:57 :GET /getImg?imagePath=1616406226097 - 404
2021-4-11 16:41:36 :GET /getImg?imagePath=1616409147272 - 404
2021-4-11 16:41:36 :GET /getImg?imagePath=1616406267254 - 404
2021-4-11 17:17:57 :GET /getImg?imagePath=1616409431216 - 404
2021-4-11 17:17:57 :GET /getImg?imagePath=1616406257104 - 404
2021-4-11 17:17:57 :OPTIONS /user/?get-sort - 0ms
2021-4-11 17:17:57 :OPTIONS /user/?get-goods - 0ms
2021-4-11 17:17:57 :POST /user/?get-sort - 3ms
2021-4-11 17:17:57 :POST /user/?get-goods - 2ms
2021-4-11 17:17:57 :POST /user/?get-goods - 2ms
2021-4-11 17:17:57 :OPTIONS /user/?get-image - 0ms
2021-4-11 17:17:57 :POST /user/?get-sort - 4ms
2021-4-11 17:17:57 :POST /user/?get-goods - 3ms
2021-4-11 17:17:57 :POST /user/?get-image - 3ms
2021-4-11 17:17:57 :OPTIONS /user/?get-sort - 0ms
2021-4-11 17:17:57 :OPTIONS /user/?get-goods - 0ms
2021-4-11 17:17:57 :OPTIONS /user/?get-image - 0ms
2021-4-11 17:17:57 :POST /user/?get-goods - 4ms
2021-4-11 17:17:57 :POST /user/?get-sort - 4ms
2021-4-11 17:17:57 :POST /user/?get-image - 4ms
2021-4-11 16:41:36 :GET /getImg?imagePath=1616406226097 - 404
2021-4-11 17:17:57 :GET /getImg?imagePath=1616407378603 - 404
2021-4-11 17:17:57 :GET /getImg?imagePath=1616409147272 - 404
2021-4-11 17:17:57 :GET /getImg?imagePath=1616406267254 - 404
2021-4-11 17:17:57 :GET /getImg?imagePath=1616409270435 - 404
2021-4-11 17:17:57 :GET /getImg?imagePath=1616409431216 - 404
2021-4-11 17:17:57 :GET /getImg?imagePath=1616409494290 - 404
2021-4-11 17:17:57 :GET /getImg?imagePath=1616406257104 - 404
2021-4-11 17:17:57 :OPTIONS /user/?get-sort - 0ms
2021-4-11 17:17:57 :OPTIONS /user/?get-goods - 0ms
2021-4-11 17:17:57 :OPTIONS /user/?get-image - 0ms
2021-4-11 17:17:57 :POST /user/?get-sort - 2ms
2021-4-11 17:17:57 :POST /user/?get-image - 3ms
2021-4-11 17:17:57 :POST /user/?get-goods - 4ms
2021-4-11 16:41:36 :GET /getImg?imagePath=1616409494290 - 404
2021-4-11 17:17:57 :GET /getImg?imagePath=1616407378603 - 404
2021-4-11 17:17:57 :GET /getImg?imagePath=1616409270435 - 404
2021-4-11 17:17:57 :GET /getImg?imagePath=1616409431216 - 404
2021-4-11 16:41:36 :GET /getImg?imagePath=1616406226097 - 404
2021-4-11 16:41:36 :GET /getImg?imagePath=1616406267254 - 404
2021-4-11 17:17:57 :GET /getImg?imagePath=1616409147272 - 404
2021-4-11 17:17:57 :GET /getImg?imagePath=1616406257104 - 404
2021-4-11 16:41:36 :OPTIONS /user/?get-sort - 0ms
2021-4-11 16:41:36 :OPTIONS /user/?get-goods - 0ms
2021-4-11 16:41:36 :OPTIONS /user/?get-image - 0ms
2021-4-11 16:41:36 :POST /user/?get-sort - 6ms
2021-4-11 16:41:36 :POST /user/?get-goods - 5ms
2021-4-11 16:41:36 :POST /user/?get-image - 4ms
2021-4-11 16:41:36 :GET /getImg?imagePath=1616407378603 - 404
2021-4-11 16:41:36 :GET /getImg?imagePath=1616409147272 - 404
2021-4-11 17:17:57 :GET /getImg?imagePath=1616409494290 - 404
2021-4-11 16:41:36 :GET /getImg?imagePath=1616409270435 - 404
2021-4-11 17:17:57 :GET /getImg?imagePath=1616406257104 - 404
2021-4-11 16:41:36 :GET /getImg?imagePath=1616409431216 - 404
2021-4-11 16:41:36 :GET /getImg?imagePath=1616406226097 - 404
2021-4-11 16:41:36 :GET /getImg?imagePath=1616406267254 - 404
2021-4-11 16:41:36 :OPTIONS /user/?get-sort - 0ms
2021-4-11 16:41:36 :OPTIONS /user/?get-goods - 0ms
2021-4-11 16:41:36 :OPTIONS /user/?get-image - 0ms
2021-4-11 16:41:36 :POST /user/?get-sort - 4ms
2021-4-11 16:41:36 :POST /user/?get-goods - 4ms
2021-4-11 16:41:36 :POST /user/?get-image - 4ms
2021-4-11 16:41:36 :GET /getImg?imagePath=1616407378603 - 404
2021-4-11 17:17:57 :GET /getImg?imagePath=1616409270435 - 404
2021-4-11 17:17:57 :GET /getImg?imagePath=1616409494290 - 404
2021-4-11 17:17:57 :GET /getImg?imagePath=1616406226097 - 404
2021-4-11 16:41:36 :GET /getImg?imagePath=1616409147272 - 404
2021-4-11 16:41:36 :GET /getImg?imagePath=1616406257104 - 404
2021-4-11 17:17:57 :GET /getImg?imagePath=1616409431216 - 404
2021-4-11 17:17:57 :GET /getImg?imagePath=1616406267254 - 404
2021-4-11 17:17:57 :OPTIONS /user/?get-sort - 0ms
2021-4-11 17:17:57 :OPTIONS /user/?get-goods - 0ms
2021-4-11 17:17:57 :OPTIONS /user/?get-image - 0ms
2021-4-11 17:17:57 :POST /user/?get-goods - 5ms
2021-4-11 17:17:57 :POST /user/?get-sort - 6ms
2021-4-11 17:17:57 :POST /user/?get-image - 4ms
2021-4-11 16:41:36 :GET /getImg?imagePath=1616409494290 - 404
2021-4-11 17:17:57 :GET /getImg?imagePath=1616407378603 - 404
2021-4-11 17:17:57 :GET /getImg?imagePath=1616409147272 - 404
2021-4-11 17:17:57 :GET /getImg?imagePath=1616409270435 - 404
2021-4-11 17:17:57 :GET /getImg?imagePath=1616409431216 - 404
2021-4-11 17:17:57 :OPTIONS /user/?get-sort - 0ms
2021-4-11 17:17:57 :OPTIONS /user/?get-goods - 0ms
2021-4-11 17:17:57 :OPTIONS /user/?get-image - 0ms
2021-4-11 17:17:57 :POST /user/?get-sort - 5ms
2021-4-11 17:17:57 :POST /user/?get-goods - 4ms
2021-4-11 17:17:57 :POST /user/?get-image - 3ms
2021-4-11 17:17:57 :GET /getImg?imagePath=1616407378603 - 404
2021-4-11 16:41:36 :GET /getImg?imagePath=1616409494290 - 404
2021-4-11 17:17:57 :GET /getImg?imagePath=1616409270435 - 404
2021-4-11 17:17:57 :GET /getImg?imagePath=1616409431216 - 404
2021-4-11 16:41:36 :GET /getImg?imagePath=1616406226097 - 404
2021-4-11 16:41:36 :GET /getImg?imagePath=1616406257104 - 404
2021-4-11 17:17:57 :GET /getImg?imagePath=1616409147272 - 404
2021-4-11 17:17:57 :GET /getImg?imagePath=1616406267254 - 404
2021-4-11 17:17:57 :OPTIONS /user/?get-sort - 0ms
2021-4-11 17:17:57 :OPTIONS /user/?get-goods - 0ms
2021-4-11 17:17:57 :OPTIONS /user/?get-image - 0ms
2021-4-11 17:17:57 :POST /user/?get-sort - 4ms
2021-4-11 17:17:57 :POST /user/?get-goods - 4ms
2021-4-11 17:17:57 :POST /user/?get-image - 4ms
2021-4-11 17:17:57 :GET /getImg?imagePath=1616409270435 - 404
2021-4-11 17:17:57 :GET /getImg?imagePath=1616406226097 - 404
2021-4-11 16:41:36 :GET /getImg?imagePath=1616409147272 - 404
2021-4-11 16:41:36 :GET /getImg?imagePath=1616409431216 - 404
2021-4-11 16:41:36 :GET /getImg?imagePath=1616406267254 - 404
2021-4-11 17:17:57 :GET /getImg?imagePath=1616407378603 - 404
2021-4-11 17:17:57 :GET /getImg?imagePath=1616409494290 - 404
2021-4-11 17:17:57 :GET /getImg?imagePath=1616406257104 - 404
2021-4-11 17:17:57 :OPTIONS /user/?get-sort - 0ms
2021-4-11 17:17:57 :OPTIONS /user/?get-goods - 0ms
2021-4-11 17:17:57 :OPTIONS /user/?get-image - 0ms
2021-4-11 17:17:57 :POST /user/?get-sort - 5ms
2021-4-11 17:17:57 :POST /user/?get-image - 4ms
2021-4-11 17:17:57 :POST /user/?get-goods - 4ms
2021-4-11 17:17:57 :GET /getImg?imagePath=1616407378603 - 404
2021-4-11 16:41:36 :GET /getImg?imagePath=1616409270435 - 404
2021-4-11 17:17:57 :GET /getImg?imagePath=1616409494290 - 404
2021-4-11 17:17:57 :GET /getImg?imagePath=1616406226097 - 404
2021-4-11 17:17:57 :GET /getImg?imagePath=1616409147272 - 404
2021-4-11 17:17:57 :GET /getImg?imagePath=1616406257104 - 404
2021-4-11 16:41:36 :GET /getImg?imagePath=1616409431216 - 404
2021-4-11 16:41:36 :GET /getImg?imagePath=1616406267254 - 404
2021-4-11 17:17:57 :OPTIONS /user/?get-sort - 0ms
2021-4-11 17:17:57 :OPTIONS /user/?get-goods - 0ms
2021-4-11 17:17:57 :OPTIONS /user/?get-image - 0ms
2021-4-11 17:17:57 :POST /user/?get-sort - 4ms
2021-4-11 17:17:57 :POST /user/?get-goods - 4ms
2021-4-11 17:17:57 :POST /user/?get-image - 4ms
2021-4-11 17:17:57 :GET /getImg?imagePath=1616407378603 - 404
2021-4-11 16:41:36 :GET /getImg?imagePath=1616409270435 - 404
2021-4-11 17:17:57 :GET /getImg?imagePath=1616409494290 - 404
2021-4-11 17:17:57 :GET /getImg?imagePath=1616406226097 - 404
2021-4-11 16:41:36 :GET /getImg?imagePath=1616409431216 - 404
2021-4-11 16:41:36 :GET /getImg?imagePath=1616406267254 - 404
2021-4-11 17:17:57 :GET /getImg?imagePath=1616409147272 - 404
2021-4-11 17:17:57 :GET /getImg?imagePath=1616406257104 - 404
2021-4-11 17:17:57 :OPTIONS /user/?get-sort - 0ms
2021-4-11 17:17:57 :OPTIONS /user/?get-goods - 0ms
2021-4-11 17:17:57 :OPTIONS /user/?get-image - 0ms
2021-4-11 16:41:36 :POST /user/?get-sort - 2ms
2021-4-11 17:17:57 :POST /user/?get-goods - 3ms
2021-4-11 17:17:57 :POST /user/?get-image - 4ms
2021-4-11 17:17:57 :GET /getImg?imagePath=1616407378603 - 404
2021-4-11 16:41:36 :GET /getImg?imagePath=1616409270435 - 404
2021-4-11 17:17:57 :GET /getImg?imagePath=1616409494290 - 404
2021-4-11 17:17:57 :GET /getImg?imagePath=1616406226097 - 404
2021-4-11 17:17:57 :GET /getImg?imagePath=1616409147272 - 404
2021-4-11 17:17:57 :GET /getImg?imagePath=1616406257104 - 404
2021-4-11 16:41:36 :GET /getImg?imagePath=1616409431216 - 404
2021-4-11 16:41:36 :GET /getImg?imagePath=1616406267254 - 404
2021-4-11 17:17:57 :OPTIONS /user/?get-sort - 1ms
2021-4-11 17:17:57 :OPTIONS /user/?get-goods - 1ms
2021-4-11 17:17:57 :POST /user/?get-sort - 3ms
2021-4-11 17:17:57 :POST /user/?get-goods - 2ms
2021-4-11 17:17:57 :POST /user/?get-goods - 2ms
2021-4-11 17:17:57 :OPTIONS /user/?get-image - 0ms
2021-4-11 17:17:57 :POST /user/?get-goods - 3ms
2021-4-11 17:17:57 :POST /user/?get-sort - 5ms
2021-4-11 17:17:57 :POST /user/?get-image - 3ms
2021-4-11 17:17:57 :POST /user/?get-sort - 3ms
2021-4-11 17:17:57 :POST /user/?get-goods - 2ms
2021-4-11 17:17:57 :POST /user/?get-goods - 2ms
2021-4-11 17:17:57 :POST /user/?get-sort - 3ms
2021-4-11 17:17:57 :POST /user/?get-goods - 4ms
2021-4-11 17:17:57 :POST /user/?get-image - 3ms
2021-4-11 17:17:57 :POST /user/?get-sort - 3ms
2021-4-11 17:17:57 :POST /user/?get-goods - 2ms
2021-4-11 17:17:57 :POST /user/?get-goods - 2ms
2021-4-11 17:17:57 :OPTIONS /user/?get-sort - 0ms
2021-4-11 17:17:57 :OPTIONS /user/?get-goods - 0ms
2021-4-11 17:17:57 :POST /user/?get-image - 4ms
2021-4-11 17:17:57 :POST /user/?get-sort - 3ms
2021-4-11 17:17:57 :POST /user/?get-goods - 3ms
2021-4-11 17:17:57 :POST /user/?get-goods - 2ms
2021-4-11 17:17:57 :POST /user/?get-sort - 3ms
2021-4-11 17:17:57 :POST /user/?get-goods - 2ms
2021-4-11 17:17:57 :OPTIONS /user/?get-image - 0ms
2021-4-11 17:17:57 :POST /user/?get-sort - 4ms
2021-4-11 17:17:57 :POST /user/?get-goods - 3ms
2021-4-11 17:17:57 :POST /user/?get-image - 3ms
2021-4-11 17:17:57 :GET /getImg?imagePath=1616406226097 - 404
2021-4-11 17:17:57 :GET /getImg?imagePath=1616407378603 - 404
2021-4-11 17:17:57 :GET /getImg?imagePath=1616409147272 - 404
2021-4-11 17:17:57 :GET /getImg?imagePath=1616406267254 - 404
2021-4-11 16:41:36 :GET /getImg?imagePath=1616409270435 - 404
2021-4-11 16:41:36 :GET /getImg?imagePath=1616409431216 - 404
2021-4-11 16:41:36 :GET /getImg?imagePath=1616409494290 - 404
2021-4-11 16:41:36 :GET /getImg?imagePath=1616406257104 - 404
2021-4-11 17:17:57 :POST /user/?get-sort - 2ms
2021-4-11 17:17:57 :POST /user/?get-goods - 2ms
2021-4-11 17:17:57 :POST /user/?get-goods - 2ms
2021-4-11 17:17:57 :OPTIONS /user/?get-news - 1ms
2021-4-11 17:24:28 :OPTIONS /user/?get-sort - 1ms
2021-4-11 17:24:28 :OPTIONS /user/?get-goods - 0ms
2021-4-11 17:24:28 :POST /user/?get-sort - 90ms
2021-4-11 17:24:28 :POST /user/?get-goods - 7ms
2021-4-11 17:24:28 :POST /user/?get-goods - 2ms
2021-4-11 17:24:28 :OPTIONS /user/?get-image - 0ms
2021-4-11 17:24:28 :POST /user/?get-sort - 5ms
2021-4-11 17:24:28 :POST /user/?get-goods - 5ms
2021-4-11 17:24:28 :POST /user/?get-image - 3ms
2021-4-11 17:24:28 :GET /getImg?imagePath=1616409147272 - 404
2021-4-11 17:17:57 :GET /getImg?imagePath=1616407378603 - 404
2021-4-11 17:24:28 :GET /getImg?imagePath=1616409270435 - 404
2021-4-11 17:24:28 :GET /getImg?imagePath=1616406257104 - 404
2021-4-11 17:17:57 :GET /getImg?imagePath=1616406226097 - 404
2021-4-11 17:17:57 :GET /getImg?imagePath=1616406267254 - 404
2021-4-11 17:24:27 :GET /getImg?imagePath=1616409431216 - 404
2021-4-11 17:24:27 :GET /getImg?imagePath=1616409494290 - 404
2021-4-11 17:24:28 :POST /user/?get-sort - 3ms
2021-4-11 17:24:28 :POST /user/?get-goods - 3ms
2021-4-11 17:24:28 :POST /user/?get-goods - 2ms
2021-4-11 17:24:28 :POST /user/?get-sort - 3ms
2021-4-11 17:24:28 :POST /user/?get-image - 2ms
2021-4-11 17:24:28 :POST /user/?get-goods - 3ms
2021-4-11 17:24:28 :GET /getImg?imagePath=1616409431216 - 404
2021-4-11 17:24:28 :GET /getImg?imagePath=1616406226097 - 404
2021-4-11 17:17:57 :GET /getImg?imagePath=1616409270435 - 404
2021-4-11 17:17:57 :GET /getImg?imagePath=1616409494290 - 404
2021-4-11 17:17:57 :GET /getImg?imagePath=1616406257104 - 404
2021-4-11 17:24:27 :GET /getImg?imagePath=1616407378603 - 404
2021-4-11 17:24:27 :GET /getImg?imagePath=1616409147272 - 404
2021-4-11 17:24:27 :GET /getImg?imagePath=1616406267254 - 404
2021-4-11 17:17:57 :OPTIONS /user/?get-image - 0ms
2021-4-11 17:24:27 :OPTIONS /user/?get-sort - 0ms
2021-4-11 17:24:27 :OPTIONS /user/?get-goods - 0ms
2021-4-11 17:17:57 :POST /user/?get-image - 2ms
2021-4-11 17:17:57 :GET /getImg?imagePath=1616406257104 - 404
2021-4-11 17:17:57 :GET /getImg?imagePath=1616406267254 - 404
2021-4-11 17:24:27 :GET /getImg?imagePath=1616406226097 - 404
2021-4-11 17:24:27 :POST /user/?get-sort - 116ms
2021-4-11 17:24:27 :POST /user/?get-goods - 20ms
2021-4-11 17:24:27 :GET /getImg?imagePath=1616407378603 - 404
2021-4-11 17:24:27 :GET /getImg?imagePath=1616409431216 - 404
2021-4-11 17:17:57 :GET /getImg?imagePath=1616409147272 - 404
2021-4-11 17:17:57 :GET /getImg?imagePath=1616409270435 - 404
2021-4-11 17:17:57 :GET /getImg?imagePath=1616409494290 - 404
2021-4-11 17:24:27 :POST /user/?get-sort - 2ms
2021-4-11 17:24:27 :POST /user/?get-goods - 3ms
2021-4-11 17:24:27 :POST /user/?get-goods - 2ms
2021-4-11 17:17:57 :POST /user/?get-image - 2ms
2021-4-11 17:24:27 :POST /user/?get-sort - 3ms
2021-4-11 17:24:27 :POST /user/?get-goods - 3ms
2021-4-11 17:17:57 :OPTIONS /user/?get-sort - 0ms
2021-4-11 17:17:57 :OPTIONS /user/?get-goods - 0ms
2021-4-11 17:17:57 :OPTIONS /user/?get-image - 0ms
2021-4-11 17:24:27 :POST /user/?get-sort - 3ms
2021-4-11 17:17:57 :POST /user/?get-goods - 2ms
2021-4-11 17:17:57 :POST /user/?get-image - 2ms
2021-4-11 17:24:27 :GET /getImg?imagePath=1616407378603 - 404
2021-4-11 17:17:57 :GET /getImg?imagePath=1616409270435 - 404
2021-4-11 17:24:28 :GET /getImg?imagePath=1616409494290 - 404
2021-4-11 17:24:28 :GET /getImg?imagePath=1616406226097 - 404
2021-4-11 17:24:27 :GET /getImg?imagePath=1616409147272 - 404
2021-4-11 17:24:27 :GET /getImg?imagePath=1616406257104 - 404
2021-4-11 17:17:57 :GET /getImg?imagePath=1616409431216 - 404
2021-4-11 17:17:57 :GET /getImg?imagePath=1616406267254 - 404
2021-4-11 17:17:57 :POST /user/?get-sort - 2ms
2021-4-11 17:17:57 :POST /user/?get-goods - 2ms
2021-4-11 17:17:57 :POST /user/?get-goods - 2ms
2021-4-11 17:24:27 :POST /user/?get-image - 2ms
2021-4-11 17:17:57 :POST /user/?get-sort - 3ms
2021-4-11 17:17:57 :POST /user/?get-goods - 2ms
2021-4-11 17:17:57 :OPTIONS /user/?get-news - 0ms
2021-4-11 17:25:13 :POST /user/?get-sort - 93ms
2021-4-11 17:25:13 :POST /user/?get-goods - 9ms
2021-4-11 17:25:13 :POST /user/?get-image - 94ms
2021-4-11 17:25:13 :OPTIONS /user/?get-sort - 1ms
2021-4-11 17:25:13 :OPTIONS /user/?get-image - 1ms
2021-4-11 17:25:13 :OPTIONS /user/?get-goods - 0ms
2021-4-11 17:25:13 :POST /user/?get-image - 2ms
2021-4-11 17:25:13 :POST /user/?get-sort - 4ms
2021-4-11 17:25:13 :POST /user/?get-goods - 3ms
2021-4-11 17:25:13 :GET /getImg?imagePath=1616407378603 - 404
2021-4-11 17:25:13 :GET /getImg?imagePath=1616409270435 - 404
2021-4-11 17:25:13 :GET /getImg?imagePath=1616409147272 - 404
2021-4-11 17:25:13 :GET /getImg?imagePath=1616406257104 - 404
2021-4-11 17:25:13 :GET /getImg?imagePath=1616409431216 - 404
2021-4-11 17:25:13 :GET /getImg?imagePath=1616406267254 - 404
2021-4-11 17:25:13 :GET /getImg?imagePath=1616409494290 - 404
2021-4-11 17:25:13 :GET /getImg?imagePath=1616406226097 - 404
2021-4-11 17:25:13 :OPTIONS /user/?get-image - 0ms
2021-4-11 17:25:13 :POST /user/?get-image - 3ms
2021-4-11 17:25:13 :GET /getImg?imagePath=1616406257104 - 404
2021-4-11 17:25:13 :GET /getImg?imagePath=1616406267254 - 404
2021-4-11 17:25:13 :OPTIONS /user/?get-sort - 1ms
2021-4-11 17:25:13 :OPTIONS /user/?get-goods - 0ms
2021-4-11 17:25:13 :GET /getImg?imagePath=1616406226097 - 404
2021-4-11 17:25:13 :POST /user/?get-sort - 123ms
2021-4-11 17:25:13 :POST /user/?get-goods - 24ms
2021-4-11 17:25:13 :GET /getImg?imagePath=1616409494290 - 404
2021-4-11 17:25:13 :GET /getImg?imagePath=1616409147272 - 404
2021-4-11 17:25:13 :GET /getImg?imagePath=1616409431216 - 404
2021-4-11 17:25:13 :GET /getImg?imagePath=1616407378603 - 404
2021-4-11 17:25:13 :GET /getImg?imagePath=1616409270435 - 404
2021-4-11 17:25:13 :OPTIONS /user/?get-sort - 0ms
2021-4-11 17:25:13 :OPTIONS /user/?get-goods - 0ms
2021-4-11 17:25:13 :OPTIONS /user/?get-image - 0ms
2021-4-11 17:25:13 :POST /user/?get-sort - 3ms
2021-4-11 17:25:13 :POST /user/?get-image - 3ms
2021-4-11 17:25:13 :POST /user/?get-goods - 5ms
2021-4-11 17:25:13 :GET /getImg?imagePath=1616407378603 - 404
2021-4-11 17:25:13 :GET /getImg?imagePath=1616409270435 - 404
2021-4-11 17:25:13 :GET /getImg?imagePath=1616409494290 - 404
2021-4-11 17:25:13 :GET /getImg?imagePath=1616406226097 - 404
2021-4-11 17:25:13 :GET /getImg?imagePath=1616409147272 - 404
2021-4-11 17:25:13 :GET /getImg?imagePath=1616406257104 - 404
2021-4-11 17:25:13 :GET /getImg?imagePath=1616409431216 - 404
2021-4-11 17:25:13 :GET /getImg?imagePath=1616406267254 - 404
2021-4-11 17:25:13 :OPTIONS /user/?get-sort - 0ms
2021-4-11 17:25:13 :OPTIONS /user/?get-image - 0ms
2021-4-11 17:25:13 :OPTIONS /user/?get-goods - 0ms
2021-4-11 17:25:13 :POST /user/?get-goods - 3ms
2021-4-11 17:25:13 :POST /user/?get-sort - 4ms
2021-4-11 17:25:13 :POST /user/?get-image - 4ms
2021-4-11 17:25:13 :GET /getImg?imagePath=1616407378603 - 404
2021-4-11 17:25:13 :GET /getImg?imagePath=1616409270435 - 404
2021-4-11 17:25:13 :GET /getImg?imagePath=1616409494290 - 404
2021-4-11 17:25:13 :GET /getImg?imagePath=1616406226097 - 404
2021-4-11 17:25:13 :GET /getImg?imagePath=1616409147272 - 404
2021-4-11 17:25:13 :GET /getImg?imagePath=1616406267254 - 404
2021-4-11 17:25:13 :GET /getImg?imagePath=1616409431216 - 404
2021-4-11 17:25:13 :GET /getImg?imagePath=1616406257104 - 404
2021-4-11 17:25:13 :OPTIONS /user/?get-sort - 1ms
2021-4-11 17:25:13 :OPTIONS /user/?get-image - 0ms
2021-4-11 17:25:13 :OPTIONS /user/?get-goods - 0ms
2021-4-11 17:25:13 :POST /user/?get-sort - 5ms
2021-4-11 17:25:13 :POST /user/?get-goods - 3ms
2021-4-11 17:25:13 :POST /user/?get-image - 3ms
2021-4-11 17:25:13 :GET /getImg?imagePath=1616407378603 - 404
2021-4-11 17:25:13 :GET /getImg?imagePath=1616409270435 - 404
2021-4-11 17:25:13 :GET /getImg?imagePath=1616409494290 - 404
2021-4-11 17:25:13 :GET /getImg?imagePath=1616406226097 - 404
2021-4-11 17:25:13 :GET /getImg?imagePath=1616409147272 - 404
2021-4-11 17:25:13 :GET /getImg?imagePath=1616406257104 - 404
2021-4-11 17:25:13 :GET /getImg?imagePath=1616409431216 - 404
2021-4-11 17:25:13 :GET /getImg?imagePath=1616406267254 - 404
2021-4-11 17:25:13 :POST /user/?get-sort - 2ms
2021-4-11 17:25:13 :POST /user/?get-goods - 2ms
2021-4-11 17:25:13 :POST /user/?get-goods - 2ms
2021-4-11 17:25:13 :OPTIONS /user/?get-sort - 0ms
2021-4-11 17:25:13 :OPTIONS /user/?get-goods - 1ms
2021-4-11 17:25:13 :OPTIONS /user/?get-image - 0ms
2021-4-11 17:25:13 :POST /user/?get-sort - 3ms
2021-4-11 17:25:13 :POST /user/?get-goods - 2ms
2021-4-11 17:25:13 :POST /user/?get-image - 2ms
2021-4-11 17:25:13 :POST /user/?get-sort - 2ms
2021-4-11 17:25:13 :POST /user/?get-goods - 2ms
2021-4-11 17:25:13 :POST /user/?get-goods - 2ms
2021-4-11 17:25:13 :OPTIONS /user/?get-news - 0ms
2021-4-11 17:43:52 :OPTIONS /user/?get-sort - 2ms
2021-4-11 17:43:52 :OPTIONS /user/?get-goods - 0ms
2021-4-11 17:43:52 :POST /user/?get-sort - 90ms
2021-4-11 17:43:52 :POST /user/?get-goods - 7ms
2021-4-11 17:43:52 :POST /user/?get-goods - 2ms
2021-4-11 17:43:52 :OPTIONS /user/?get-image - 0ms
2021-4-11 17:43:52 :POST /user/?get-sort - 5ms
2021-4-11 17:43:52 :POST /user/?get-goods - 4ms
2021-4-11 17:43:52 :POST /user/?get-image - 2ms
2021-4-11 17:43:49 :GET /getImg?imagePath=1616406226097 - 404
2021-4-11 17:43:52 :GET /getImg?imagePath=1616407378603 - 404
2021-4-11 17:43:52 :GET /getImg?imagePath=1616409147272 - 404
2021-4-11 17:43:49 :GET /getImg?imagePath=1616409431216 - 404
2021-4-11 17:43:49 :GET /getImg?imagePath=1616409494290 - 404
2021-4-11 17:43:52 :GET /getImg?imagePath=1616409270435 - 404
2021-4-11 17:43:52 :GET /getImg?imagePath=1616406257104 - 404
2021-4-11 17:43:52 :GET /getImg?imagePath=1616406267254 - 404
2021-4-11 17:43:52 :OPTIONS /user/?get-image - 1ms
2021-4-11 17:43:49 :OPTIONS /user/?get-sort - 1ms
2021-4-11 17:43:52 :POST /user/?get-image - 3ms
2021-4-11 17:43:52 :GET /getImg?imagePath=1616406257104 - 404
2021-4-11 17:43:52 :GET /getImg?imagePath=1616406267254 - 404
2021-4-11 17:43:49 :OPTIONS /user/?get-goods - 0ms
2021-4-11 17:43:49 :GET /getImg?imagePath=1616406226097 - 404
2021-4-11 17:43:49 :POST /user/?get-sort - 125ms
2021-4-11 17:43:49 :POST /user/?get-goods - 23ms
2021-4-11 17:43:49 :GET /getImg?imagePath=1616407378603 - 404
2021-4-11 17:43:49 :GET /getImg?imagePath=1616409431216 - 404
2021-4-11 17:43:52 :GET /getImg?imagePath=1616409147272 - 404
2021-4-11 17:43:52 :GET /getImg?imagePath=1616409270435 - 404
2021-4-11 17:43:52 :GET /getImg?imagePath=1616409494290 - 404
2021-4-11 17:43:52 :OPTIONS /user/?get-sort - 0ms
2021-4-11 17:43:52 :OPTIONS /user/?get-goods - 0ms
2021-4-11 17:43:52 :OPTIONS /user/?get-image - 0ms
2021-4-11 17:43:49 :POST /user/?get-sort - 3ms
2021-4-11 17:43:52 :POST /user/?get-goods - 3ms
2021-4-11 17:43:52 :POST /user/?get-image - 3ms
2021-4-11 17:43:49 :GET /getImg?imagePath=1616407378603 - 404
2021-4-11 17:43:52 :GET /getImg?imagePath=1616409270435 - 404
2021-4-11 17:43:49 :GET /getImg?imagePath=1616409494290 - 404
2021-4-11 17:43:49 :GET /getImg?imagePath=1616406226097 - 404
2021-4-11 17:43:49 :GET /getImg?imagePath=1616409147272 - 404
2021-4-11 17:43:49 :GET /getImg?imagePath=1616406257104 - 404
2021-4-11 17:43:52 :GET /getImg?imagePath=1616409431216 - 404
2021-4-11 17:43:52 :GET /getImg?imagePath=1616406267254 - 404
2021-4-11 17:43:52 :OPTIONS /user/?get-image - 0ms
2021-4-11 17:43:52 :POST /user/?get-image - 2ms
2021-4-11 17:43:52 :GET /getImg?imagePath=1616406257104 - 404
2021-4-11 17:43:52 :GET /getImg?imagePath=1616406267254 - 404
2021-4-11 17:43:49 :OPTIONS /user/?get-sort - 1ms
2021-4-11 17:43:49 :OPTIONS /user/?get-goods - 0ms
2021-4-11 17:43:49 :GET /getImg?imagePath=1616406226097 - 404
2021-4-11 17:43:49 :POST /user/?get-sort - 122ms
2021-4-11 17:43:49 :POST /user/?get-goods - 21ms
2021-4-11 17:43:49 :GET /getImg?imagePath=1616409494290 - 404
2021-4-11 17:43:49 :GET /getImg?imagePath=1616407378603 - 404
2021-4-11 17:43:49 :GET /getImg?imagePath=1616409270435 - 404
2021-4-11 17:43:52 :GET /getImg?imagePath=1616409147272 - 404
2021-4-11 17:43:52 :GET /getImg?imagePath=1616409431216 - 404
2021-4-11 17:43:52 :OPTIONS /user/?get-sort - 0ms
2021-4-11 17:43:52 :OPTIONS /user/?get-goods - 0ms
2021-4-11 17:43:52 :OPTIONS /user/?get-image - 0ms
2021-4-11 17:43:49 :POST /user/?get-sort - 2ms
2021-4-11 17:43:52 :POST /user/?get-goods - 3ms
2021-4-11 17:43:52 :POST /user/?get-image - 2ms
2021-4-11 17:43:52 :OPTIONS /user/?get-sort - 0ms
2021-4-11 17:43:52 :OPTIONS /user/?get-goods - 0ms
2021-4-11 17:43:52 :OPTIONS /user/?get-image - 0ms
2021-4-11 17:43:49 :POST /user/?get-sort - 2ms
2021-4-11 17:43:52 :POST /user/?get-goods - 3ms
2021-4-11 17:43:52 :POST /user/?get-image - 2ms
2021-4-11 17:43:49 :OPTIONS /user/?get-sort - 0ms
2021-4-11 17:43:52 :OPTIONS /user/?get-image - 0ms
2021-4-11 17:43:49 :OPTIONS /user/?get-goods - 0ms
2021-4-11 17:43:52 :POST /user/?get-goods - 3ms
2021-4-11 17:43:49 :POST /user/?get-sort - 3ms
2021-4-11 17:43:49 :POST /user/?get-image - 3ms
2021-4-11 17:43:49 :GET /getImg?imagePath=1616407378603 - 404
2021-4-11 17:43:52 :GET /getImg?imagePath=1616409270435 - 404
2021-4-11 17:43:49 :GET /getImg?imagePath=1616409494290 - 404
2021-4-11 17:43:49 :GET /getImg?imagePath=1616406226097 - 404
2021-4-11 17:43:49 :GET /getImg?imagePath=1616409147272 - 404
2021-4-11 17:43:49 :GET /getImg?imagePath=1616406257104 - 404
2021-4-11 17:43:52 :GET /getImg?imagePath=1616409431216 - 404
2021-4-11 17:43:52 :GET /getImg?imagePath=1616406267254 - 404
2021-4-11 17:43:49 :OPTIONS /user/?get-sort - 0ms
2021-4-11 17:43:49 :OPTIONS /user/?get-goods - 0ms
2021-4-11 17:43:49 :OPTIONS /user/?get-image - 0ms
2021-4-11 17:43:49 :POST /user/?get-sort - 4ms
2021-4-11 17:43:49 :POST /user/?get-goods - 3ms
2021-4-11 17:43:49 :POST /user/?get-image - 2ms
2021-4-11 17:43:49 :OPTIONS /user/?get-sort - 0ms
2021-4-11 17:43:49 :OPTIONS /user/?get-goods - 0ms
2021-4-11 17:43:49 :OPTIONS /user/?get-image - 0ms
2021-4-11 17:43:49 :POST /user/?get-sort - 6ms
2021-4-11 17:43:49 :POST /user/?get-goods - 5ms
2021-4-11 17:43:49 :POST /user/?get-image - 5ms
2021-4-11 17:43:52 :GET /getImg?imagePath=1616409270435 - 404
2021-4-11 17:43:49 :GET /getImg?imagePath=1616407378603 - 404
2021-4-11 17:43:49 :GET /getImg?imagePath=1616409147272 - 404
2021-4-11 17:43:52 :GET /getImg?imagePath=1616409494290 - 404
2021-4-11 17:43:52 :GET /getImg?imagePath=1616406257104 - 404
2021-4-11 17:43:49 :GET /getImg?imagePath=1616409431216 - 404
2021-4-11 17:43:49 :GET /getImg?imagePath=1616406226097 - 404
2021-4-11 17:43:49 :GET /getImg?imagePath=1616406267254 - 404
2021-4-11 17:43:49 :OPTIONS /user/?get-sort - 0ms
2021-4-11 17:43:49 :OPTIONS /user/?get-goods - 0ms
2021-4-11 17:43:49 :OPTIONS /user/?get-image - 0ms
2021-4-11 17:43:49 :POST /user/?get-sort - 4ms
2021-4-11 17:43:49 :POST /user/?get-goods - 3ms
2021-4-11 17:43:49 :POST /user/?get-image - 2ms
2021-4-11 17:43:49 :OPTIONS /user/?get-sort - 0ms
2021-4-11 17:43:49 :POST /user/?get-sort - 2ms
2021-4-11 17:43:49 :OPTIONS /user/?get-goods - 0ms
2021-4-11 17:43:49 :POST /user/?get-goods - 1ms
2021-4-11 17:43:49 :POST /user/?get-goods - 2ms
2021-4-11 17:43:49 :POST /user/?get-goods - 2ms
2021-4-11 17:43:52 :OPTIONS /user/?get-image - 1ms
2021-4-11 17:43:49 :POST /user/?get-sort - 4ms
2021-4-11 17:43:49 :POST /user/?get-goods - 3ms
2021-4-11 17:43:52 :POST /user/?get-image - 3ms
2021-4-11 17:43:52 :POST /user/?get-sort - 2ms
2021-4-11 17:43:52 :POST /user/?get-goods - 2ms
2021-4-11 17:43:52 :OPTIONS /user/?get-sort - 0ms
2021-4-11 17:43:49 :OPTIONS /user/?get-goods - 1ms
2021-4-11 17:43:52 :POST /user/?get-sort - 2ms
2021-4-11 17:43:49 :POST /user/?get-image - 3ms
2021-4-11 17:43:49 :POST /user/?get-goods - 2ms
2021-4-11 17:43:52 :POST /user/?get-goods - 2ms
2021-4-11 17:43:49 :POST /user/?get-sort - 2ms
2021-4-11 17:43:52 :POST /user/?get-goods - 2ms
2021-4-11 17:43:49 :OPTIONS /user/?get-image - 0ms
2021-4-11 17:43:52 :POST /user/?get-sort - 3ms
2021-4-11 17:43:49 :POST /user/?get-goods - 3ms
2021-4-11 17:43:49 :POST /user/?get-image - 2ms
2021-4-11 17:43:49 :OPTIONS /user/?get-news - 0ms
2021-4-11 17:57:9 :POST /user/?get-sort - 89ms
2021-4-11 17:57:9 :POST /user/?get-goods - 10ms
2021-4-11 17:57:9 :POST /user/?get-goods - 2ms
2021-4-11 17:57:9 :POST /user/?get-sort - 4ms
2021-4-11 17:57:9 :POST /user/?get-goods - 3ms
2021-4-11 17:57:9 :POST /user/?get-image - 3ms
2021-4-11 17:57:9 :POST /user/?get-sort - 2ms
2021-4-11 17:57:9 :POST /user/?get-goods - 2ms
2021-4-11 17:57:9 :POST /user/?get-goods - 2ms
2021-4-11 17:57:12 :OPTIONS /user/?get-sort - 1ms
2021-4-11 17:57:12 :OPTIONS /user/?get-goods - 0ms
2021-4-11 17:57:12 :POST /user/?get-sort - 90ms
2021-4-11 17:57:12 :POST /user/?get-goods - 7ms
2021-4-11 17:57:12 :POST /user/?get-goods - 2ms
2021-4-11 17:57:12 :POST /user/?get-sort - 4ms
2021-4-11 17:57:12 :POST /user/?get-goods - 4ms
2021-4-11 17:57:12 :POST /user/?get-image - 3ms
2021-4-11 17:57:12 :POST /user/?get-sort - 2ms
2021-4-11 17:57:12 :POST /user/?get-goods - 2ms
2021-4-11 17:57:12 :POST /user/?get-goods - 2ms
2021-4-11 17:57:12 :OPTIONS /user/?get-news - 0ms
2021-4-11 17:57:17 :OPTIONS /user/?get-sort - 0ms
2021-4-11 17:57:17 :OPTIONS /user/?get-goods - 0ms
2021-4-11 17:57:16 :OPTIONS /user/?get-image - 1ms
2021-4-11 17:57:17 :POST /user/?get-sort - 91ms
2021-4-11 17:57:17 :POST /user/?get-goods - 8ms
2021-4-11 17:57:16 :POST /user/?get-image - 93ms
2021-4-11 17:57:17 :POST /user/?get-goods - 2ms
2021-4-11 17:57:16 :POST /user/?get-sort - 2ms
2021-4-11 17:57:16 :POST /user/?get-goods - 2ms
2021-4-11 17:57:16 :OPTIONS /user/?get-news - 0ms
2021-4-11 17:57:35 :OPTIONS /user/?get-sort - 2ms
2021-4-11 17:57:35 :OPTIONS /user/?get-goods - 0ms
2021-4-11 17:57:35 :POST /user/?get-sort - 88ms
2021-4-11 17:57:35 :POST /user/?get-goods - 6ms
2021-4-11 17:57:35 :POST /user/?get-goods - 1ms
2021-4-11 17:57:35 :OPTIONS /user/?get-image - 0ms
2021-4-11 17:57:35 :POST /user/?get-sort - 5ms
2021-4-11 17:57:35 :POST /user/?get-goods - 4ms
2021-4-11 17:57:35 :POST /user/?get-image - 3ms
2021-4-11 17:57:35 :OPTIONS /user/?get-sort - 0ms
2021-4-11 17:57:35 :OPTIONS /user/?get-goods - 0ms
2021-4-11 17:57:35 :POST /user/?get-sort - 4ms
2021-4-11 17:57:35 :POST /user/?get-goods - 3ms
2021-4-11 17:57:35 :GET /getImg?imagePath=1616407378603 - 404
2021-4-11 17:57:35 :GET /getImg?imagePath=1616409147272 - 404
2021-4-11 17:57:33 :GET /getImg?imagePath=1616409431216 - 404
2021-4-11 17:57:33 :GET /getImg?imagePath=1616409494290 - 404
2021-4-11 17:57:33 :OPTIONS /user/?get-image - 2ms
2021-4-11 17:57:33 :GET /getImg?imagePath=1616409270435 - 404
2021-4-11 17:57:33 :POST /user/?get-image - 119ms
2021-4-11 17:57:33 :GET /getImg?imagePath=1616406226097 - 404
2021-4-11 17:57:33 :GET /getImg?imagePath=1616406257104 - 404
2021-4-11 17:57:33 :GET /getImg?imagePath=1616406267254 - 404
2021-4-11 17:57:33 :OPTIONS /user/?get-sort - 0ms
2021-4-11 17:57:33 :OPTIONS /user/?get-goods - 0ms
2021-4-11 17:57:33 :POST /user/?get-sort - 3ms
2021-4-11 17:57:33 :POST /user/?get-goods - 3ms
2021-4-11 17:57:33 :POST /user/?get-goods - 3ms
2021-4-11 17:57:33 :OPTIONS /user/?get-news - 0ms
2021-4-11 17:59:47 :POST /user/?get-sort - 90ms
2021-4-11 17:59:47 :POST /user/?get-goods - 9ms
2021-4-11 17:59:47 :POST /user/?get-goods - 2ms
2021-4-11 17:59:47 :OPTIONS /user/?get-image - 0ms
2021-4-11 17:59:47 :POST /user/?get-sort - 5ms
2021-4-11 17:59:47 :POST /user/?get-goods - 4ms
2021-4-11 17:59:47 :POST /user/?get-image - 3ms
2021-4-11 17:59:47 :OPTIONS /user/?get-sort - 0ms
2021-4-11 17:59:47 :OPTIONS /user/?get-goods - 0ms
2021-4-11 17:59:47 :POST /user/?get-sort - 3ms
2021-4-11 17:59:47 :POST /user/?get-goods - 2ms
2021-4-11 17:59:47 :GET /getImg?imagePath=1616407378603 - 404
2021-4-11 17:59:47 :GET /getImg?imagePath=1616409147272 - 404
2021-4-11 17:57:35 :GET /getImg?imagePath=1616409431216 - 404
2021-4-11 17:57:35 :GET /getImg?imagePath=1616409494290 - 404
2021-4-11 17:59:47 :OPTIONS /user/?get-image - 2ms
2021-4-11 17:59:47 :GET /getImg?imagePath=1616409270435 - 404
2021-4-11 17:59:47 :POST /user/?get-image - 116ms
2021-4-11 17:59:47 :GET /getImg?imagePath=1616406267254 - 404
2021-4-11 17:59:47 :GET /getImg?imagePath=1616406226097 - 404
2021-4-11 17:57:35 :GET /getImg?imagePath=1616406257104 - 404
2021-4-11 17:57:35 :OPTIONS /user/?get-image - 1ms
2021-4-11 17:59:47 :OPTIONS /user/?get-sort - 0ms
2021-4-11 17:59:47 :OPTIONS /user/?get-goods - 0ms
2021-4-11 17:57:35 :POST /user/?get-image - 2ms
2021-4-11 17:59:47 :POST /user/?get-sort - 4ms
2021-4-11 17:59:47 :POST /user/?get-goods - 4ms
2021-4-11 17:59:47 :GET /getImg?imagePath=1616409494290 - 404
2021-4-11 17:57:35 :GET /getImg?imagePath=1616409270435 - 404
2021-4-11 17:59:47 :GET /getImg?imagePath=1616407378603 - 404
2021-4-11 17:59:47 :GET /getImg?imagePath=1616409147272 - 404
2021-4-11 17:59:47 :GET /getImg?imagePath=1616406267254 - 404
2021-4-11 17:57:35 :GET /getImg?imagePath=1616409431216 - 404
2021-4-11 17:57:35 :GET /getImg?imagePath=1616406226097 - 404
2021-4-11 17:57:35 :GET /getImg?imagePath=1616406257104 - 404
2021-4-11 17:57:35 :OPTIONS /user/?get-sort - 0ms
2021-4-11 17:59:47 :OPTIONS /user/?get-image - 0ms
2021-4-11 17:57:35 :OPTIONS /user/?get-goods - 0ms
2021-4-11 17:59:47 :POST /user/?get-goods - 2ms
2021-4-11 17:57:35 :POST /user/?get-sort - 3ms
2021-4-11 17:57:35 :POST /user/?get-image - 3ms
2021-4-11 17:59:47 :GET /getImg?imagePath=1616409270435 - 404
2021-4-11 17:59:47 :GET /getImg?imagePath=1616409494290 - 404
2021-4-11 17:59:47 :GET /getImg?imagePath=1616406226097 - 404
2021-4-11 17:57:35 :GET /getImg?imagePath=1616407378603 - 404
2021-4-11 17:59:47 :GET /getImg?imagePath=1616409431216 - 404
2021-4-11 17:59:47 :GET /getImg?imagePath=1616406267254 - 404
2021-4-11 17:57:35 :GET /getImg?imagePath=1616409147272 - 404
2021-4-11 17:57:35 :GET /getImg?imagePath=1616406257104 - 404
2021-4-11 17:59:47 :OPTIONS /user/?get-news - 0ms
2021-4-11 18:1:29 :OPTIONS /user/?get-sort - 1ms
2021-4-11 18:1:29 :OPTIONS /user/?get-goods - 0ms
2021-4-11 18:1:29 :POST /user/?get-sort - 89ms
2021-4-11 18:1:29 :POST /user/?get-goods - 6ms
2021-4-11 18:1:29 :POST /user/?get-goods - 2ms
2021-4-11 18:1:29 :OPTIONS /user/?get-image - 0ms
2021-4-11 18:1:29 :POST /user/?get-sort - 5ms
2021-4-11 18:1:29 :POST /user/?get-goods - 4ms
2021-4-11 18:1:29 :POST /user/?get-image - 3ms
2021-4-11 18:1:29 :POST /user/?get-sort - 2ms
2021-4-11 18:1:29 :POST /user/?get-goods - 2ms
2021-4-11 18:1:29 :POST /user/?get-goods - 1ms
2021-4-11 18:1:29 :POST /user/?get-sort - 3ms
2021-4-11 18:1:29 :POST /user/?get-goods - 2ms
2021-4-11 18:1:29 :POST /user/?get-image - 3ms
2021-4-11 18:1:29 :OPTIONS /user/?get-sort - 0ms
2021-4-11 18:1:29 :OPTIONS /user/?get-goods - 0ms
2021-4-11 18:1:29 :POST /user/?get-sort - 2ms
2021-4-11 18:1:29 :POST /user/?get-goods - 2ms
2021-4-11 18:1:29 :POST /user/?get-goods - 2ms
2021-4-11 18:1:29 :POST /user/?get-goods - 2ms
2021-4-11 18:1:29 :POST /user/?get-goods - 2ms
2021-4-11 18:1:29 :POST /user/?get-goods - 1ms
2021-4-11 18:1:29 :POST /user/?get-goods - 2ms
2021-4-11 18:1:29 :POST /user/?get-goods - 2ms
2021-4-11 18:1:29 :POST /user/?get-goods - 2ms
2021-4-11 18:1:29 :OPTIONS /user/?get-news - 1ms
2021-4-11 18:1:47 :OPTIONS /user/?get-news - 0ms
2021-4-11 18:4:29 :OPTIONS /user/?get-image - 2ms
2021-4-11 18:4:29 :OPTIONS /user/?get-sort - 1ms
2021-4-11 18:4:29 :OPTIONS /user/?get-goods - 0ms
2021-4-11 18:4:29 :POST /user/?get-image - 92ms
2021-4-11 18:4:29 :POST /user/?get-sort - 95ms
2021-4-11 18:4:29 :POST /user/?get-goods - 7ms
2021-4-11 17:59:47 :GET /getImg?imagePath=1616409270435 - 404
2021-4-11 18:4:29 :GET /getImg?imagePath=1616406267254 - 404
2021-4-11 18:4:29 :GET /getImg?imagePath=1616407378603 - 404
2021-4-11 18:4:29 :GET /getImg?imagePath=1616409431216 - 404
2021-4-11 18:4:29 :GET /getImg?imagePath=1616406226097 - 404
2021-4-11 18:4:29 :GET /getImg?imagePath=1616406257104 - 404
2021-4-11 18:4:29 :GET /getImg?imagePath=1616409147272 - 404
2021-4-11 18:4:29 :GET /getImg?imagePath=1616409494290 - 404
2021-4-11 18:4:29 :POST /user/?get-sort - 3ms
2021-4-11 18:4:29 :POST /user/?get-goods - 3ms
2021-4-11 18:4:29 :POST /user/?get-goods - 1ms
2021-4-11 18:4:30 :OPTIONS /user/?get-user - 1ms
2021-4-11 18:4:30 :POST /user/?get-user - 89ms
2021-4-11 18:4:30 :OPTIONS /user/?get-image - 0ms
2021-4-11 18:4:30 :POST /user/?get-user - 5ms
2021-4-11 18:4:30 :POST /user/?get-image - 3ms
2021-4-11 18:4:30 :GET /getImg?imagePath=1616406257104 - 404
2021-4-11 18:4:30 :GET /getImg?imagePath=1616406226097 - 404
2021-4-11 18:4:30 :GET /getImg?imagePath=1616406267254 - 404
2021-4-11 18:4:30 :POST /user/?get-user - 2ms
2021-4-11 18:4:30 :OPTIONS /user/?get-sort - 0ms
2021-4-11 18:4:30 :POST /user/?get-sort - 2ms
2021-4-11 18:4:30 :POST /user/?get-user - 2ms
2021-4-11 18:4:30 :OPTIONS /user/?get-sort - 0ms
2021-4-11 18:4:30 :POST /user/?get-sort - 1ms
2021-4-11 18:4:30 :OPTIONS /user/?get-user - 1ms
2021-4-11 18:4:30 :POST /user/?get-user - 1ms
2021-4-11 18:4:30 :POST /user/?get-sort - 2ms
2021-4-11 18:4:30 :OPTIONS /user/?get-goods - 0ms
2021-4-11 18:4:30 :POST /user/?get-sort - 2ms
2021-4-11 18:4:30 :POST /user/?get-goods - 2ms
2021-4-11 18:4:30 :OPTIONS /user/?get-pay - 0ms
2021-4-11 18:4:30 :POST /user/?get-pay - 3ms
2021-4-11 18:4:30 :OPTIONS /user/?get-comment - 0ms
2021-4-11 18:4:30 :POST /user/?get-comment - 1ms
2021-4-11 18:4:30 :POST /user/?get-pay - 3ms
2021-4-11 18:4:30 :POST /user/?get-comment - 2ms
2021-4-11 18:4:30 :OPTIONS /user/?get-goods - 0ms
2021-4-11 18:4:30 :OPTIONS /user/?get-sort - 0ms
2021-4-11 18:4:30 :POST /user/?get-sort - 2ms
2021-4-11 18:4:30 :POST /user/?get-goods - 3ms
2021-4-11 18:4:30 :OPTIONS /user/?get-pay - 0ms
2021-4-11 18:4:30 :POST /user/?get-pay - 2ms
2021-4-11 18:4:30 :OPTIONS /user/?get-image - 0ms
2021-4-11 18:4:30 :POST /user/?get-image - 2ms
2021-4-11 18:4:30 :GET /getImg?imagePath=1616406226097 - 404
2021-4-11 18:4:30 :GET /getImg?imagePath=1616406267254 - 404
2021-4-11 18:4:30 :GET /getImg?imagePath=1616406257104 - 404
2021-4-11 18:4:30 :OPTIONS /user/?get-image - 0ms
2021-4-11 18:4:30 :POST /user/?get-image - 2ms
2021-4-11 18:4:30 :GET /getImg?imagePath=1616406267254 - 404
2021-4-11 18:4:30 :GET /getImg?imagePath=1616406226097 - 404
2021-4-11 18:4:30 :GET /getImg?imagePath=1616406257104 - 404