2020-4-10 16:20:1 :OPTIONS /user/ - 5ms
2020-4-10 16:23:39 :OPTIONS /user/ - 4ms
2020-4-10 16:23:39 :OPTIONS /user/ - 5ms
2020-4-10 16:23:39 :OPTIONS /user/ - 4ms
2020-4-10 16:23:59 :OPTIONS /user/ - 5ms
2020-4-10 16:23:59 :OPTIONS /user/ - 0ms
2020-4-10 16:23:58 :OPTIONS /user/ - 4ms
2020-4-10 16:24:36 :OPTIONS /user/ - 4ms
2020-4-10 16:24:36 :OPTIONS /user/ - 4ms
2020-4-10 16:24:36 :OPTIONS /user/ - 0ms
2020-4-10 16:25:30 :OPTIONS /user/ - 2ms
2020-4-10 16:28:52 :OPTIONS /user/ - 1ms
2020-4-10 16:32:35 :OPTIONS /user/ - 4ms
2020-4-10 16:33:4 :OPTIONS /user/ - 4ms
2020-4-10 16:33:5 :OPTIONS /user/ - 5ms
2020-4-10 16:25:29 :OPTIONS /user/ - 4ms
2020-4-10 16:33:31 :OPTIONS /user/ - 5ms
2020-4-10 16:33:38 :OPTIONS /user/ - 0ms
2020-4-10 16:34:20 :OPTIONS /user/ - 4ms
2020-4-10 16:34:25 :OPTIONS /upFile - 5ms
2020-4-10 16:34:25 :POST /upFile - 31ms
2020-4-10 16:34:25 :GET /getImg?imagePath=1586507667920 - 404
2020-4-10 16:34:25 :OPTIONS /user/ - 0ms
2020-4-10 16:34:32 :OPTIONS /user/ - 3ms
2020-4-10 16:34:32 :POST /user/ - 330ms
2020-4-10 16:34:32 :OPTIONS /user/ - 0ms
2020-4-10 16:34:32 :POST /user/ - 59ms
2020-4-10 16:34:32 :POST /user/ - 8ms
2020-4-10 16:34:32 :POST /user/ - 55ms
2020-4-10 16:34:32 :POST /user/ - 36ms
2020-4-10 16:34:32 :POST /user/ - 22ms
2020-4-10 16:34:32 :POST /user/ - 48ms
2020-4-10 16:34:32 :OPTIONS /user/ - 0ms
2020-4-10 16:34:32 :OPTIONS /user/ - 0ms
2020-4-10 16:34:32 :OPTIONS /user/ - 0ms
2020-4-10 16:34:32 :POST /user/ - 20ms
2020-4-10 16:34:32 :POST /user/ - 51ms
2020-4-10 16:34:30 :POST /user/ - 1204ms
2020-4-10 16:34:32 :POST /user/ - 1335ms
2020-4-10 16:34:32 :GET /getImg?imagePath=1586507667920 - 404
2020-4-10 16:34:32 :POST /user/ - 2333ms
2020-4-10 16:34:32 :POST /user/ - 2291ms
2020-4-10 16:34:32 :OPTIONS /user/ - 0ms
2020-4-10 16:34:30 :OPTIONS /user/ - 1ms
2020-4-10 16:34:32 :OPTIONS /user/ - 0ms
2020-4-10 16:34:30 :POST /user/ - 16ms
2020-4-10 16:34:32 :POST /user/ - 20ms
2020-4-10 16:34:32 :POST /user/ - 12ms
2020-4-10 16:34:30 :POST /user/ - 807ms
2020-4-10 16:34:32 :POST /user/ - 1350ms
2020-4-10 16:34:32 :POST /user/ - 1324ms
2020-4-10 16:34:32 :OPTIONS /user/ - 0ms
2020-4-10 16:34:32 :POST /user/ - 7ms
2020-4-10 16:34:32 :POST /user/ - 16ms
2020-4-10 16:34:32 :POST /user/ - 38ms
2020-4-10 16:34:32 :POST /user/ - 21ms
2020-4-10 16:34:32 :POST /user/ - 32ms
2020-4-10 16:34:32 :POST /user/ - 34ms
2020-4-10 16:34:32 :POST /user/ - 103ms
2020-4-10 16:34:32 :OPTIONS /upFile - 0ms
2020-4-10 16:34:32 :POST /upFile - 44ms
2020-4-10 16:34:32 :OPTIONS /user/ - 0ms
2020-4-10 16:34:32 :POST /user/ - 35ms
2020-4-10 16:34:32 :GET /getImg?imagePath=1586507791057 - 404
2020-4-10 16:34:32 :OPTIONS /upFile - 0ms
2020-4-10 16:34:32 :POST /upFile - 47ms
2020-4-10 16:34:32 :OPTIONS /user/ - 0ms
2020-4-10 16:34:32 :POST /user/ - 15ms
2020-4-10 16:34:32 :GET /getImg?imagePath=1586507796604 - 404
2020-4-10 16:34:32 :POST /user/ - 15ms
2020-4-10 16:34:32 :POST /user/ - 13ms
2020-4-10 16:34:30 :POST /user/ - 83ms
2020-4-10 16:34:20 :POST /user/ - 940ms
2020-4-10 16:34:20 :GET /getImg?imagePath=1586507791057 - 404
2020-4-10 16:34:32 :GET /getImg?imagePath=1586507796604 - 404
2020-4-10 16:34:32 :POST /user/ - 2628ms
2020-4-10 16:34:32 :POST /user/ - 2646ms
2020-4-10 16:34:20 :OPTIONS /user/ - 1ms
2020-4-10 16:34:32 :OPTIONS /user/ - 0ms
2020-4-10 16:34:32 :OPTIONS /user/ - 0ms
2020-4-10 16:34:32 :POST /user/ - 20ms
2020-4-10 16:34:20 :POST /user/ - 14ms
2020-4-10 16:34:32 :POST /user/ - 11ms
2020-4-10 16:34:32 :POST /user/ - 116ms
2020-4-10 16:34:32 :POST /user/ - 205ms
2020-4-10 16:34:20 :POST /user/ - 126ms
2020-4-10 16:34:20 :OPTIONS /user/ - 1ms
2020-4-10 16:34:20 :OPTIONS /user/ - 0ms
2020-4-10 16:34:20 :OPTIONS /user/ - 0ms
2020-4-10 16:34:20 :POST /user/ - 19ms
2020-4-10 16:34:20 :POST /user/ - 16ms
2020-4-10 16:34:20 :POST /user/ - 13ms
2020-4-10 16:34:32 :GET /getImg?imagePath=1586507791057 - 404
2020-4-10 16:34:32 :GET /getImg?imagePath=1586507796604 - 404
2020-4-10 16:34:20 :GET /getImg?imagePath=1586507667920 - 404
2020-4-10 16:34:20 :POST /user/ - 4211ms
2020-4-10 16:34:20 :POST /user/ - 4208ms
2020-4-10 16:34:20 :POST /user/ - 4451ms
2020-4-10 16:34:20 :OPTIONS /upFile - 0ms
2020-4-10 16:34:20 :POST /upFile - 18ms
2020-4-10 16:34:20 :OPTIONS /user/ - 1ms
2020-4-10 16:34:20 :POST /user/ - 30ms
2020-4-10 16:34:32 :GET /getImg?imagePath=1586507820815 - 404
2020-4-10 16:34:20 :GET /getImg?imagePath=1586507796604 - 404
2020-4-10 16:34:20 :GET /getImg?imagePath=1586507791057 - 404
2020-4-10 16:34:20 :OPTIONS /user/ - 1ms
2020-4-10 16:34:20 :OPTIONS /user/ - 0ms
2020-4-10 16:34:20 :OPTIONS /user/ - 0ms
2020-4-10 16:34:20 :POST /user/ - 58ms
2020-4-10 16:34:20 :POST /user/ - 62ms
2020-4-10 16:34:20 :POST /user/ - 65ms
2020-4-10 16:34:30 :GET /getImg?imagePath=1586507820815 - 404
2020-4-10 16:34:32 :GET /getImg?imagePath=1586507791057 - 404
2020-4-10 16:34:20 :GET /getImg?imagePath=1586507667920 - 404
2020-4-10 16:34:20 :GET /getImg?imagePath=1586507796604 - 404
2020-4-10 16:34:20 :POST /user/ - 1495ms
2020-4-10 16:34:20 :POST /user/ - 1597ms
2020-4-10 16:34:20 :POST /user/ - 1433ms
2020-4-10 16:34:32 :OPTIONS /user/ - 0ms
2020-4-10 16:34:32 :OPTIONS /user/ - 1ms
2020-4-10 16:34:20 :OPTIONS /user/ - 0ms
2020-4-10 16:34:32 :POST /user/ - 12ms
2020-4-10 16:34:32 :POST /user/ - 13ms
2020-4-10 16:34:20 :POST /user/ - 17ms
2020-4-10 16:34:20 :GET /getImg?imagePath=1586507791057 - 404
2020-4-10 16:34:20 :POST /user/ - 913ms
2020-4-10 16:34:32 :GET /getImg?imagePath=1586507796604 - 404
2020-4-10 16:34:20 :POST /user/ - 437ms
2020-4-10 16:34:32 :POST /user/ - 1433ms
2020-4-10 16:34:32 :POST /user/ - 1361ms
2020-4-10 16:33:30 :GET /getImg?imagePath=1586507667920 - 404
2020-4-10 16:34:30 :GET /getImg?imagePath=1586507820815 - 404
2020-4-10 16:34:30 :POST /user/ - 73ms
2020-4-10 16:33:30 :POST /user/ - 550ms
2020-4-10 16:34:30 :OPTIONS /user/ - 0ms
2020-4-10 16:33:30 :OPTIONS /user/ - 1ms
2020-4-10 16:34:30 :POST /user/ - 16ms
2020-4-10 16:33:30 :OPTIONS /user/ - 0ms
2020-4-10 16:33:30 :POST /user/ - 36ms
2020-4-10 16:33:30 :POST /user/ - 17ms
2020-4-10 16:34:30 :POST /user/ - 59ms
2020-4-10 16:33:30 :POST /user/ - 2523ms
2020-4-10 16:33:30 :POST /user/ - 2512ms
2020-4-10 16:34:20 :OPTIONS /user/ - 0ms
2020-4-10 16:33:30 :OPTIONS /user/ - 1ms
2020-4-10 16:34:20 :OPTIONS /user/ - 0ms
2020-4-10 16:34:20 :POST /user/ - 22ms
2020-4-10 16:33:30 :POST /user/ - 11ms
2020-4-10 16:34:20 :POST /user/ - 12ms
2020-4-10 16:34:20 :POST /user/ - 172ms
2020-4-10 16:34:20 :POST /user/ - 24ms
2020-4-10 16:33:30 :POST /user/ - 978ms
2020-4-10 16:34:30 :POST /user/ - 52ms
2020-4-10 16:34:20 :POST /user/ - 253ms
2020-4-10 16:34:20 :POST /user/ - 143ms
2020-4-10 16:34:30 :OPTIONS /user/ - 0ms
2020-4-10 16:33:30 :OPTIONS /user/ - 0ms
2020-4-10 16:34:20 :OPTIONS /user/ - 0ms
2020-4-10 16:34:30 :POST /user/ - 29ms
2020-4-10 16:34:20 :POST /user/ - 29ms
2020-4-10 16:33:30 :POST /user/ - 31ms
2020-4-10 16:34:20 :POST /user/ - 30ms
2020-4-10 16:33:30 :POST /user/ - 33ms
2020-4-10 16:34:30 :POST /user/ - 33ms
2020-4-10 16:34:30 :POST /user/ - 1588ms
2020-4-10 16:34:30 :OPTIONS /user/ - 0ms
2020-4-10 16:34:30 :OPTIONS /user/ - 0ms
2020-4-10 16:34:30 :POST /user/ - 28ms
2020-4-10 16:34:30 :POST /user/ - 75ms
2020-4-10 16:34:20 :POST /user/ - 452ms
2020-4-10 16:34:30 :POST /user/ - 40ms
2020-4-10 16:34:20 :POST /user/ - 42ms
2020-4-10 16:34:30 :POST /user/ - 30ms
2020-4-10 16:33:30 :OPTIONS /user/ - 0ms
2020-4-10 16:33:30 :POST /user/ - 2291ms
2020-4-10 16:33:30 :POST /user/ - 713ms
2020-4-10 16:34:30 :POST /user/ - 8ms
2020-4-10 16:33:30 :POST /user/ - 10ms
2020-4-10 16:33:30 :POST /user/ - 15ms
2020-4-10 16:33:30 :OPTIONS /user/ - 0ms
2020-4-10 16:34:30 :OPTIONS /user/ - 0ms
2020-4-10 16:34:20 :OPTIONS /user/ - 0ms
2020-4-10 16:33:30 :POST /user/ - 17ms
2020-4-10 16:34:30 :POST /user/ - 9ms
2020-4-10 16:34:20 :POST /user/ - 10ms
2020-4-10 16:34:20 :POST /user/ - 10ms
2020-4-10 16:33:30 :POST /user/ - 19ms
2020-4-10 16:34:30 :POST /user/ - 17ms
2020-4-10 16:34:20 :POST /user/ - 862ms
2020-4-10 16:33:30 :POST /user/ - 15ms
2020-4-10 16:34:30 :POST /user/ - 1146ms
2020-4-10 16:34:20 :OPTIONS /user/ - 0ms
2020-4-10 16:34:20 :POST /user/ - 15ms
2020-4-10 16:34:20 :POST /user/ - 13ms
2020-4-10 16:34:20 :POST /user/ - 11ms
2020-4-10 16:34:20 :POST /user/ - 5ms
2020-4-10 16:34:20 :POST /user/ - 6ms
2020-4-10 16:34:20 :POST /user/ - 9ms
2020-4-10 16:34:20 :POST /user/ - 10ms
2020-4-10 16:34:20 :POST /user/ - 5ms
2020-4-10 16:34:20 :POST /user/ - 5ms
2020-4-10 16:34:30 :POST /user/ - 9ms
2020-4-10 16:34:20 :POST /user/ - 12ms
2020-4-10 16:34:20 :POST /user/ - 13ms
2020-4-10 16:34:20 :POST /user/ - 14ms
2020-4-10 16:34:20 :POST /user/ - 14ms
2020-4-10 16:34:20 :POST /user/ - 60ms
2020-4-10 16:34:30 :OPTIONS /user/ - 0ms
2020-4-10 16:34:20 :OPTIONS /user/ - 0ms
2020-4-10 16:34:20 :OPTIONS /user/ - 0ms
2020-4-10 16:34:30 :POST /user/ - 10ms
2020-4-10 16:34:20 :POST /user/ - 14ms
2020-4-10 16:34:20 :POST /user/ - 14ms
2020-4-10 16:34:30 :POST /user/ - 12ms
2020-4-10 16:34:20 :POST /user/ - 2414ms
2020-4-10 16:34:20 :POST /user/ - 2419ms
2020-4-10 16:34:30 :OPTIONS /user/ - 0ms
2020-4-10 16:34:20 :OPTIONS /user/ - 0ms
2020-4-10 16:34:20 :OPTIONS /user/ - 0ms
2020-4-10 16:34:30 :POST /user/ - 10ms
2020-4-10 16:34:20 :POST /user/ - 11ms
2020-4-10 16:34:20 :POST /user/ - 14ms
2020-4-10 16:34:30 :POST /user/ - 1109ms
2020-4-10 16:34:20 :POST /user/ - 1314ms
2020-4-10 16:34:20 :POST /user/ - 1252ms
2020-4-10 16:34:20 :POST /user/ - 778ms
2020-4-10 16:34:20 :POST /user/ - 12ms
2020-4-10 16:34:30 :POST /user/ - 6ms
2020-4-10 16:34:20 :POST /user/ - 11ms
2020-4-10 16:34:20 :POST /user/ - 11ms
2020-4-10 16:34:30 :OPTIONS /user/ - 0ms
2020-4-10 16:34:20 :OPTIONS /user/ - 0ms
2020-4-10 16:34:20 :OPTIONS /user/ - 0ms
2020-4-10 16:34:30 :POST /user/ - 17ms
2020-4-10 16:34:20 :POST /user/ - 17ms
2020-4-10 16:34:20 :POST /user/ - 15ms
2020-4-10 16:34:30 :POST /user/ - 734ms
2020-4-10 16:34:20 :POST /user/ - 1130ms
2020-4-10 16:34:20 :POST /user/ - 1037ms
2020-4-10 16:34:20 :OPTIONS /user/ - 0ms
2020-4-10 16:34:20 :POST /user/ - 59ms
2020-4-10 16:34:20 :OPTIONS /user/ - 0ms
2020-4-10 16:34:20 :POST /user/ - 27ms
2020-4-10 16:34:20 :OPTIONS /user/ - 0ms
2020-4-10 16:34:20 :POST /user/ - 17ms
2020-4-10 16:34:20 :OPTIONS /user/ - 0ms
2020-4-10 16:34:20 :POST /user/ - 9ms
2020-4-10 16:34:20 :POST /user/ - 20ms
2020-4-10 16:34:20 :OPTIONS /user/ - 1ms
2020-4-10 16:34:20 :POST /user/ - 36ms
2020-4-10 16:34:20 :POST /user/ - 7ms
2020-4-10 16:34:20 :OPTIONS /user/ - 0ms
2020-4-10 16:34:20 :POST /user/ - 12ms
2020-4-10 16:34:20 :OPTIONS /user/ - 0ms
2020-4-10 16:44:50 :POST /user/ - 396ms
2020-4-10 16:44:50 :OPTIONS /user/ - 1ms
2020-4-10 16:44:50 :POST /user/ - 59ms
2020-4-10 16:44:50 :POST /user/ - 8ms
2020-4-10 16:44:50 :OPTIONS /user/ - 1ms
2020-4-10 16:44:50 :POST /user/ - 11ms
2020-4-10 16:44:50 :POST /user/ - 8ms
2020-4-10 16:44:50 :OPTIONS /user/ - 0ms
2020-4-10 16:44:50 :POST /user/ - 10ms
2020-4-10 16:33:30 :OPTIONS /user/ - 0ms
2020-4-10 16:44:50 :OPTIONS /user/ - 0ms
2020-4-10 16:44:50 :POST /user/ - 10ms
2020-4-10 16:33:30 :POST /user/ - 10ms
2020-4-10 16:44:50 :OPTIONS /user/ - 5ms
2020-4-10 16:44:50 :POST /user/ - 2095ms
2020-4-10 16:33:30 :POST /user/ - 18ms
2020-4-10 16:44:50 :POST /user/ - 38ms
2020-4-10 16:44:50 :POST /user/ - 14ms
2020-4-10 16:44:50 :OPTIONS /user/ - 0ms
2020-4-10 16:44:50 :POST /user/ - 18ms
2020-4-10 16:44:50 :POST /user/ - 27ms
2020-4-10 16:44:50 :POST /user/ - 18ms
2020-4-10 16:33:30 :POST /user/ - 15ms
2020-4-10 16:44:50 :POST /user/ - 28ms
2020-4-10 16:44:50 :POST /user/ - 23ms
2020-4-10 16:44:50 :POST /user/ - 997ms
2020-4-10 16:44:50 :POST /user/ - 1463ms
2020-4-10 16:33:30 :POST /user/ - 47ms
2020-4-10 16:34:32 :OPTIONS /user/ - 0ms
2020-4-10 16:34:32 :POST /user/ - 23ms
2020-4-10 16:34:32 :POST /user/ - 41ms
2020-4-10 16:34:32 :POST /user/ - 35ms
2020-4-10 16:34:32 :POST /user/ - 7ms
2020-4-10 16:34:32 :POST /user/ - 6ms
2020-4-10 16:34:32 :POST /user/ - 7ms
2020-4-10 16:34:32 :POST /user/ - 6ms
2020-4-10 16:34:32 :POST /user/ - 7ms
2020-4-10 16:34:32 :POST /user/ - 42ms
2020-4-10 16:34:32 :POST /user/ - 7ms
2020-4-10 16:34:32 :OPTIONS /user/ - 0ms
2020-4-10 16:34:32 :POST /user/ - 6ms
2020-4-10 16:34:32 :POST /user/ - 6ms
2020-4-10 16:44:50 :OPTIONS /user/ - 0ms
2020-4-10 16:34:32 :OPTIONS /user/ - 0ms
2020-4-10 16:44:50 :OPTIONS /user/ - 0ms
2020-4-10 16:44:50 :POST /user/ - 11ms
2020-4-10 16:34:32 :POST /user/ - 12ms
2020-4-10 16:44:50 :POST /user/ - 14ms
2020-4-10 16:34:32 :POST /user/ - 1503ms
2020-4-10 16:44:50 :POST /user/ - 877ms
2020-4-10 16:44:50 :POST /user/ - 759ms
2020-4-10 16:44:50 :OPTIONS /user/ - 0ms
2020-4-10 16:44:50 :OPTIONS /user/ - 0ms
2020-4-10 16:34:32 :OPTIONS /user/ - 0ms
2020-4-10 16:44:50 :POST /user/ - 56ms
2020-4-10 16:44:50 :POST /user/ - 49ms
2020-4-10 16:34:32 :POST /user/ - 43ms
2020-4-10 16:34:32 :GET /getImg?imagePath=1586507667920 - 404
2020-4-10 16:44:50 :GET /getImg?imagePath=1586507796604 - 404
2020-4-10 16:44:50 :GET /getImg?imagePath=1586507791057 - 404
2020-4-10 16:44:50 :POST /user/ - 1880ms
2020-4-10 16:34:32 :GET /getImg?imagePath=1586507820815 - 404
2020-4-10 16:34:32 :POST /user/ - 2919ms
2020-4-10 16:44:50 :POST /user/ - 3541ms
2020-4-10 16:44:50 :OPTIONS /user/ - 0ms
2020-4-10 16:44:50 :POST /user/ - 8ms
2020-4-10 16:44:50 :POST /user/ - 12ms
2020-4-10 16:34:32 :POST /user/ - 8ms
2020-4-10 16:44:50 :POST /user/ - 10ms
2020-4-10 16:44:50 :POST /user/ - 65ms
2020-4-10 16:34:32 :POST /user/ - 425ms
2020-4-10 16:44:50 :POST /user/ - 902ms
2020-4-10 16:44:50 :POST /user/ - 840ms
2020-4-10 16:44:50 :OPTIONS /user/ - 0ms
2020-4-10 16:44:50 :POST /user/ - 14ms
2020-4-10 16:34:32 :POST /user/ - 11ms
2020-4-10 16:44:50 :POST /user/ - 18ms
2020-4-10 16:44:50 :POST /user/ - 17ms
2020-4-10 16:34:32 :POST /user/ - 55ms
2020-4-10 16:44:50 :POST /user/ - 666ms
2020-4-10 16:44:50 :POST /user/ - 668ms
2020-4-10 16:44:50 :POST /user/ - 28ms
2020-4-10 16:44:50 :OPTIONS /user/ - 0ms
2020-4-10 16:44:50 :POST /user/ - 7ms
2020-4-10 16:44:50 :OPTIONS /user/ - 0ms
2020-4-10 16:44:50 :POST /user/ - 19ms
2020-4-10 16:44:50 :OPTIONS /user/ - 0ms
2020-4-10 16:44:50 :POST /user/ - 6ms
2020-4-10 16:44:50 :POST /user/ - 31ms
2020-4-10 16:34:32 :POST /user/ - 16ms
2020-4-10 16:44:50 :POST /user/ - 12ms
2020-4-10 16:33:30 :POST /user/ - 315ms
2020-4-10 16:44:50 :GET /getImg?imagePath=1586507667920 - 404
2020-4-10 16:44:50 :GET /getImg?imagePath=1586507796604 - 404
2020-4-10 16:44:50 :GET /getImg?imagePath=1586507820815 - 404
2020-4-10 16:34:32 :POST /user/ - 2119ms
2020-4-10 16:44:50 :GET /getImg?imagePath=1586507791057 - 404
2020-4-10 16:44:50 :POST /user/ - 2441ms
2020-4-10 16:44:50 :POST /user/ - 2437ms
2020-4-10 16:44:50 :OPTIONS /user/ - 0ms
2020-4-10 16:44:50 :POST /user/ - 59ms
2020-4-10 16:44:50 :POST /user/ - 16ms
2020-4-10 16:34:32 :POST /user/ - 55ms
2020-4-10 16:34:32 :POST /user/ - 26ms
2020-4-10 16:44:50 :POST /user/ - 26ms
2020-4-10 16:44:50 :POST /user/ - 1231ms
2020-4-10 16:44:50 :POST /user/ - 42ms
2020-4-10 16:44:50 :OPTIONS /user/ - 0ms
2020-4-10 16:44:50 :POST /user/ - 6ms
2020-4-10 16:44:50 :OPTIONS /user/ - 0ms
2020-4-10 16:44:50 :POST /user/ - 43ms
2020-4-10 16:44:50 :OPTIONS /user/ - 0ms
2020-4-10 16:44:50 :POST /user/ - 27ms
2020-4-10 16:44:50 :OPTIONS /user/ - 0ms
2020-4-10 16:44:50 :POST /user/ - 33ms
2020-4-10 16:44:50 :OPTIONS /user/ - 0ms
2020-4-10 16:44:50 :POST /user/ - 10ms
2020-4-10 16:44:50 :POST /user/ - 17ms
2020-4-10 16:44:50 :POST /user/ - 13ms
2020-4-10 16:44:50 :OPTIONS /user/ - 0ms
2020-4-10 16:44:50 :POST /user/ - 7ms
2020-4-10 16:44:50 :OPTIONS /user/ - 0ms
2020-4-10 16:44:50 :POST /user/ - 7ms
2020-4-10 16:44:50 :POST /user/ - 9ms
2020-4-10 16:44:50 :OPTIONS /user/ - 0ms
2020-4-10 16:44:50 :POST /user/ - 31ms
2020-4-10 16:44:50 :POST /user/ - 10ms
2020-4-10 16:44:50 :POST /user/ - 39ms
2020-4-10 16:44:50 :POST /user/ - 8ms
2020-4-10 16:44:50 :POST /user/ - 8ms
2020-4-10 16:44:50 :OPTIONS /user/ - 0ms
2020-4-10 16:44:50 :POST /user/ - 8ms
2020-4-10 16:44:50 :POST /user/ - 14ms
2020-4-10 16:44:50 :POST /user/ - 27ms
2020-4-10 16:44:50 :POST /user/ - 10ms
2020-4-10 16:44:50 :POST /user/ - 10ms
2020-4-10 16:44:50 :POST /user/ - 7ms
2020-4-10 16:34:32 :POST /user/ - 6ms
2020-4-10 16:54:38 :OPTIONS /user/ - 4ms
2020-4-10 16:54:38 :POST /user/ - 343ms
2020-4-10 16:54:38 :OPTIONS /user/ - 1ms
2020-4-10 16:54:38 :POST /user/ - 8ms
2020-4-10 16:54:38 :OPTIONS /user/ - 0ms
2020-4-10 16:54:38 :POST /user/ - 8ms
2020-4-10 16:54:38 :POST /user/ - 10ms
2020-4-10 16:54:38 :POST /user/ - 6ms
2020-4-10 16:54:38 :POST /user/ - 20ms
2020-4-10 16:54:38 :POST /user/ - 33ms
2020-4-10 16:54:38 :POST /user/ - 7ms
2020-4-10 16:54:38 :POST /user/ - 10ms
2020-4-10 16:54:38 :OPTIONS /user/ - 0ms
2020-4-10 16:54:38 :POST /user/ - 10ms
2020-4-10 16:54:38 :POST /user/ - 19ms
2020-4-10 16:54:38 :POST /user/ - 15ms
2020-4-10 16:54:38 :OPTIONS /user/ - 0ms
2020-4-10 16:54:38 :POST /user/ - 10ms
2020-4-10 16:54:38 :POST /user/ - 6ms
2020-4-10 16:54:38 :POST /user/ - 11ms
2020-4-10 16:54:38 :POST /user/ - 9ms
2020-4-10 16:54:38 :OPTIONS /user/ - 0ms
2020-4-10 16:54:38 :POST /user/ - 21ms
2020-4-10 16:54:38 :POST /user/ - 13ms
2020-4-10 16:54:38 :OPTIONS /user/ - 0ms
2020-4-10 16:54:38 :POST /user/ - 8ms
2020-4-10 16:54:38 :POST /user/ - 8ms
2020-4-10 16:54:38 :POST /user/ - 6ms
2020-4-10 16:54:38 :POST /user/ - 24ms
2020-4-10 16:54:38 :POST /user/ - 21ms
2020-4-10 16:54:38 :POST /user/ - 15ms
2020-4-10 16:54:38 :POST /user/ - 9ms
2020-4-10 16:54:38 :POST /user/ - 10ms
2020-4-10 16:54:38 :POST /user/ - 10ms
2020-4-10 16:54:38 :OPTIONS /user/ - 0ms
2020-4-10 16:54:38 :POST /user/ - 9ms
2020-4-10 16:54:38 :POST /user/ - 5ms
2020-4-10 16:54:38 :POST /user/ - 8ms
2020-4-10 16:54:38 :POST /user/ - 59ms
2020-4-10 16:34:32 :POST /user/ - 42ms
2020-4-10 16:54:38 :POST /user/ - 48ms
2020-4-10 16:54:38 :POST /user/ - 8ms
2020-4-10 16:54:38 :POST /user/ - 7ms
2020-4-10 16:54:38 :POST /user/ - 7ms
2020-4-10 16:54:38 :OPTIONS /user/ - 0ms
2020-4-10 16:54:38 :POST /user/ - 57ms
2020-4-10 16:54:38 :POST /user/ - 13ms
2020-4-10 16:54:38 :POST /user/ - 66ms
2020-4-10 16:54:38 :POST /user/ - 47ms
2020-4-10 16:54:38 :POST /user/ - 8ms
2020-4-10 16:54:38 :POST /user/ - 133ms
2020-4-10 16:54:38 :POST /user/ - 126ms
2020-4-10 16:34:32 :POST /user/ - 321ms
2020-4-10 16:34:32 :OPTIONS /user/ - 1ms
2020-4-10 16:34:32 :POST /user/ - 6ms
2020-4-10 16:34:32 :POST /user/ - 9ms
2020-4-10 16:34:32 :POST /user/ - 7ms
2020-4-10 16:34:32 :POST /user/ - 6ms
2020-4-10 16:34:32 :POST /user/ - 64ms
2020-4-10 16:34:32 :POST /user/ - 12ms
2020-4-10 16:34:32 :POST /user/ - 8ms
2020-4-10 16:34:32 :POST /user/ - 6ms
2020-4-10 16:34:32 :POST /user/ - 13ms
2020-4-10 16:34:32 :POST /user/ - 19ms
2020-4-10 16:34:32 :POST /user/ - 11ms
2020-4-10 16:34:32 :OPTIONS /user/ - 1ms
2020-4-10 16:34:32 :POST /user/ - 7ms
2020-4-10 16:54:38 :POST /user/ - 11ms
2020-4-10 16:44:50 :POST /user/ - 8ms
2020-4-10 16:33:30 :POST /user/ - 16ms
2020-4-10 16:57:59 :OPTIONS /user/ - 5ms
2020-4-10 16:57:59 :POST /user/ - 262ms
2020-4-10 16:57:59 :POST /user/ - 12ms
2020-4-10 16:44:50 :POST /user/ - 7ms
2020-4-10 16:57:59 :POST /user/ - 13ms
2020-4-10 16:57:59 :OPTIONS /user/ - 1ms
2020-4-10 16:57:59 :POST /user/ - 51ms
2020-4-10 16:57:59 :POST /user/ - 7ms
2020-4-10 16:57:59 :POST /user/ - 8ms
2020-4-10 16:57:59 :POST /user/ - 6ms
2020-4-10 16:57:59 :POST /user/ - 11ms
2020-4-10 16:57:59 :POST /user/ - 17ms
2020-4-10 16:44:50 :POST /user/ - 9ms
2020-4-10 16:57:59 :POST /user/ - 16ms
2020-4-10 16:57:59 :POST /user/ - 6ms
2020-4-10 16:57:59 :POST /user/ - 10ms
2020-4-10 16:57:59 :OPTIONS /user/ - 0ms
2020-4-10 16:57:59 :POST /user/ - 5ms
2020-4-10 16:44:50 :POST /user/ - 10ms
2020-4-10 16:57:59 :POST /user/ - 10ms
2020-4-10 16:57:59 :POST /user/ - 14ms
2020-4-10 16:44:50 :OPTIONS /user/ - 0ms
2020-4-10 16:44:50 :POST /user/ - 16ms
2020-4-10 16:44:50 :POST /user/ - 8ms
2020-4-10 16:44:50 :POST /user/ - 17ms
2020-4-10 16:44:50 :OPTIONS /user/ - 0ms
2020-4-10 16:44:50 :POST /user/ - 8ms
2020-4-10 16:44:50 :POST /user/ - 8ms
2020-4-10 16:44:50 :POST /user/ - 7ms
2020-4-10 16:44:50 :POST /user/ - 8ms
2020-4-10 16:44:50 :POST /user/ - 10ms
2020-4-10 16:57:59 :POST /user/ - 12ms
2020-4-10 16:44:50 :POST /user/ - 21ms
2020-4-10 16:44:50 :POST /user/ - 18ms
2020-4-10 16:44:50 :OPTIONS /user/ - 0ms
2020-4-10 16:44:50 :POST /user/ - 15ms
2020-4-10 16:44:50 :OPTIONS /user/ - 0ms
2020-4-10 16:57:59 :OPTIONS /user/ - 0ms
2020-4-10 16:44:50 :POST /user/ - 15ms
2020-4-10 16:57:59 :POST /user/ - 11ms
2020-4-10 16:44:50 :POST /user/ - 13ms
2020-4-10 16:57:59 :POST /user/ - 23ms
2020-4-10 16:57:59 :POST /user/ - 56ms
2020-4-10 16:57:59 :POST /user/ - 908ms
2020-4-10 16:44:50 :POST /user/ - 18ms
2020-4-10 16:57:59 :POST /user/ - 22ms
2020-4-10 16:57:59 :POST /user/ - 23ms
2020-4-10 16:44:50 :POST /user/ - 18ms
2020-4-10 16:57:59 :POST /user/ - 23ms
2020-4-10 16:57:59 :POST /user/ - 20ms
2020-4-10 16:57:59 :POST /user/ - 12ms
2020-4-10 16:57:59 :POST /user/ - 14ms
2020-4-10 16:44:50 :POST /user/ - 29ms
2020-4-10 16:33:30 :GET /getImg?imagePath=1586507820815 - 404
2020-4-10 16:33:30 :GET /getImg?imagePath=1586507667920 - 404
2020-4-10 16:57:59 :GET /getImg?imagePath=1586507791057 - 404
2020-4-10 16:44:50 :GET /getImg?imagePath=1586507796604 - 404
2020-4-10 16:57:59 :OPTIONS /user/ - 1ms
2020-4-10 16:57:59 :OPTIONS /user/ - 0ms
2020-4-10 16:57:59 :POST /user/ - 17ms
2020-4-10 16:57:59 :POST /user/ - 25ms
2020-4-10 16:57:59 :POST /user/ - 13ms
2020-4-10 16:57:59 :POST /user/ - 13ms
2020-4-10 16:57:59 :POST /user/ - 19ms
2020-4-10 16:57:59 :POST /user/ - 7ms
2020-4-10 16:57:59 :OPTIONS /upFile - 0ms
2020-4-10 16:57:59 :POST /upFile - 25ms
2020-4-10 16:57:59 :OPTIONS /user/ - 0ms
2020-4-10 16:57:59 :POST /user/ - 42ms
2020-4-10 16:57:59 :POST /user/ - 8ms
2020-4-10 16:57:59 :POST /user/ - 18ms
2020-4-10 16:57:59 :POST /user/ - 19ms
2020-4-10 16:44:50 :POST /user/ - 49ms
2020-4-10 16:57:59 :POST /user/ - 67ms
2020-4-10 16:33:30 :POST /user/ - 47ms
2020-4-10 16:57:59 :POST /user/ - 90ms
2020-4-10 16:57:59 :POST /user/ - 42ms
2020-4-10 16:44:50 :POST /user/ - 72ms
2020-4-10 16:33:30 :GET /getImg?imagePath=1586509243667 - 404
2020-4-10 16:57:59 :POST /user/ - 1055ms
2020-4-10 16:57:59 :POST /user/ - 1017ms
2020-4-10 16:33:30 :POST /user/ - 1900ms
2020-4-10 16:33:30 :OPTIONS /user/ - 0ms
2020-4-10 16:57:59 :OPTIONS /user/ - 0ms
2020-4-10 16:44:50 :OPTIONS /user/ - 0ms
2020-4-10 16:33:30 :POST /user/ - 22ms
2020-4-10 16:44:50 :POST /user/ - 31ms
2020-4-10 16:57:59 :POST /user/ - 17ms
2020-4-10 16:44:50 :GET /getImg?imagePath=1586507796604 - 404
2020-4-10 16:44:50 :POST /user/ - 3350ms
2020-4-10 16:33:30 :GET /getImg?imagePath=1586507791057 - 404
2020-4-10 16:33:30 :GET /getImg?imagePath=1586507820815 - 404
2020-4-10 16:33:30 :POST /user/ - 3498ms
2020-4-10 16:57:59 :GET /getImg?imagePath=1586507667920 - 404
2020-4-10 16:57:59 :POST /user/ - 4650ms
2020-4-10 16:33:30 :OPTIONS /user/ - 1ms
2020-4-10 16:57:59 :OPTIONS /user/ - 0ms
2020-4-10 16:57:59 :POST /user/ - 24ms
2020-4-10 16:33:30 :OPTIONS /user/ - 0ms
2020-4-10 16:33:30 :POST /user/ - 23ms
2020-4-10 16:33:30 :POST /user/ - 9ms
2020-4-10 16:44:50 :POST /user/ - 8ms
2020-4-10 16:54:38 :POST /user/ - 9ms
2020-4-10 16:23:57 :POST /user/ - 733ms
2020-4-10 17:2:1 :OPTIONS /user/ - 5ms
2020-4-10 17:2:1 :OPTIONS /user/ - 0ms
2020-4-10 17:2:1 :OPTIONS /user/ - 5ms
2020-4-10 17:2:1 :POST /user/ - 41ms
2020-4-10 17:2:1 :POST /user/ - 403ms
2020-4-10 17:2:1 :POST /user/ - 436ms
2020-4-10 17:2:1 :OPTIONS /user/ - 0ms
2020-4-10 17:2:1 :OPTIONS /user/ - 1ms
2020-4-10 16:23:57 :OPTIONS /user/ - 1ms
2020-4-10 17:2:1 :POST /user/ - 8ms
2020-4-10 16:23:57 :POST /user/ - 7ms
2020-4-10 17:2:1 :POST /user/ - 14ms
2020-4-10 17:2:1 :POST /user/ - 16ms
2020-4-10 17:2:1 :POST /user/ - 712ms
2020-4-10 17:2:1 :POST /user/ - 82ms
2020-4-10 17:2:1 :POST /user/ - 21ms
2020-4-10 17:2:1 :POST /user/ - 22ms
2020-4-10 17:2:1 :POST /user/ - 23ms
2020-4-10 17:2:1 :POST /user/ - 15ms
2020-4-10 17:2:1 :POST /user/ - 17ms
2020-4-10 16:23:57 :POST /user/ - 1624ms
2020-4-10 16:23:57 :POST /user/ - 13ms
2020-4-10 17:2:1 :POST /user/ - 15ms
2020-4-10 17:2:1 :POST /user/ - 15ms
2020-4-10 16:23:57 :POST /user/ - 18ms
2020-4-10 16:23:57 :POST /user/ - 20ms
2020-4-10 16:23:57 :OPTIONS /user/ - 0ms
2020-4-10 16:23:57 :POST /user/ - 9ms
2020-4-10 16:23:57 :OPTIONS /user/ - 0ms
2020-4-10 16:23:57 :POST /user/ - 48ms
2020-4-10 16:23:57 :OPTIONS /user/ - 0ms
2020-4-10 16:23:57 :POST /user/ - 151ms
2020-4-10 16:23:57 :POST /user/ - 8ms
2020-4-10 16:23:57 :OPTIONS /upFile - 0ms
2020-4-10 16:23:57 :POST /upFile - 27ms
2020-4-10 16:23:57 :OPTIONS /user/ - 0ms
2020-4-10 16:23:57 :GET /getImg?imagePath=1586509783128 - 404
2020-4-10 16:23:57 :POST /user/ - 449ms
2020-4-10 16:23:57 :OPTIONS /user/ - 0ms
2020-4-10 16:23:57 :POST /user/ - 12ms
2020-4-10 16:23:57 :POST /user/ - 6ms
2020-4-10 16:23:57 :OPTIONS /user/ - 0ms
2020-4-10 16:23:57 :POST /user/ - 6ms
2020-4-10 16:23:57 :POST /user/ - 5ms
2020-4-10 16:23:57 :OPTIONS /user/ - 0ms
2020-4-10 16:23:57 :POST /user/ - 66ms
2020-4-10 16:23:57 :POST /user/ - 5ms
2020-4-10 16:23:57 :OPTIONS /user/ - 0ms
2020-4-10 16:23:57 :POST /user/ - 11ms
2020-4-10 16:23:57 :POST /user/ - 8ms
2020-4-10 16:23:57 :POST /user/ - 6ms
2020-4-10 16:23:57 :POST /user/ - 6ms
2020-4-10 16:23:57 :POST /user/ - 7ms
2020-4-10 16:23:57 :POST /user/ - 6ms
2020-4-10 16:23:57 :POST /user/ - 7ms
2020-4-10 16:23:57 :OPTIONS /user/ - 0ms
2020-4-10 16:23:57 :POST /user/ - 9ms
2020-4-10 16:23:57 :POST /user/ - 7ms
2020-4-10 16:23:57 :POST /user/ - 15ms
2020-4-10 16:23:57 :POST /user/ - 6ms
2020-4-10 16:23:57 :POST /user/ - 7ms
2020-4-10 16:23:57 :POST /user/ - 5ms
2020-4-10 16:23:57 :POST /user/ - 6ms
2020-4-10 16:23:57 :OPTIONS /user/ - 0ms
2020-4-10 16:23:57 :POST /user/ - 7ms
2020-4-10 16:23:57 :OPTIONS /user/ - 1ms
2020-4-10 16:23:57 :POST /user/ - 5ms
2020-4-10 16:23:57 :POST /user/ - 15ms
2020-4-10 16:23:57 :OPTIONS /user/ - 0ms
2020-4-10 16:23:57 :OPTIONS /user/ - 0ms
2020-4-10 16:23:57 :POST /user/ - 4ms
2020-4-10 16:23:57 :POST /user/ - 35ms
2020-4-10 16:23:57 :POST /user/ - 18ms
2020-4-10 16:23:57 :POST /user/ - 9ms
2020-4-10 16:23:57 :POST /user/ - 5ms
2020-4-10 16:23:57 :OPTIONS /user/ - 0ms
2020-4-10 16:23:57 :POST /user/ - 10ms
2020-4-10 16:23:57 :POST /user/ - 10ms
2020-4-10 16:23:57 :POST /user/ - 6ms
2020-4-10 16:23:57 :POST /user/ - 9ms
2020-4-10 16:23:57 :OPTIONS /user/ - 0ms
2020-4-10 16:23:57 :OPTIONS /user/ - 0ms
2020-4-10 17:2:1 :OPTIONS /user/ - 0ms
2020-4-10 16:23:57 :POST /user/ - 10ms
2020-4-10 16:23:57 :POST /user/ - 9ms
2020-4-10 17:2:1 :POST /user/ - 14ms
2020-4-10 17:2:1 :GET /getImg?imagePath=1586507796604 - 404
2020-4-10 17:2:1 :GET /getImg?imagePath=1586507791057 - 404
2020-4-10 17:2:1 :POST /user/ - 1890ms
2020-4-10 16:23:57 :GET /getImg?imagePath=1586507820815 - 404
2020-4-10 16:23:57 :GET /getImg?imagePath=1586507667920 - 404
2020-4-10 16:23:57 :POST /user/ - 2118ms
2020-4-10 16:23:57 :POST /user/ - 2270ms
2020-4-10 17:2:1 :POST /user/ - 214ms
2020-4-10 17:2:1 :POST /user/ - 118ms
2020-4-10 16:23:57 :POST /user/ - 101ms
2020-4-10 16:23:57 :POST /user/ - 53ms
2020-4-10 16:54:38 :POST /user/ - 7ms
2020-4-10 16:54:38 :POST /user/ - 15ms
2020-4-10 16:54:38 :POST /user/ - 5ms
2020-4-10 16:54:38 :POST /user/ - 11ms
2020-4-10 16:54:38 :POST /user/ - 11ms
2020-4-10 16:44:50 :POST /user/ - 8ms
2020-4-10 16:44:50 :POST /user/ - 6ms
2020-4-10 16:54:38 :POST /user/ - 989ms
2020-4-10 16:44:50 :POST /user/ - 1056ms
2020-4-10 16:44:50 :POST /user/ - 993ms
2020-4-10 16:54:38 :OPTIONS /user/ - 0ms
2020-4-10 16:54:38 :POST /user/ - 179ms
2020-4-10 16:54:38 :POST /user/ - 10ms
2020-4-10 16:44:50 :POST /user/ - 15ms
2020-4-10 16:44:50 :POST /user/ - 13ms
2020-4-10 16:54:38 :POST /user/ - 51ms
2020-4-10 16:44:50 :POST /user/ - 598ms
2020-4-10 16:44:50 :POST /user/ - 804ms
2020-4-10 16:44:50 :OPTIONS /user/ - 0ms
2020-4-10 16:44:50 :OPTIONS /user/ - 0ms
2020-4-10 16:44:50 :POST /user/ - 19ms
2020-4-10 16:44:50 :POST /user/ - 13ms
2020-4-10 16:54:38 :POST /user/ - 20ms
2020-4-10 16:44:50 :POST /user/ - 15ms
2020-4-10 16:44:50 :POST /user/ - 26ms
2020-4-10 16:54:38 :POST /user/ - 20ms
2020-4-10 16:54:38 :POST /user/ - 13ms
2020-4-10 16:54:38 :POST /user/ - 153ms
2020-4-10 17:12:9 :POST /user/ - 566ms
2020-4-10 16:54:38 :POST /user/ - 16ms
2020-4-10 17:12:9 :POST /user/ - 160ms
2020-4-10 16:54:38 :POST /user/ - 11ms
2020-4-10 16:54:38 :POST /user/ - 11ms
2020-4-10 17:12:9 :POST /user/ - 32ms
2020-4-10 17:12:9 :POST /user/ - 232ms
2020-4-10 17:12:9 :POST /user/ - 111ms
2020-4-10 17:12:9 :POST /user/ - 1352ms
2020-4-10 16:54:38 :POST /user/ - 24ms
2020-4-10 16:44:50 :POST /user/ - 903ms
2020-4-10 16:44:50 :POST /user/ - 836ms
2020-4-10 16:54:38 :POST /user/ - 48ms
2020-4-10 16:44:50 :POST /user/ - 22ms
2020-4-10 16:44:50 :POST /user/ - 18ms
2020-4-10 17:12:9 :OPTIONS /user/ - 1ms
2020-4-10 17:12:9 :OPTIONS /user/ - 0ms
2020-4-10 17:12:9 :POST /user/ - 23ms
2020-4-10 17:12:9 :POST /user/ - 18ms
2020-4-10 17:12:9 :POST /user/ - 37ms
2020-4-10 17:12:9 :POST /user/ - 35ms
2020-4-10 17:12:9 :POST /user/ - 40ms
2020-4-10 17:12:9 :POST /user/ - 41ms
2020-4-10 17:12:9 :POST /user/ - 1289ms
2020-4-10 17:12:9 :POST /user/ - 29ms
2020-4-10 17:12:9 :POST /user/ - 31ms
2020-4-10 17:12:9 :POST /user/ - 46ms
2020-4-10 17:12:9 :POST /user/ - 1173ms
2020-4-10 17:12:9 :POST /user/ - 8ms
2020-4-10 17:12:9 :POST /user/ - 6ms
2020-4-10 17:12:9 :POST /user/ - 9ms
2020-4-10 17:12:9 :OPTIONS /user/ - 0ms
2020-4-10 17:12:9 :OPTIONS /user/ - 0ms
2020-4-10 17:12:9 :OPTIONS /user/ - 1ms
2020-4-10 17:12:9 :POST /user/ - 13ms
2020-4-10 17:12:9 :POST /user/ - 19ms
2020-4-10 17:12:9 :POST /user/ - 19ms
2020-4-10 17:12:9 :POST /user/ - 16ms
2020-4-10 17:12:9 :POST /user/ - 16ms
2020-4-10 17:12:9 :POST /user/ - 34ms
2020-4-10 17:12:9 :POST /user/ - 20ms
2020-4-10 17:12:9 :POST /user/ - 23ms
2020-4-10 17:12:9 :POST /user/ - 38ms
2020-4-10 17:12:9 :POST /user/ - 30ms
2020-4-10 17:12:9 :POST /user/ - 37ms
2020-4-10 17:12:9 :POST /user/ - 18ms
2020-4-10 17:12:9 :POST /user/ - 16ms
2020-4-10 16:54:38 :POST /user/ - 12ms
2020-4-10 16:54:38 :POST /user/ - 8ms
2020-4-10 16:54:38 :POST /user/ - 9ms
2020-4-10 16:54:38 :POST /user/ - 8ms
2020-4-10 16:54:38 :POST /user/ - 8ms
2020-4-10 16:54:38 :POST /user/ - 11ms
2020-4-10 16:54:38 :POST /user/ - 12ms
2020-4-10 16:44:50 :POST /user/ - 9ms
2020-4-10 16:44:50 :POST /user/ - 20ms
2020-4-10 16:54:38 :POST /user/ - 20ms
2020-4-10 16:44:50 :POST /user/ - 15ms
2020-4-10 16:54:38 :POST /user/ - 16ms
2020-4-10 16:54:38 :POST /user/ - 12ms
2020-4-10 16:44:50 :POST /user/ - 18ms
2020-4-10 16:54:38 :POST /user/ - 18ms
2020-4-10 16:44:50 :POST /user/ - 24ms
2020-4-10 16:44:50 :POST /user/ - 7ms
2020-4-10 16:54:38 :POST /user/ - 37ms
2020-4-10 16:54:38 :POST /user/ - 44ms
2020-4-10 16:54:38 :POST /user/ - 8ms
2020-4-10 16:44:50 :POST /user/ - 66ms
2020-4-10 16:54:38 :POST /user/ - 6ms
2020-4-10 16:44:50 :POST /user/ - 7ms
2020-4-10 16:54:38 :POST /user/ - 22ms
2020-4-10 16:44:50 :POST /user/ - 31ms
2020-4-10 16:44:50 :POST /user/ - 25ms
2020-4-10 16:44:50 :POST /user/ - 574ms
2020-4-10 16:44:50 :POST /user/ - 638ms
2020-4-10 16:54:38 :OPTIONS /user/ - 1ms
2020-4-10 16:54:38 :OPTIONS /user/ - 0ms
2020-4-10 16:54:38 :POST /user/ - 1691ms
2020-4-10 16:54:38 :POST /user/ - 193ms
2020-4-10 16:54:38 :POST /user/ - 41ms
2020-4-10 16:44:50 :POST /user/ - 9ms
2020-4-10 16:44:50 :POST /user/ - 16ms
2020-4-10 16:54:38 :POST /user/ - 41ms
2020-4-10 16:54:38 :POST /user/ - 114ms
2020-4-10 16:54:38 :POST /user/ - 30ms
2020-4-10 17:13:18 :POST /user/ - 45ms
2020-4-10 17:13:18 :POST /user/ - 486ms
2020-4-10 17:13:18 :POST /user/ - 1518ms
2020-4-10 17:13:18 :POST /user/ - 1048ms
2020-4-10 17:13:18 :OPTIONS /user/ - 2ms
2020-4-10 17:13:18 :OPTIONS /user/ - 0ms
2020-4-10 17:13:18 :POST /user/ - 17ms
2020-4-10 17:13:18 :POST /user/ - 23ms
2020-4-10 17:13:18 :POST /user/ - 16ms
2020-4-10 17:13:18 :POST /user/ - 55ms
2020-4-10 17:13:18 :POST /user/ - 20ms
2020-4-10 17:13:18 :POST /user/ - 25ms
2020-4-10 17:13:18 :POST /user/ - 16ms
2020-4-10 17:13:18 :POST /user/ - 15ms
2020-4-10 17:13:18 :POST /user/ - 15ms
2020-4-10 17:13:18 :POST /user/ - 54ms
2020-4-10 17:13:22 :POST /user/ - 550ms
2020-4-10 17:13:22 :OPTIONS /user/ - 5ms
2020-4-10 17:13:22 :OPTIONS /user/ - 0ms
2020-4-10 17:13:22 :POST /user/ - 21ms
2020-4-10 17:13:22 :POST /user/ - 594ms
2020-4-10 17:13:22 :POST /user/ - 130ms
2020-4-10 17:13:22 :POST /user/ - 11ms
2020-4-10 17:13:22 :POST /user/ - 10ms
2020-4-10 17:13:22 :POST /user/ - 13ms
2020-4-10 17:13:22 :POST /user/ - 18ms
2020-4-10 17:13:22 :POST /user/ - 18ms
2020-4-10 17:13:22 :POST /user/ - 1393ms
2020-4-10 17:13:22 :POST /user/ - 1044ms
2020-4-10 17:13:22 :POST /user/ - 980ms
2020-4-10 17:13:18 :POST /user/ - 73ms
2020-4-10 17:13:22 :POST /user/ - 53ms
2020-4-10 17:13:18 :POST /user/ - 19ms
2020-4-10 17:13:22 :POST /user/ - 37ms
2020-4-10 17:13:22 :POST /user/ - 37ms
2020-4-10 17:13:18 :POST /user/ - 31ms
2020-4-10 17:13:18 :POST /user/ - 45ms
2020-4-10 17:13:18 :POST /user/ - 31ms
2020-4-10 17:13:22 :POST /user/ - 37ms
2020-4-10 17:13:22 :POST /user/ - 28ms
2020-4-10 17:13:18 :POST /user/ - 34ms
2020-4-10 17:13:18 :POST /user/ - 41ms
2020-4-10 17:13:22 :POST /user/ - 33ms
2020-4-10 17:13:18 :POST /user/ - 40ms
2020-4-10 17:13:22 :POST /user/ - 42ms
2020-4-10 17:13:18 :POST /user/ - 15ms
2020-4-10 17:13:22 :POST /user/ - 15ms
2020-4-10 17:13:18 :POST /user/ - 13ms
2020-4-10 17:13:22 :POST /user/ - 28ms
2020-4-10 17:13:22 :POST /user/ - 145ms
2020-4-10 17:13:22 :POST /user/ - 103ms
2020-4-10 17:13:18 :POST /user/ - 1006ms
2020-4-10 17:13:18 :POST /user/ - 750ms
2020-4-10 17:13:18 :POST /user/ - 908ms
2020-4-10 17:13:22 :POST /user/ - 38ms
2020-4-10 17:13:18 :POST /user/ - 51ms
2020-4-10 17:13:18 :POST /user/ - 88ms
2020-4-10 17:13:18 :POST /user/ - 75ms
2020-4-10 17:13:18 :POST /user/ - 24ms
2020-4-10 17:13:22 :POST /user/ - 41ms
2020-4-10 17:13:22 :POST /user/ - 1148ms
2020-4-10 17:13:22 :POST /user/ - 1068ms
2020-4-10 17:13:18 :POST /user/ - 52ms
2020-4-10 17:13:18 :POST /user/ - 55ms
2020-4-10 17:13:22 :POST /user/ - 28ms
2020-4-10 17:13:22 :POST /user/ - 33ms
2020-4-10 17:13:22 :POST /user/ - 27ms
2020-4-10 17:13:18 :POST /user/ - 24ms
2020-4-10 17:13:18 :POST /user/ - 26ms
2020-4-10 17:13:18 :POST /user/ - 25ms
2020-4-10 17:13:18 :POST /user/ - 56ms
2020-4-10 17:13:22 :POST /user/ - 24ms
2020-4-10 17:13:22 :POST /user/ - 22ms
2020-4-10 17:13:22 :POST /user/ - 38ms
2020-4-10 17:13:18 :POST /user/ - 35ms
2020-4-10 17:13:22 :POST /user/ - 14ms
2020-4-10 17:13:22 :POST /user/ - 16ms
2020-4-10 17:13:22 :POST /user/ - 15ms
2020-4-10 17:13:18 :POST /user/ - 17ms
2020-4-10 17:13:18 :POST /user/ - 28ms
2020-4-10 17:13:18 :POST /user/ - 24ms
2020-4-10 17:13:22 :POST /user/ - 25ms
2020-4-10 17:13:22 :POST /user/ - 25ms
2020-4-10 17:13:18 :OPTIONS /user/ - 1ms
2020-4-10 17:13:22 :POST /user/ - 33ms
2020-4-10 17:13:18 :POST /user/ - 35ms
2020-4-10 17:13:22 :OPTIONS /user/ - 1ms
2020-4-10 17:13:18 :OPTIONS /user/ - 0ms
2020-4-10 17:13:18 :OPTIONS /user/ - 0ms
2020-4-10 17:13:22 :POST /user/ - 26ms
2020-4-10 17:13:22 :POST /user/ - 13ms
2020-4-10 17:13:18 :POST /user/ - 27ms
2020-4-10 17:13:18 :POST /user/ - 28ms
2020-4-10 17:13:22 :POST /user/ - 30ms
2020-4-10 17:13:22 :POST /user/ - 108ms
2020-4-10 17:13:22 :POST /user/ - 48ms
2020-4-10 17:13:22 :POST /user/ - 15ms
2020-4-10 17:13:22 :POST /user/ - 27ms
2020-4-10 17:13:22 :POST /user/ - 19ms
2020-4-10 17:13:22 :POST /user/ - 42ms
2020-4-10 17:13:22 :POST /user/ - 32ms
2020-4-10 17:13:22 :POST /user/ - 43ms
2020-4-10 17:13:22 :POST /user/ - 22ms
2020-4-10 17:13:22 :POST /user/ - 27ms
2020-4-10 17:13:22 :POST /user/ - 23ms
2020-4-10 17:13:22 :POST /user/ - 12ms
2020-4-10 17:13:22 :POST /user/ - 19ms
2020-4-10 17:13:22 :POST /user/ - 19ms
2020-4-10 17:13:22 :POST /user/ - 18ms
2020-4-10 17:13:22 :POST /user/ - 19ms
2020-4-10 17:13:18 :POST /user/ - 512ms
2020-4-10 17:13:18 :POST /user/ - 546ms
2020-4-10 17:13:22 :POST /user/ - 19ms
2020-4-10 17:13:22 :POST /user/ - 10ms
2020-4-10 17:13:22 :POST /user/ - 9ms
2020-4-10 17:13:22 :POST /user/ - 11ms
2020-4-10 17:13:22 :POST /user/ - 11ms
2020-4-10 17:13:22 :POST /user/ - 11ms
2020-4-10 17:13:18 :POST /user/ - 166ms
2020-4-10 17:13:18 :POST /user/ - 68ms
2020-4-10 17:13:18 :POST /user/ - 896ms
2020-4-10 17:13:18 :POST /user/ - 30ms
2020-4-10 17:13:22 :OPTIONS /user/ - 0ms
2020-4-10 17:13:22 :POST /user/ - 77ms
2020-4-10 17:13:22 :POST /user/ - 35ms
2020-4-10 17:13:22 :POST /user/ - 9ms
2020-4-10 17:13:22 :POST /user/ - 8ms
2020-4-10 17:13:22 :POST /user/ - 32ms
2020-4-10 17:13:22 :POST /user/ - 18ms
2020-4-10 17:13:22 :POST /user/ - 6ms
2020-4-10 17:13:22 :POST /user/ - 436ms
2020-4-10 17:13:18 :POST /user/ - 23ms
2020-4-10 17:13:22 :POST /user/ - 812ms
2020-4-10 17:13:22 :POST /user/ - 800ms
2020-4-10 17:13:18 :POST /user/ - 30ms
2020-4-10 17:13:22 :POST /user/ - 418ms
2020-4-10 17:13:22 :POST /user/ - 481ms
2020-4-10 17:13:18 :OPTIONS /user/ - 0ms
2020-4-10 17:13:18 :POST /user/ - 34ms
2020-4-10 17:13:22 :POST /user/ - 51ms
2020-4-10 17:13:22 :POST /user/ - 94ms
2020-4-10 17:13:22 :OPTIONS /user/ - 1ms
2020-4-10 17:13:22 :OPTIONS /user/ - 0ms
2020-4-10 17:13:18 :POST /user/ - 52ms
2020-4-10 17:13:22 :POST /user/ - 10ms
2020-4-10 17:13:18 :POST /user/ - 19ms
2020-4-10 17:13:18 :POST /user/ - 108ms
2020-4-10 17:13:22 :POST /user/ - 13ms
2020-4-10 17:13:22 :POST /user/ - 10ms
2020-4-10 17:13:18 :POST /user/ - 46ms
2020-4-10 17:13:18 :POST /user/ - 18ms
2020-4-10 17:13:18 :POST /user/ - 20ms
2020-4-10 17:13:22 :POST /user/ - 23ms
2020-4-10 17:13:18 :POST /user/ - 18ms
2020-4-10 17:13:22 :POST /user/ - 15ms
2020-4-10 17:13:18 :POST /user/ - 17ms
2020-4-10 17:13:18 :POST /user/ - 17ms
2020-4-10 17:13:22 :POST /user/ - 10ms
2020-4-10 17:13:18 :POST /user/ - 14ms
2020-4-10 17:13:22 :POST /user/ - 42ms
2020-4-10 17:13:22 :POST /user/ - 657ms
2020-4-10 17:13:22 :POST /user/ - 13ms
2020-4-10 17:13:18 :POST /user/ - 380ms
2020-4-10 17:13:18 :POST /user/ - 68ms
2020-4-10 17:13:18 :POST /user/ - 14ms
2020-4-10 17:13:18 :POST /user/ - 19ms
2020-4-10 17:13:18 :POST /user/ - 47ms
2020-4-10 17:13:18 :POST /user/ - 10ms
2020-4-10 17:13:18 :POST /user/ - 9ms
2020-4-10 17:13:18 :POST /user/ - 524ms
2020-4-10 17:13:18 :POST /user/ - 74ms
2020-4-10 17:13:18 :OPTIONS /user/ - 1ms
2020-4-10 17:13:18 :POST /user/ - 19ms
2020-4-10 17:13:18 :POST /user/ - 10ms
2020-4-10 17:13:18 :POST /user/ - 7ms
2020-4-10 17:13:18 :POST /user/ - 52ms
2020-4-10 17:14:1 :OPTIONS /user/ - 5ms
2020-4-10 17:13:18 :POST /user/ - 109ms
2020-4-10 17:13:18 :POST /user/ - 15ms
2020-4-10 17:13:18 :POST /user/ - 24ms
2020-4-10 17:13:18 :POST /user/ - 38ms
2020-4-10 17:14:1 :POST /user/ - 236ms
2020-4-10 17:14:1 :POST /user/ - 1136ms
2020-4-10 17:13:18 :POST /user/ - 21ms
2020-4-10 17:13:18 :POST /user/ - 18ms
2020-4-10 17:13:18 :POST /user/ - 13ms
2020-4-10 17:14:1 :POST /user/ - 58ms
2020-4-10 17:14:1 :POST /user/ - 75ms
2020-4-10 17:14:0 :POST /user/ - 1401ms
2020-4-10 17:14:0 :POST /user/ - 3327ms
2020-4-10 17:14:0 :OPTIONS /user/ - 0ms
2020-4-10 17:14:0 :OPTIONS /user/ - 1ms
2020-4-10 17:14:0 :POST /user/ - 50ms
2020-4-10 17:14:0 :POST /user/ - 20ms
2020-4-10 17:14:0 :POST /user/ - 21ms
2020-4-10 17:14:0 :POST /user/ - 60ms
2020-4-10 17:14:1 :POST /user/ - 25ms
2020-4-10 17:14:1 :POST /user/ - 60ms
2020-4-10 17:13:18 :POST /user/ - 92ms
2020-4-10 17:13:18 :POST /user/ - 86ms
2020-4-10 17:14:0 :POST /user/ - 33ms
2020-4-10 17:14:0 :POST /user/ - 43ms
2020-4-10 17:14:1 :POST /user/ - 55ms
2020-4-10 17:14:1 :POST /user/ - 44ms
2020-4-10 17:13:18 :POST /user/ - 31ms
2020-4-10 17:14:0 :POST /user/ - 31ms
2020-4-10 17:13:18 :POST /user/ - 44ms
2020-4-10 17:14:0 :POST /user/ - 39ms
2020-4-10 17:14:1 :POST /user/ - 46ms
2020-4-10 17:14:1 :POST /user/ - 48ms
2020-4-10 17:13:18 :POST /user/ - 44ms
2020-4-10 17:13:18 :POST /user/ - 25ms
2020-4-10 17:13:18 :POST /user/ - 212ms
2020-4-10 17:13:18 :POST /user/ - 392ms
2020-4-10 17:13:18 :POST /user/ - 90ms
2020-4-10 17:13:18 :POST /user/ - 130ms
2020-4-10 17:13:18 :POST /user/ - 119ms
2020-4-10 17:14:1 :POST /user/ - 843ms
2020-4-10 17:13:18 :POST /user/ - 21ms
2020-4-10 17:14:1 :POST /user/ - 214ms
2020-4-10 17:14:1 :POST /user/ - 89ms
2020-4-10 17:13:18 :POST /user/ - 21ms
2020-4-10 17:13:18 :POST /user/ - 80ms
2020-4-10 17:14:0 :POST /user/ - 54ms
2020-4-10 17:14:0 :POST /user/ - 333ms
2020-4-10 17:14:0 :POST /user/ - 331ms
2020-4-10 17:14:0 :OPTIONS /user/ - 0ms
2020-4-10 17:14:0 :POST /user/ - 6ms
2020-4-10 17:14:0 :POST /user/ - 6ms
2020-4-10 17:14:0 :POST /user/ - 29ms
2020-4-10 17:14:0 :POST /user/ - 28ms
2020-4-10 17:13:18 :POST /user/ - 26ms
2020-4-10 17:13:18 :POST /user/ - 28ms
2020-4-10 17:14:1 :POST /user/ - 27ms
2020-4-10 17:13:18 :POST /user/ - 66ms
2020-4-10 17:13:18 :POST /user/ - 19ms
2020-4-10 17:14:0 :POST /user/ - 24ms
2020-4-10 17:14:0 :POST /user/ - 77ms
2020-4-10 17:14:1 :POST /user/ - 22ms
2020-4-10 17:13:18 :POST /user/ - 22ms
2020-4-10 17:13:18 :POST /user/ - 39ms
2020-4-10 17:14:0 :POST /user/ - 59ms
2020-4-10 17:14:1 :POST /user/ - 58ms
2020-4-10 17:14:0 :POST /user/ - 71ms
2020-4-10 17:13:18 :POST /user/ - 46ms
2020-4-10 17:14:0 :POST /user/ - 23ms
2020-4-10 17:14:1 :POST /user/ - 23ms
2020-4-10 17:14:0 :POST /user/ - 29ms
2020-4-10 17:13:18 :POST /user/ - 44ms
2020-4-10 17:13:18 :POST /user/ - 45ms
2020-4-10 17:13:18 :POST /user/ - 39ms
2020-4-10 17:14:1 :POST /user/ - 38ms
2020-4-10 17:14:0 :POST /user/ - 43ms
2020-4-10 17:13:18 :POST /user/ - 28ms
2020-4-10 17:14:0 :POST /user/ - 54ms
2020-4-10 17:13:18 :POST /user/ - 36ms
2020-4-10 17:14:1 :POST /user/ - 49ms
2020-4-10 17:13:18 :POST /user/ - 36ms
2020-4-10 17:14:0 :POST /user/ - 33ms
2020-4-10 17:14:0 :POST /user/ - 41ms
2020-4-10 17:13:18 :POST /user/ - 45ms
2020-4-10 17:14:1 :POST /user/ - 29ms
2020-4-10 17:13:18 :POST /user/ - 29ms
2020-4-10 17:14:0 :POST /user/ - 46ms
2020-4-10 17:13:18 :POST /user/ - 21ms
2020-4-10 17:14:0 :POST /user/ - 44ms
2020-4-10 17:13:18 :POST /user/ - 35ms
2020-4-10 17:14:1 :POST /user/ - 36ms
2020-4-10 17:13:18 :POST /user/ - 29ms
2020-4-10 17:14:0 :POST /user/ - 28ms
2020-4-10 17:14:0 :POST /user/ - 44ms
2020-4-10 17:13:18 :POST /user/ - 38ms
2020-4-10 17:14:1 :POST /user/ - 42ms
2020-4-10 17:13:18 :POST /user/ - 40ms
2020-4-10 17:14:0 :POST /user/ - 40ms
2020-4-10 17:14:0 :POST /user/ - 31ms
2020-4-10 17:14:1 :POST /user/ - 36ms
2020-4-10 17:13:18 :POST /user/ - 40ms
2020-4-10 17:13:18 :POST /user/ - 33ms
2020-4-10 17:14:0 :POST /user/ - 35ms
2020-4-10 17:14:0 :POST /user/ - 32ms
2020-4-10 17:13:18 :POST /user/ - 38ms
2020-4-10 17:13:18 :POST /user/ - 26ms
2020-4-10 17:14:1 :POST /user/ - 27ms
2020-4-10 17:14:0 :POST /user/ - 52ms
2020-4-10 17:14:0 :POST /user/ - 44ms
2020-4-10 17:14:0 :POST /user/ - 31ms
2020-4-10 17:13:18 :POST /user/ - 26ms
2020-4-10 17:13:18 :POST /user/ - 31ms
2020-4-10 17:14:1 :POST /user/ - 31ms
2020-4-10 17:14:0 :POST /user/ - 52ms
2020-4-10 17:13:18 :POST /user/ - 19ms
2020-4-10 17:13:18 :POST /user/ - 94ms
2020-4-10 17:14:0 :POST /user/ - 959ms
2020-4-10 17:14:1 :POST /user/ - 26ms
2020-4-10 17:13:18 :POST /user/ - 32ms
2020-4-10 17:14:0 :POST /user/ - 95ms
2020-4-10 17:14:0 :POST /user/ - 130ms
2020-4-10 17:14:0 :POST /user/ - 19ms
2020-4-10 17:13:18 :POST /user/ - 9ms
2020-4-10 17:13:18 :POST /user/ - 8ms
2020-4-10 17:13:18 :POST /user/ - 7ms
2020-4-10 17:13:18 :POST /user/ - 15ms
2020-4-10 17:14:0 :POST /user/ - 16ms
2020-4-10 17:14:0 :POST /user/ - 17ms
2020-4-10 17:13:18 :POST /user/ - 43ms
2020-4-10 17:14:0 :OPTIONS /user/ - 0ms
2020-4-10 17:13:18 :OPTIONS /user/ - 1ms
2020-4-10 17:14:0 :OPTIONS /user/ - 0ms
2020-4-10 17:13:18 :OPTIONS /user/ - 1ms
2020-4-10 17:14:0 :POST /user/ - 20ms
2020-4-10 17:13:18 :POST /user/ - 25ms
2020-4-10 17:14:0 :POST /user/ - 18ms
2020-4-10 17:14:1 :POST /user/ - 31ms
2020-4-10 17:13:18 :POST /user/ - 15ms
2020-4-10 17:14:0 :POST /user/ - 15ms
2020-4-10 17:14:0 :POST /user/ - 18ms
2020-4-10 17:14:1 :POST /user/ - 29ms
2020-4-10 17:13:18 :POST /user/ - 30ms
2020-4-10 17:13:18 :POST /user/ - 23ms
2020-4-10 17:13:18 :POST /user/ - 8ms
2020-4-10 17:13:18 :POST /user/ - 7ms
2020-4-10 17:13:18 :POST /user/ - 53ms
2020-4-10 17:13:18 :POST /user/ - 13ms
2020-4-10 17:13:18 :POST /user/ - 11ms
2020-4-10 17:13:18 :POST /user/ - 10ms
2020-4-10 17:13:18 :POST /user/ - 18ms
2020-4-10 17:13:18 :POST /user/ - 13ms
2020-4-10 17:13:18 :POST /user/ - 66ms
2020-4-10 17:13:18 :POST /user/ - 105ms
2020-4-10 17:13:18 :POST /user/ - 118ms
2020-4-10 17:13:18 :POST /user/ - 142ms
2020-4-10 17:13:18 :POST /user/ - 104ms
2020-4-10 17:13:18 :POST /user/ - 68ms
2020-4-10 17:13:18 :POST /user/ - 97ms
2020-4-10 17:13:18 :POST /user/ - 7ms
2020-4-10 17:13:18 :POST /user/ - 7ms
2020-4-10 17:13:18 :POST /user/ - 28ms
2020-4-10 17:13:18 :POST /user/ - 6ms
2020-4-10 17:13:18 :POST /user/ - 7ms
2020-4-10 17:13:18 :POST /user/ - 5ms
2020-4-10 17:13:18 :POST /user/ - 8ms
2020-4-10 17:13:18 :POST /user/ - 5ms
2020-4-10 17:13:18 :OPTIONS /user/ - 1ms
2020-4-10 17:13:18 :OPTIONS /user/ - 0ms
2020-4-10 17:13:18 :OPTIONS /user/ - 1ms
2020-4-10 17:13:18 :POST /user/ - 8ms
2020-4-10 17:13:18 :POST /user/ - 36ms
2020-4-10 17:13:18 :POST /user/ - 15ms
2020-4-10 17:13:18 :POST /user/ - 21ms
2020-4-10 17:13:18 :POST /user/ - 12ms
2020-4-10 17:13:18 :POST /user/ - 20ms
2020-4-10 17:13:18 :POST /user/ - 12ms
2020-4-10 17:13:18 :POST /user/ - 46ms
2020-4-10 17:13:18 :POST /user/ - 21ms
2020-4-10 17:13:18 :POST /user/ - 14ms
2020-4-10 17:13:18 :POST /user/ - 8ms
2020-4-10 17:13:18 :POST /user/ - 14ms
2020-4-10 17:13:18 :POST /user/ - 22ms
2020-4-10 17:13:18 :POST /user/ - 38ms
2020-4-10 17:13:18 :POST /user/ - 9ms
2020-4-10 17:13:18 :POST /user/ - 26ms
2020-4-10 17:13:18 :POST /user/ - 18ms
2020-4-10 17:13:18 :POST /user/ - 9ms
2020-4-10 17:13:18 :POST /user/ - 25ms
2020-4-10 17:14:36 :OPTIONS /user/ - 4ms
2020-4-10 17:14:36 :OPTIONS /user/ - 4ms
2020-4-10 17:14:36 :OPTIONS /user/ - 4ms
2020-4-10 17:14:36 :OPTIONS /user/ - 1ms
2020-4-10 17:14:36 :OPTIONS /user/ - 1ms
2020-4-10 17:14:36 :POST /user/ - 593ms
2020-4-10 17:14:36 :POST /user/ - 753ms
2020-4-10 17:14:36 :POST /user/ - 135ms
2020-4-10 17:13:18 :POST /user/ - 463ms
2020-4-10 17:14:36 :POST /user/ - 64ms
2020-4-10 17:13:18 :POST /user/ - 13ms
2020-4-10 17:14:36 :POST /user/ - 247ms
2020-4-10 17:13:18 :POST /user/ - 10ms
2020-4-10 17:14:36 :POST /user/ - 14ms
2020-4-10 17:14:36 :POST /user/ - 270ms
2020-4-10 17:13:18 :POST /user/ - 123ms
2020-4-10 17:14:36 :POST /user/ - 125ms
2020-4-10 17:14:36 :POST /user/ - 277ms
2020-4-10 17:13:18 :POST /user/ - 27ms
2020-4-10 17:14:36 :POST /user/ - 30ms
2020-4-10 17:14:36 :POST /user/ - 84ms
2020-4-10 17:13:18 :POST /user/ - 14ms
2020-4-10 17:14:36 :POST /user/ - 14ms
2020-4-10 17:13:18 :POST /user/ - 10ms
2020-4-10 17:14:36 :POST /user/ - 11ms
2020-4-10 17:14:36 :POST /user/ - 80ms
2020-4-10 17:14:36 :POST /user/ - 63ms
2020-4-10 17:13:18 :POST /user/ - 38ms
2020-4-10 17:14:36 :POST /user/ - 41ms
2020-4-10 17:14:36 :POST /user/ - 28ms
2020-4-10 17:14:36 :POST /user/ - 27ms
2020-4-10 17:13:18 :POST /user/ - 15ms
2020-4-10 17:14:36 :POST /user/ - 17ms
2020-4-10 17:14:36 :POST /user/ - 21ms
2020-4-10 17:14:36 :POST /user/ - 15ms
2020-4-10 17:14:36 :POST /user/ - 755ms
2020-4-10 17:14:36 :POST /user/ - 1358ms
2020-4-10 17:14:36 :POST /user/ - 81ms
2020-4-10 17:13:18 :POST /user/ - 25ms
2020-4-10 17:14:36 :POST /user/ - 21ms
2020-4-10 17:14:36 :POST /user/ - 21ms
2020-4-10 17:14:36 :POST /user/ - 72ms
2020-4-10 17:14:36 :POST /user/ - 46ms
2020-4-10 17:14:36 :POST /user/ - 22ms
2020-4-10 17:14:36 :POST /user/ - 20ms
2020-4-10 17:14:36 :POST /user/ - 25ms
2020-4-10 17:14:36 :POST /user/ - 20ms
2020-4-10 17:13:18 :POST /user/ - 45ms
2020-4-10 17:14:36 :POST /user/ - 35ms
2020-4-10 17:14:36 :POST /user/ - 27ms
2020-4-10 17:14:36 :POST /user/ - 27ms
2020-4-10 17:14:36 :POST /user/ - 26ms
2020-4-10 17:14:36 :POST /user/ - 24ms
2020-4-10 17:14:36 :POST /user/ - 28ms
2020-4-10 17:13:18 :POST /user/ - 28ms
2020-4-10 17:14:36 :POST /user/ - 25ms
2020-4-10 17:14:36 :OPTIONS /user/ - 0ms
2020-4-10 17:14:36 :OPTIONS /user/ - 0ms
2020-4-10 17:14:36 :OPTIONS /user/ - 1ms
2020-4-10 17:14:36 :POST /user/ - 15ms
2020-4-10 17:14:36 :POST /user/ - 19ms
2020-4-10 17:14:36 :POST /user/ - 14ms
2020-4-10 17:14:36 :POST /user/ - 18ms
2020-4-10 17:14:36 :POST /user/ - 20ms
2020-4-10 17:14:36 :POST /user/ - 30ms
2020-4-10 17:14:36 :GET /getImg?imagePath=1586507791057 - 404
2020-4-10 17:14:36 :GET /getImg?imagePath=1586507667920 - 404
2020-4-10 17:14:36 :GET /getImg?imagePath=1586507820815 - 404
2020-4-10 17:14:36 :GET /getImg?imagePath=1586507796604 - 404
2020-4-10 17:14:36 :OPTIONS /user/ - 1ms
2020-4-10 17:14:36 :OPTIONS /user/ - 0ms
2020-4-10 17:14:36 :POST /user/ - 31ms
2020-4-10 17:14:36 :POST /user/ - 60ms
2020-4-10 17:14:36 :OPTIONS /user/ - 1ms
2020-4-10 17:14:36 :POST /user/ - 428ms
2020-4-10 17:14:36 :POST /user/ - 175ms
2020-4-10 17:14:36 :POST /user/ - 7ms
2020-4-10 17:14:36 :OPTIONS /user/ - 0ms
2020-4-10 17:14:36 :OPTIONS /user/ - 0ms
2020-4-10 17:14:36 :POST /user/ - 10ms
2020-4-10 17:14:36 :POST /user/ - 10ms
2020-4-10 17:13:18 :POST /user/ - 7ms
2020-4-10 17:14:36 :POST /user/ - 10ms
2020-4-10 17:14:36 :POST /user/ - 7ms
2020-4-10 17:14:36 :POST /user/ - 373ms
2020-4-10 17:14:36 :POST /user/ - 306ms
2020-4-10 17:14:36 :POST /user/ - 84ms
2020-4-10 17:13:18 :POST /user/ - 790ms
2020-4-10 17:13:18 :POST /user/ - 61ms
2020-4-10 17:14:36 :POST /user/ - 136ms
2020-4-10 17:14:36 :POST /user/ - 759ms
2020-4-10 17:13:18 :POST /user/ - 97ms
2020-4-10 17:14:36 :POST /user/ - 251ms
2020-4-10 17:14:36 :POST /user/ - 122ms
2020-4-10 17:15:46 :OPTIONS /user/ - 1ms
2020-4-10 17:15:46 :POST /user/ - 717ms
2020-4-10 17:15:46 :OPTIONS /user/ - 4ms
2020-4-10 17:15:46 :POST /user/ - 762ms
2020-4-10 17:15:46 :POST /user/ - 67ms
2020-4-10 17:15:46 :POST /user/ - 88ms
2020-4-10 17:15:46 :POST /user/ - 86ms
2020-4-10 17:15:46 :POST /user/ - 63ms
2020-4-10 17:15:45 :POST /user/ - 533ms
2020-4-10 17:15:45 :POST /user/ - 52ms
2020-4-10 17:15:46 :POST /user/ - 23ms
2020-4-10 17:15:46 :POST /user/ - 26ms
2020-4-10 17:15:46 :POST /user/ - 72ms
2020-4-10 17:15:46 :POST /user/ - 67ms
2020-4-10 17:15:46 :POST /user/ - 10ms
2020-4-10 17:15:46 :POST /user/ - 8ms
2020-4-10 17:15:46 :OPTIONS /user/ - 0ms
2020-4-10 17:15:46 :POST /user/ - 12ms
2020-4-10 17:15:46 :POST /user/ - 8ms
2020-4-10 17:15:46 :POST /user/ - 86ms
2020-4-10 17:15:46 :POST /user/ - 77ms
2020-4-10 17:15:46 :POST /user/ - 7ms
2020-4-10 17:15:46 :POST /user/ - 11ms
2020-4-10 17:15:46 :POST /user/ - 10ms
2020-4-10 17:15:46 :POST /user/ - 59ms
2020-4-10 17:15:46 :POST /user/ - 6ms
2020-4-10 17:15:46 :OPTIONS /user/ - 1ms
2020-4-10 17:15:46 :POST /user/ - 10ms
2020-4-10 17:15:46 :POST /user/ - 25ms
2020-4-10 17:15:45 :POST /user/ - 21ms
2020-4-10 17:15:46 :POST /user/ - 27ms
2020-4-10 17:13:18 :POST /user/ - 218ms
2020-4-10 17:13:18 :POST /user/ - 178ms
2020-4-10 17:15:46 :POST /user/ - 1703ms
2020-4-10 17:15:46 :POST /user/ - 63ms
2020-4-10 17:15:45 :POST /user/ - 1101ms
2020-4-10 17:15:45 :POST /user/ - 58ms
2020-4-10 17:15:45 :OPTIONS /user/ - 1ms
2020-4-10 17:15:45 :POST /user/ - 33ms
2020-4-10 17:15:45 :POST /user/ - 8ms
2020-4-10 17:15:45 :POST /user/ - 8ms
2020-4-10 17:15:45 :POST /user/ - 11ms
2020-4-10 17:15:46 :POST /user/ - 29ms
2020-4-10 17:15:45 :POST /user/ - 49ms
2020-4-10 17:15:45 :POST /user/ - 22ms
2020-4-10 17:15:45 :POST /user/ - 23ms
2020-4-10 17:15:46 :POST /user/ - 29ms
2020-4-10 17:15:45 :POST /user/ - 512ms
2020-4-10 17:15:45 :POST /user/ - 76ms
2020-4-10 17:15:45 :POST /user/ - 122ms
2020-4-10 17:13:18 :POST /user/ - 13ms
2020-4-10 17:16:10 :POST /user/ - 1129ms
2020-4-10 17:16:10 :OPTIONS /user/ - 1ms
2020-4-10 17:16:10 :POST /user/ - 29ms
2020-4-10 17:16:10 :POST /user/ - 8ms