
2020-4-20 14:23:1 :OPTIONS /user/ - 5ms
2020-4-20 14:23:1 :OPTIONS /user/ - 0ms
2020-4-20 14:23:1 :OPTIONS /user/ - 4ms
2020-4-20 14:23:1 :POST /user/ - 395ms
2020-4-20 14:23:1 :POST /user/ - 27ms
2020-4-20 14:23:1 :POST /user/ - 392ms
2020-4-20 14:23:1 :POST /user/ - 642ms
2020-4-20 14:23:1 :OPTIONS /user/ - 0ms
2020-4-20 14:23:1 :OPTIONS /user/ - 0ms
2020-4-20 14:23:1 :POST /user/ - 12ms
2020-4-20 14:23:1 :POST /user/ - 13ms
2020-4-20 14:23:1 :POST /user/ - 8ms
2020-4-20 14:23:1 :POST /user/ - 7ms
2020-4-20 14:23:1 :POST /user/ - 333ms
2020-4-20 14:23:1 :POST /user/ - 43ms
2020-4-20 14:23:1 :POST /user/ - 73ms
2020-4-20 14:23:1 :POST /user/ - 57ms
2020-4-20 14:23:1 :POST /user/ - 97ms
2020-4-20 14:23:1 :POST /user/ - 111ms
2020-4-20 14:23:1 :POST /user/ - 964ms
2020-4-20 14:23:1 :OPTIONS /user/ - 0ms
2020-4-20 14:23:1 :OPTIONS /user/ - 0ms
2020-4-20 14:23:1 :POST /user/ - 54ms
2020-4-20 14:23:1 :POST /user/ - 50ms
2020-4-20 14:23:1 :POST /user/ - 59ms
2020-4-20 14:23:1 :POST /user/ - 60ms
2020-4-20 14:23:1 :POST /user/ - 23ms
2020-4-20 14:23:1 :POST /user/ - 15ms
2020-4-20 14:23:1 :POST /user/ - 29ms
2020-4-20 14:23:1 :POST /user/ - 49ms
2020-4-20 14:23:1 :POST /user/ - 43ms
2020-4-20 14:23:1 :POST /user/ - 39ms
2020-4-20 14:23:1 :POST /user/ - 17ms
2020-4-20 14:23:1 :POST /user/ - 51ms
2020-4-20 14:23:1 :POST /user/ - 45ms
2020-4-20 14:23:1 :POST /user/ - 40ms
2020-4-20 14:23:1 :OPTIONS /user/ - 0ms
2020-4-20 14:23:1 :POST /user/ - 37ms
2020-4-20 14:23:1 :POST /user/ - 21ms
2020-4-20 14:23:1 :POST /user/ - 38ms
2020-4-20 14:23:1 :POST /user/ - 38ms
2020-4-20 14:23:1 :POST /user/ - 46ms
2020-4-20 14:23:1 :POST /user/ - 40ms
2020-4-20 14:23:1 :POST /user/ - 50ms
2020-4-20 14:23:1 :POST /user/ - 48ms
2020-4-20 14:23:1 :OPTIONS /user/ - 0ms
2020-4-20 14:23:1 :POST /user/ - 179ms
2020-4-20 14:23:1 :POST /user/ - 51ms
2020-4-20 14:23:1 :POST /user/ - 43ms
2020-4-20 14:23:1 :POST /user/ - 48ms
2020-4-20 14:23:1 :POST /user/ - 46ms
2020-4-20 14:23:1 :OPTIONS /user/ - 0ms
2020-4-20 14:23:1 :OPTIONS /user/ - 0ms
2020-4-20 14:23:1 :POST /user/ - 16ms
2020-4-20 14:23:1 :POST /user/ - 14ms
2020-4-20 14:23:1 :POST /user/ - 11ms
2020-4-20 14:23:1 :POST /user/ - 16ms
2020-4-20 14:23:1 :POST /user/ - 23ms
2020-4-20 14:23:1 :POST /user/ - 26ms
2020-4-20 14:23:1 :OPTIONS /user/ - 0ms
2020-4-20 14:23:1 :OPTIONS /user/ - 0ms
2020-4-20 14:23:1 :POST /user/ - 19ms
2020-4-20 14:23:1 :POST /user/ - 16ms
2020-4-20 14:23:1 :OPTIONS /user/ - 6ms
2020-4-20 14:23:1 :POST /user/ - 394ms
2020-4-20 14:23:1 :OPTIONS /user/ - 0ms
2020-4-20 14:23:1 :OPTIONS /user/ - 0ms
2020-4-20 14:23:1 :POST /user/ - 8ms
2020-4-20 14:23:1 :POST /user/ - 13ms
2020-4-20 14:23:1 :POST /user/ - 8ms
2020-4-20 14:23:1 :POST /user/ - 13ms
2020-4-20 14:23:1 :POST /user/ - 12ms
2020-4-20 14:23:1 :POST /user/ - 19ms
2020-4-20 14:23:1 :POST /user/ - 17ms
2020-4-20 14:23:1 :POST /user/ - 15ms
2020-4-20 14:23:1 :POST /user/ - 12ms
2020-4-20 14:23:1 :POST /user/ - 12ms
2020-4-20 14:23:1 :POST /user/ - 9ms
2020-4-20 14:23:1 :POST /user/ - 10ms
2020-4-20 14:23:1 :OPTIONS /user/ - 0ms
2020-4-20 14:23:1 :POST /user/ - 26ms
2020-4-20 14:23:1 :POST /user/ - 6ms
2020-4-20 14:23:1 :OPTIONS /user/ - 1ms
2020-4-20 14:23:1 :POST /user/ - 11ms
2020-4-20 14:23:1 :POST /user/ - 11ms
2020-4-20 14:23:1 :POST /user/ - 6ms
2020-4-20 14:23:1 :OPTIONS /user/ - 0ms
2020-4-20 14:23:1 :POST /user/ - 4ms
2020-4-20 14:23:1 :POST /user/ - 6ms
2020-4-20 14:23:1 :OPTIONS /user/ - 0ms
2020-4-20 14:23:1 :POST /user/ - 5ms
2020-4-20 14:23:1 :POST /user/ - 5ms
2020-4-20 14:23:1 :POST /user/ - 15ms
2020-4-20 14:23:1 :POST /user/ - 55ms
2020-4-20 14:23:1 :OPTIONS /user/ - 1ms
2020-4-20 14:23:1 :POST /user/ - 10ms
2020-4-20 14:23:1 :POST /user/ - 7ms
2020-4-20 14:23:1 :POST /user/ - 13ms
2020-4-20 14:23:1 :POST /user/ - 16ms
2020-4-20 14:23:1 :POST /user/ - 17ms
2020-4-20 14:23:1 :POST /user/ - 20ms
2020-4-20 14:23:1 :POST /user/ - 15ms
2020-4-20 14:23:1 :POST /user/ - 16ms
2020-4-20 14:23:1 :POST /user/ - 14ms
2020-4-20 14:23:1 :POST /user/ - 16ms
2020-4-20 14:23:1 :POST /user/ - 14ms
2020-4-20 14:23:1 :OPTIONS /user/ - 0ms
2020-4-20 14:23:1 :OPTIONS /user/ - 1ms
2020-4-20 14:23:1 :POST /user/ - 7ms
2020-4-20 14:23:1 :POST /user/ - 7ms
2020-4-20 14:23:1 :POST /user/ - 8ms
2020-4-20 14:23:1 :POST /user/ - 13ms
2020-4-20 14:23:1 :POST /user/ - 9ms
2020-4-20 14:23:1 :POST /user/ - 6ms
2020-4-20 14:23:1 :POST /user/ - 7ms
2020-4-20 14:23:1 :POST /user/ - 8ms
2020-4-20 14:23:1 :POST /user/ - 18ms
2020-4-20 14:23:1 :POST /user/ - 15ms
2020-4-20 14:23:1 :POST /user/ - 29ms
2020-4-20 14:23:1 :OPTIONS /user/ - 0ms
2020-4-20 14:23:1 :OPTIONS /user/ - 0ms
2020-4-20 14:23:1 :POST /user/ - 6ms
2020-4-20 14:23:1 :POST /user/ - 6ms
2020-4-20 14:23:1 :OPTIONS /user/ - 0ms
2020-4-20 14:23:1 :OPTIONS /user/ - 0ms
2020-4-20 14:23:1 :POST /user/ - 7ms
2020-4-20 14:23:1 :POST /user/ - 7ms
2020-4-20 14:23:1 :OPTIONS /user/ - 0ms
2020-4-20 14:23:1 :OPTIONS /user/ - 0ms
2020-4-20 14:23:1 :POST /user/ - 19ms
2020-4-20 14:23:1 :POST /user/ - 13ms
2020-4-20 14:23:1 :POST /user/ - 30ms
2020-4-20 14:23:1 :POST /user/ - 16ms
2020-4-20 14:23:1 :POST /user/ - 12ms
2020-4-20 14:23:1 :POST /user/ - 39ms
2020-4-20 14:23:1 :POST /user/ - 13ms
2020-4-20 14:23:1 :POST /user/ - 50ms
2020-4-20 14:23:1 :POST /user/ - 14ms
2020-4-20 14:23:1 :POST /user/ - 34ms
2020-4-20 14:23:1 :POST /user/ - 45ms
2020-4-20 14:23:1 :OPTIONS /user/ - 0ms
2020-4-20 14:23:1 :OPTIONS /user/ - 0ms
2020-4-20 14:23:1 :OPTIONS /user/ - 0ms
2020-4-20 14:23:1 :POST /user/ - 8ms
2020-4-20 14:23:1 :POST /user/ - 12ms
2020-4-20 14:23:1 :POST /user/ - 8ms
2020-4-20 14:23:1 :OPTIONS /user/ - 0ms
2020-4-20 14:23:1 :OPTIONS /user/ - 0ms
2020-4-20 14:23:1 :POST /user/ - 9ms
2020-4-20 14:23:1 :POST /user/ - 9ms
2020-4-20 14:23:1 :POST /user/ - 4ms
2020-4-20 14:23:1 :POST /user/ - 12ms
2020-4-20 14:23:1 :POST /user/ - 22ms
2020-4-20 14:23:1 :OPTIONS /user/ - 0ms
2020-4-20 14:23:1 :POST /user/ - 5ms
2020-4-20 14:23:1 :OPTIONS /user/ - 0ms
2020-4-20 14:23:1 :OPTIONS /user/ - 0ms
2020-4-20 14:23:1 :OPTIONS /user/ - 0ms
2020-4-20 14:23:1 :POST /user/ - 12ms
2020-4-20 14:23:1 :POST /user/ - 39ms
2020-4-20 14:23:1 :POST /user/ - 39ms
2020-4-20 14:23:1 :POST /user/ - 6ms
2020-4-20 14:23:1 :POST /user/ - 5ms
2020-4-20 14:23:1 :POST /user/ - 23ms
2020-4-20 14:23:1 :POST /user/ - 5ms
2020-4-20 14:23:1 :OPTIONS /user/ - 0ms
2020-4-20 14:23:1 :POST /user/ - 6ms
2020-4-20 14:23:1 :POST /user/ - 7ms
2020-4-20 14:23:1 :POST /user/ - 6ms
2020-4-20 14:23:1 :OPTIONS /user/ - 0ms
2020-4-20 14:23:1 :POST /user/ - 8ms
2020-4-20 14:23:1 :POST /user/ - 5ms
2020-4-20 14:23:1 :OPTIONS /user/ - 0ms
2020-4-20 14:23:1 :POST /user/ - 8ms
2020-4-20 14:23:1 :OPTIONS /user/ - 0ms
2020-4-20 14:23:1 :OPTIONS /user/ - 0ms
2020-4-20 14:23:1 :POST /user/ - 18ms
2020-4-20 14:23:1 :POST /user/ - 18ms
2020-4-20 14:23:1 :POST /user/ - 5ms
2020-4-20 14:23:1 :POST /user/ - 6ms
2020-4-20 14:23:1 :OPTIONS /upFile - 0ms
2020-4-20 14:23:1 :POST /upFile - 34ms
2020-4-20 14:23:1 :GET /getImg?imagePath=1587364345587 - 404
2020-4-20 14:23:1 :OPTIONS /user/ - 0ms
2020-4-20 14:23:1 :POST /user/ - 17ms
2020-4-20 14:23:1 :OPTIONS /upFile - 0ms
2020-4-20 14:23:1 :POST /upFile - 9ms
2020-4-20 14:23:1 :GET /getImg?imagePath=1587364359738 - 404
2020-4-20 14:23:1 :OPTIONS /user/ - 0ms
2020-4-20 14:23:1 :POST /user/ - 9ms
2020-4-20 14:23:1 :OPTIONS /upFile - 0ms
2020-4-20 14:23:1 :POST /upFile - 18ms
2020-4-20 14:23:1 :GET /getImg?imagePath=1587364492121 - 404
2020-4-20 14:23:1 :OPTIONS /user/ - 0ms
2020-4-20 14:23:1 :POST /user/ - 40ms
2020-4-20 14:23:1 :GET /getImg?imagePath=1587364345587 - 404
2020-4-20 14:23:1 :OPTIONS /upFile - 0ms
2020-4-20 14:23:1 :POST /upFile - 17ms
2020-4-20 14:23:1 :GET /getImg?imagePath=1587364499553 - 404
2020-4-20 14:23:1 :OPTIONS /user/ - 0ms
2020-4-20 14:23:1 :POST /user/ - 30ms
2020-4-20 14:23:1 :POST /user/ - 7ms
2020-4-20 14:23:1 :POST /user/ - 6ms
2020-4-20 14:23:1 :OPTIONS /upFile - 1ms
2020-4-20 14:23:1 :POST /upFile - 12ms
2020-4-20 14:23:1 :OPTIONS /user/ - 0ms
2020-4-20 14:23:1 :POST /user/ - 12ms
2020-4-20 14:23:1 :GET /getImg?imagePath=1587364511118 - 404
2020-4-20 14:23:1 :POST /upFile - 58ms
2020-4-20 14:23:1 :POST /user/ - 10ms
2020-4-20 14:23:1 :GET /getImg?imagePath=1587364515962 - 404
2020-4-20 14:23:1 :OPTIONS /upFile - 1ms
2020-4-20 14:23:1 :POST /upFile - 11ms
2020-4-20 14:23:1 :OPTIONS /user/ - 0ms
2020-4-20 14:23:1 :POST /user/ - 44ms
2020-4-20 14:23:1 :GET /getImg?imagePath=1587364520383 - 404
2020-4-20 14:23:1 :POST /user/ - 9ms
2020-4-20 14:23:1 :POST /user/ - 12ms
2020-4-20 14:23:1 :POST /user/ - 11ms
2020-4-20 14:23:1 :GET /getImg?imagePath=1587364515962 - 404
2020-4-20 14:23:1 :GET /getImg?imagePath=1587364520383 - 404
2020-4-20 14:23:1 :GET /getImg?imagePath=1587364499553 - 404
2020-4-20 14:23:1 :GET /getImg?imagePath=1587364492121 - 404
2020-4-20 14:23:1 :GET /getImg?imagePath=1587364511118 - 404
2020-4-20 14:23:1 :OPTIONS /user/ - 1ms
2020-4-20 14:23:1 :OPTIONS /user/ - 0ms
2020-4-20 14:23:1 :POST /user/ - 11ms
2020-4-20 14:23:1 :POST /user/ - 11ms
2020-4-20 14:23:1 :POST /user/ - 17ms
2020-4-20 14:23:1 :OPTIONS /user/ - 0ms
2020-4-20 14:23:1 :OPTIONS /user/ - 1ms
2020-4-20 14:23:1 :POST /user/ - 9ms
2020-4-20 14:23:1 :POST /user/ - 8ms
2020-4-20 14:35:35 :OPTIONS /upFile - 4ms
2020-4-20 14:35:35 :POST /upFile - 33ms
2020-4-20 14:35:35 :OPTIONS /user/ - 0ms
2020-4-20 14:35:35 :GET /getImg?imagePath=1587364544034 - 404
2020-4-20 14:35:35 :POST /user/ - 650ms
2020-4-20 14:35:35 :OPTIONS /upFile - 0ms
2020-4-20 14:35:35 :POST /upFile - 31ms
2020-4-20 14:35:35 :OPTIONS /user/ - 1ms
2020-4-20 14:35:35 :POST /user/ - 28ms
2020-4-20 14:35:35 :GET /getImg?imagePath=1587364597009 - 404
2020-4-20 14:35:35 :OPTIONS /user/ - 1ms
2020-4-20 14:23:1 :OPTIONS /user/ - 0ms
2020-4-20 14:23:1 :POST /user/ - 9ms
2020-4-20 14:35:35 :POST /user/ - 18ms
2020-4-20 14:23:1 :OPTIONS /user/ - 0ms
2020-4-20 14:23:1 :POST /user/ - 7ms
2020-4-20 14:23:1 :POST /user/ - 8ms
2020-4-20 14:23:1 :POST /user/ - 9ms
2020-4-20 14:23:1 :POST /user/ - 5ms
2020-4-20 14:23:1 :OPTIONS /upFile - 1ms
2020-4-20 14:23:1 :POST /upFile - 12ms
2020-4-20 14:23:1 :OPTIONS /user/ - 1ms
2020-4-20 14:23:1 :POST /user/ - 15ms
2020-4-20 14:23:1 :POST /user/ - 6ms
2020-4-20 14:23:1 :OPTIONS /user/ - 1ms
2020-4-20 14:23:1 :OPTIONS /user/ - 0ms
2020-4-20 14:23:1 :POST /user/ - 10ms
2020-4-20 14:23:1 :POST /user/ - 10ms
2020-4-20 14:23:1 :POST /user/ - 5ms
2020-4-20 14:23:1 :OPTIONS /user/ - 0ms
2020-4-20 14:23:1 :POST /user/ - 6ms
2020-4-20 14:23:1 :POST /user/ - 6ms
2020-4-20 14:23:1 :OPTIONS /user/ - 0ms
2020-4-20 14:23:1 :OPTIONS /user/ - 0ms
2020-4-20 14:23:1 :OPTIONS /user/ - 1ms
2020-4-20 14:23:1 :POST /user/ - 13ms
2020-4-20 14:23:1 :POST /user/ - 15ms
2020-4-20 14:23:1 :POST /user/ - 10ms
2020-4-20 14:23:1 :POST /user/ - 5ms
2020-4-20 14:23:1 :OPTIONS /user/ - 0ms
2020-4-20 14:35:35 :OPTIONS /user/ - 0ms
2020-4-20 14:35:35 :OPTIONS /user/ - 0ms
2020-4-20 14:23:1 :POST /user/ - 12ms
2020-4-20 14:35:35 :POST /user/ - 12ms
2020-4-20 14:35:35 :POST /user/ - 11ms
2020-4-20 14:23:1 :GET /getImg?imagePath=1587364520383 - 404
2020-4-20 14:23:1 :GET /getImg?imagePath=1587364492121 - 404
2020-4-20 14:23:1 :GET /getImg?imagePath=1587364515962 - 404
2020-4-20 14:35:35 :GET /getImg?imagePath=1587364499553 - 404
2020-4-20 14:35:35 :GET /getImg?imagePath=1587364511118 - 404
2020-4-20 14:35:35 :POST /user/ - 12ms
2020-4-20 14:35:35 :POST /user/ - 11ms
2020-4-20 14:35:35 :POST /user/ - 25ms
2020-4-20 14:35:35 :GET /getImg?imagePath=1587364675671 - 404
2020-4-20 14:35:35 :POST /user/ - 31ms
2020-4-20 14:35:35 :POST /user/ - 9ms
2020-4-20 14:35:35 :POST /user/ - 6ms
2020-4-20 14:35:35 :POST /user/ - 5ms
2020-4-20 14:35:35 :OPTIONS /user/ - 0ms
2020-4-20 14:35:35 :POST /user/ - 7ms
2020-4-20 14:35:35 :POST /user/ - 6ms
2020-4-20 14:35:35 :POST /user/ - 6ms
2020-4-20 14:35:35 :POST /user/ - 6ms
2020-4-20 14:35:35 :POST /user/ - 4ms
2020-4-20 14:35:35 :POST /user/ - 32ms
2020-4-20 14:23:1 :POST /user/ - 30ms
2020-4-20 14:23:1 :POST /user/ - 29ms
2020-4-20 14:23:1 :POST /user/ - 18ms
2020-4-20 14:23:1 :POST /user/ - 16ms
2020-4-20 14:35:35 :POST /user/ - 15ms
2020-4-20 14:23:1 :OPTIONS /user/ - 0ms
2020-4-20 14:23:1 :OPTIONS /user/ - 1ms
2020-4-20 14:35:35 :POST /user/ - 31ms
2020-4-20 14:23:1 :POST /user/ - 89ms
2020-4-20 14:23:1 :POST /user/ - 84ms
2020-4-20 14:35:35 :POST /user/ - 9ms
2020-4-20 14:23:1 :POST /user/ - 7ms
2020-4-20 14:35:35 :POST /user/ - 11ms
2020-4-20 14:35:35 :POST /user/ - 16ms
2020-4-20 14:23:1 :POST /user/ - 20ms
2020-4-20 14:23:1 :POST /user/ - 26ms
2020-4-20 14:23:1 :OPTIONS /user/ - 1ms
2020-4-20 14:23:1 :OPTIONS /user/ - 0ms
2020-4-20 14:23:1 :POST /user/ - 9ms
2020-4-20 14:23:1 :POST /user/ - 11ms
2020-4-20 14:23:1 :POST /user/ - 13ms
2020-4-20 14:23:1 :POST /user/ - 177ms
2020-4-20 14:23:1 :OPTIONS /user/ - 0ms
2020-4-20 14:23:1 :OPTIONS /user/ - 0ms
2020-4-20 14:23:1 :POST /user/ - 14ms
2020-4-20 14:23:1 :POST /user/ - 12ms
2020-4-20 14:23:1 :POST /user/ - 12ms
2020-4-20 14:23:1 :POST /user/ - 19ms
2020-4-20 14:23:1 :POST /user/ - 26ms
2020-4-20 14:23:1 :POST /user/ - 21ms
2020-4-20 14:23:1 :POST /user/ - 15ms
2020-4-20 14:23:1 :OPTIONS /user/ - 0ms
2020-4-20 14:23:1 :POST /user/ - 9ms
2020-4-20 14:23:1 :POST /user/ - 5ms
2020-4-20 14:23:1 :POST /user/ - 7ms
2020-4-20 14:23:1 :GET /getImg?imagePath=1587364597009 - 404
2020-4-20 14:23:1 :OPTIONS /user/ - 0ms
2020-4-20 14:23:1 :POST /user/ - 55ms
2020-4-20 14:23:1 :POST /user/ - 8ms
2020-4-20 14:23:1 :POST /user/ - 9ms
2020-4-20 14:23:1 :POST /user/ - 11ms
2020-4-20 14:23:1 :POST /user/ - 11ms
2020-4-20 14:23:1 :POST /user/ - 13ms
2020-4-20 14:23:1 :POST /user/ - 12ms
2020-4-20 14:23:1 :POST /user/ - 8ms
2020-4-20 14:23:1 :POST /user/ - 9ms
2020-4-20 14:23:1 :POST /user/ - 15ms
2020-4-20 14:23:1 :POST /user/ - 16ms
2020-4-20 14:23:1 :POST /user/ - 14ms
2020-4-20 14:23:1 :POST /user/ - 7ms
2020-4-20 14:23:1 :OPTIONS /user/ - 0ms
2020-4-20 14:23:1 :OPTIONS /user/ - 0ms
2020-4-20 14:23:1 :POST /user/ - 12ms
2020-4-20 14:23:1 :POST /user/ - 22ms
2020-4-20 14:23:1 :POST /user/ - 16ms
2020-4-20 14:23:1 :GET /getImg?imagePath=1587364492121 - 404
2020-4-20 14:23:1 :POST /user/ - 129ms
2020-4-20 14:23:1 :GET /getImg?imagePath=1587364515962 - 404
2020-4-20 14:23:1 :GET /getImg?imagePath=1587364520383 - 404
2020-4-20 14:35:35 :GET /getImg?imagePath=1587364499553 - 404
2020-4-20 14:35:35 :GET /getImg?imagePath=1587364511118 - 404
2020-4-20 14:35:35 :GET /getImg?imagePath=1587364675671 - 404
2020-4-20 14:23:1 :POST /user/ - 7ms
2020-4-20 14:44:41 :OPTIONS /user/ - 5ms
2020-4-20 14:44:41 :POST /user/ - 237ms
2020-4-20 14:44:41 :POST /user/ - 10ms
2020-4-20 14:44:41 :OPTIONS /user/ - 0ms
2020-4-20 14:44:41 :POST /user/ - 29ms
2020-4-20 14:44:41 :POST /user/ - 7ms
2020-4-20 14:44:41 :POST /user/ - 33ms
2020-4-20 14:44:41 :POST /user/ - 5ms
2020-4-20 14:35:35 :OPTIONS /user/ - 0ms
2020-4-20 14:44:41 :OPTIONS /user/ - 0ms
2020-4-20 14:44:41 :OPTIONS /user/ - 0ms
2020-4-20 14:35:35 :POST /user/ - 7ms
2020-4-20 14:44:41 :POST /user/ - 14ms
2020-4-20 14:44:41 :POST /user/ - 30ms
2020-4-20 14:35:35 :GET /getImg?imagePath=1587364492121 - 404
2020-4-20 14:35:35 :GET /getImg?imagePath=1587364511118 - 404
2020-4-20 14:23:1 :GET /getImg?imagePath=1587364515962 - 404
2020-4-20 14:23:1 :GET /getImg?imagePath=1587364520383 - 404
2020-4-20 14:44:41 :GET /getImg?imagePath=1587364499553 - 404
2020-4-20 14:44:41 :POST /user/ - 1327ms
2020-4-20 14:44:41 :GET /getImg?imagePath=1587364675671 - 404
2020-4-20 14:44:41 :POST /user/ - 9ms
2020-4-20 14:44:41 :POST /user/ - 8ms
2020-4-20 14:35:35 :POST /user/ - 7ms
2020-4-20 14:35:35 :OPTIONS /user/ - 0ms
2020-4-20 14:35:35 :POST /user/ - 17ms
2020-4-20 14:35:35 :POST /user/ - 32ms
2020-4-20 14:35:35 :POST /user/ - 7ms
2020-4-20 14:35:35 :OPTIONS /user/ - 1ms
2020-4-20 14:35:35 :POST /user/ - 18ms
2020-4-20 14:44:41 :OPTIONS /user/ - 0ms
2020-4-20 14:44:41 :POST /user/ - 7ms
2020-4-20 14:44:41 :OPTIONS /user/ - 0ms
2020-4-20 14:44:41 :POST /user/ - 9ms
2020-4-20 14:44:41 :POST /user/ - 9ms
2020-4-20 14:44:41 :POST /user/ - 9ms
2020-4-20 14:44:41 :POST /user/ - 10ms
2020-4-20 14:44:41 :OPTIONS /user/ - 0ms
2020-4-20 14:44:41 :OPTIONS /user/ - 0ms
2020-4-20 14:44:41 :POST /user/ - 10ms
2020-4-20 14:44:41 :POST /user/ - 10ms
2020-4-20 14:44:41 :POST /user/ - 5ms
2020-4-20 14:44:41 :OPTIONS /user/ - 0ms
2020-4-20 14:44:41 :OPTIONS /user/ - 0ms
2020-4-20 14:44:41 :POST /user/ - 5ms
2020-4-20 14:44:41 :POST /user/ - 9ms
2020-4-20 14:44:41 :POST /user/ - 18ms
2020-4-20 14:44:41 :OPTIONS /user/ - 0ms
2020-4-20 14:44:41 :OPTIONS /user/ - 0ms
2020-4-20 14:44:41 :POST /user/ - 12ms
2020-4-20 14:44:41 :POST /user/ - 9ms
2020-4-20 14:44:41 :POST /user/ - 6ms
2020-4-20 14:44:41 :POST /user/ - 24ms
2020-4-20 14:44:41 :POST /user/ - 7ms
2020-4-20 14:44:41 :POST /user/ - 11ms
2020-4-20 14:44:41 :POST /user/ - 29ms
2020-4-20 14:44:41 :OPTIONS /user/ - 0ms
2020-4-20 14:44:41 :POST /user/ - 9ms
2020-4-20 14:44:41 :POST /user/ - 5ms
2020-4-20 14:44:41 :POST /user/ - 9ms
2020-4-20 14:44:41 :POST /user/ - 9ms
2020-4-20 14:44:41 :OPTIONS /user/ - 0ms
2020-4-20 14:44:41 :POST /user/ - 29ms
2020-4-20 14:44:41 :POST /user/ - 6ms
2020-4-20 14:44:41 :POST /user/ - 5ms
2020-4-20 14:44:41 :POST /user/ - 29ms
2020-4-20 14:44:41 :POST /user/ - 36ms
2020-4-20 14:35:35 :POST /user/ - 19ms
2020-4-20 14:23:1 :POST /user/ - 322ms
2020-4-20 14:23:1 :POST /user/ - 9ms
2020-4-20 14:23:1 :POST /user/ - 18ms
2020-4-20 14:23:1 :POST /user/ - 5ms
2020-4-20 14:23:1 :POST /user/ - 6ms
2020-4-20 14:50:3 :OPTIONS /user/ - 5ms
2020-4-20 14:50:3 :OPTIONS /user/ - 0ms
2020-4-20 14:50:3 :OPTIONS /user/ - 4ms
2020-4-20 14:50:3 :POST /user/ - 414ms
2020-4-20 14:50:3 :POST /user/ - 28ms
2020-4-20 14:50:3 :POST /user/ - 436ms
2020-4-20 14:50:3 :POST /user/ - 41ms
2020-4-20 14:50:3 :POST /user/ - 38ms
2020-4-20 14:50:3 :OPTIONS /user/ - 0ms
2020-4-20 14:50:3 :POST /user/ - 17ms
2020-4-20 14:50:3 :POST /user/ - 49ms
2020-4-20 14:50:3 :POST /user/ - 38ms
2020-4-20 14:50:3 :POST /user/ - 48ms
2020-4-20 14:50:3 :OPTIONS /user/ - 2ms
2020-4-20 14:50:3 :POST /user/ - 5ms
2020-4-20 14:50:3 :OPTIONS /upFile - 1ms
2020-4-20 14:50:3 :POST /upFile - 16ms
2020-4-20 14:50:3 :OPTIONS /user/ - 0ms
2020-4-20 14:50:3 :POST /user/ - 25ms
2020-4-20 14:50:3 :POST /user/ - 6ms
2020-4-20 14:50:3 :POST /user/ - 9ms
2020-4-20 14:50:3 :POST /user/ - 8ms
2020-4-20 14:50:3 :POST /user/ - 7ms
2020-4-20 14:50:3 :POST /user/ - 5ms
2020-4-20 14:50:3 :OPTIONS /user/ - 0ms
2020-4-20 14:50:3 :POST /user/ - 9ms
2020-4-20 14:50:3 :POST /user/ - 7ms
2020-4-20 14:50:3 :POST /user/ - 8ms
2020-4-20 14:50:3 :POST /user/ - 10ms
2020-4-20 14:50:3 :OPTIONS /user/ - 0ms
2020-4-20 14:50:3 :OPTIONS /user/ - 1ms
2020-4-20 14:50:3 :POST /user/ - 10ms
2020-4-20 14:50:3 :POST /user/ - 9ms
2020-4-20 14:50:3 :POST /user/ - 12ms
2020-4-20 14:50:3 :GET /getImg?imagePath=1587365566488 - 404
2020-4-20 14:50:3 :POST /user/ - 45ms
2020-4-20 14:50:3 :POST /user/ - 16ms
2020-4-20 14:50:3 :POST /user/ - 10ms
2020-4-20 14:50:3 :POST /user/ - 10ms
2020-4-20 14:50:3 :POST /user/ - 11ms
2020-4-20 14:50:3 :OPTIONS /user/ - 0ms
2020-4-20 14:50:3 :POST /user/ - 12ms
2020-4-20 14:50:3 :POST /user/ - 7ms
2020-4-20 14:50:3 :OPTIONS /user/ - 1ms
2020-4-20 14:50:3 :POST /user/ - 10ms
2020-4-20 14:50:3 :OPTIONS /user/ - 0ms
2020-4-20 14:50:3 :POST /user/ - 7ms
2020-4-20 14:50:3 :OPTIONS /user/ - 0ms
2020-4-20 14:50:3 :POST /user/ - 15ms
2020-4-20 14:50:3 :POST /user/ - 7ms
2020-4-20 14:50:3 :OPTIONS /user/ - 0ms
2020-4-20 14:50:3 :POST /user/ - 6ms
2020-4-20 14:50:3 :POST /user/ - 7ms
2020-4-20 14:50:3 :OPTIONS /user/ - 0ms
2020-4-20 14:50:3 :POST /user/ - 6ms
2020-4-20 14:50:3 :POST /user/ - 12ms
2020-4-20 14:50:3 :POST /user/ - 5ms
2020-4-20 14:50:3 :POST /user/ - 8ms
2020-4-20 14:50:3 :OPTIONS /user/ - 0ms
2020-4-20 14:50:3 :OPTIONS /user/ - 1ms
2020-4-20 14:50:3 :POST /user/ - 51ms
2020-4-20 14:50:3 :POST /user/ - 56ms
2020-4-20 14:50:3 :POST /user/ - 6ms
2020-4-20 14:50:3 :POST /user/ - 22ms
2020-4-20 14:50:3 :POST /user/ - 16ms
2020-4-20 14:50:3 :POST /user/ - 17ms
2020-4-20 14:50:3 :POST /user/ - 15ms
2020-4-20 14:50:3 :OPTIONS /user/ - 0ms
2020-4-20 14:50:3 :OPTIONS /user/ - 0ms
2020-4-20 14:50:3 :POST /user/ - 44ms
2020-4-20 14:50:3 :POST /user/ - 7ms
2020-4-20 14:50:3 :POST /user/ - 10ms
2020-4-20 14:50:3 :POST /user/ - 7ms
2020-4-20 14:50:3 :POST /user/ - 6ms
2020-4-20 14:50:3 :POST /user/ - 12ms
2020-4-20 14:50:3 :POST /user/ - 6ms
2020-4-20 14:50:3 :POST /user/ - 6ms
2020-4-20 14:50:3 :POST /user/ - 10ms
2020-4-20 14:50:3 :OPTIONS /user/ - 1ms
2020-4-20 14:50:3 :POST /user/ - 25ms
2020-4-20 14:50:3 :POST /user/ - 5ms
2020-4-20 14:50:3 :POST /user/ - 6ms
2020-4-20 14:50:3 :POST /user/ - 13ms
2020-4-20 14:50:3 :POST /user/ - 6ms
2020-4-20 14:50:3 :POST /user/ - 5ms
2020-4-20 14:50:3 :OPTIONS /user/ - 1ms
2020-4-20 14:50:3 :OPTIONS /user/ - 0ms
2020-4-20 14:50:3 :POST /user/ - 8ms
2020-4-20 14:50:3 :POST /user/ - 8ms
2020-4-20 14:50:3 :POST /user/ - 5ms
2020-4-20 14:50:3 :POST /user/ - 10ms
2020-4-20 14:50:3 :POST /user/ - 11ms
2020-4-20 14:50:3 :POST /user/ - 11ms
2020-4-20 14:23:1 :GET /getImg?imagePath=1587364520383 - 404
2020-4-20 14:50:3 :GET /getImg?imagePath=1587364511118 - 404
2020-4-20 14:50:3 :GET /getImg?imagePath=1587364515962 - 404
2020-4-20 14:50:3 :GET /getImg?imagePath=1587364499553 - 404
2020-4-20 14:50:3 :GET /getImg?imagePath=1587364492121 - 404
2020-4-20 14:50:3 :POST /user/ - 375ms
2020-4-20 14:50:3 :OPTIONS /user/ - 0ms
2020-4-20 14:50:3 :OPTIONS /user/ - 0ms
2020-4-20 14:50:3 :POST /user/ - 15ms
2020-4-20 14:50:3 :POST /user/ - 15ms
2020-4-20 14:50:3 :POST /user/ - 16ms
2020-4-20 14:50:3 :POST /user/ - 250ms
2020-4-20 14:50:3 :OPTIONS /user/ - 0ms
2020-4-20 14:50:3 :POST /user/ - 4ms
2020-4-20 14:50:3 :POST /user/ - 9ms
2020-4-20 14:50:3 :GET /getImg?imagePath=1587364511118 - 404
2020-4-20 14:50:3 :GET /getImg?imagePath=1587364515962 - 404
2020-4-20 14:50:3 :GET /getImg?imagePath=1587364520383 - 404
2020-4-20 14:50:3 :OPTIONS /user/ - 0ms
2020-4-20 14:50:3 :POST /user/ - 18ms
2020-4-20 14:50:3 :OPTIONS /upFile - 0ms
2020-4-20 14:50:3 :POST /upFile - 74ms
2020-4-20 14:50:3 :OPTIONS /user/ - 0ms
2020-4-20 14:50:3 :POST /user/ - 32ms
2020-4-20 14:50:3 :GET /getImg?imagePath=1587365838773 - 404
2020-4-20 14:50:3 :OPTIONS /upFile - 0ms
2020-4-20 14:50:3 :POST /upFile - 23ms
2020-4-20 14:50:3 :POST /user/ - 39ms
2020-4-20 14:50:3 :GET /getImg?imagePath=1587365843783 - 404
2020-4-20 14:50:3 :OPTIONS /user/ - 0ms
2020-4-20 14:50:3 :OPTIONS /user/ - 0ms
2020-4-20 14:50:3 :OPTIONS /user/ - 0ms
2020-4-20 14:50:3 :POST /user/ - 14ms
2020-4-20 14:50:3 :POST /user/ - 55ms
2020-4-20 14:50:3 :POST /user/ - 55ms
2020-4-20 14:23:1 :GET /getImg?imagePath=1587364520383 - 404
2020-4-20 14:23:1 :GET /getImg?imagePath=1587365838773 - 404
2020-4-20 14:50:3 :GET /getImg?imagePath=1587364515962 - 404
2020-4-20 14:50:3 :GET /getImg?imagePath=1587364499553 - 404
2020-4-20 14:50:3 :GET /getImg?imagePath=1587364492121 - 404
2020-4-20 14:50:3 :GET /getImg?imagePath=1587365843783 - 404
2020-4-20 14:50:3 :POST /user/ - 1027ms
2020-4-20 14:50:3 :OPTIONS /user/ - 0ms
2020-4-20 14:50:3 :POST /user/ - 23ms
2020-4-20 14:50:3 :POST /user/ - 4ms
2020-4-20 14:50:3 :POST /user/ - 5ms
2020-4-20 14:50:3 :POST /user/ - 7ms
2020-4-20 14:50:3 :POST /user/ - 18ms
2020-4-20 14:50:3 :POST /user/ - 13ms
2020-4-20 14:50:3 :POST /user/ - 8ms
2020-4-20 14:50:3 :POST /user/ - 8ms
2020-4-20 14:50:3 :OPTIONS /user/ - 0ms
2020-4-20 14:50:3 :OPTIONS /user/ - 0ms
2020-4-20 14:50:3 :POST /user/ - 46ms
2020-4-20 14:50:3 :POST /user/ - 42ms
2020-4-20 14:50:3 :POST /user/ - 8ms
2020-4-20 14:50:3 :POST /user/ - 10ms
2020-4-20 14:50:3 :OPTIONS /user/ - 0ms
2020-4-20 14:50:3 :POST /user/ - 10ms
2020-4-20 14:50:3 :POST /user/ - 5ms
2020-4-20 14:50:3 :POST /user/ - 8ms
2020-4-20 14:50:3 :POST /user/ - 8ms
2020-4-20 14:50:3 :POST /user/ - 26ms
2020-4-20 14:50:3 :OPTIONS /user/ - 1ms
2020-4-20 14:50:3 :OPTIONS /user/ - 0ms
2020-4-20 14:50:3 :POST /user/ - 8ms
2020-4-20 14:50:3 :POST /user/ - 8ms
2020-4-20 14:50:3 :POST /user/ - 5ms
2020-4-20 14:50:3 :OPTIONS /user/ - 0ms
2020-4-20 14:50:3 :OPTIONS /user/ - 1ms
2020-4-20 14:50:3 :POST /user/ - 11ms
2020-4-20 14:50:3 :POST /user/ - 11ms
2020-4-20 14:50:3 :POST /user/ - 5ms
2020-4-20 14:50:3 :OPTIONS /upFile - 0ms
2020-4-20 14:50:3 :POST /upFile - 15ms
2020-4-20 14:50:3 :OPTIONS /user/ - 0ms
2020-4-20 14:50:3 :POST /user/ - 36ms
2020-4-20 14:50:3 :POST /user/ - 10ms
2020-4-20 14:50:3 :POST /user/ - 7ms
2020-4-20 14:50:3 :POST /user/ - 45ms
2020-4-20 14:50:3 :POST /user/ - 43ms
2020-4-20 14:50:3 :POST /user/ - 5ms
2020-4-20 14:50:3 :OPTIONS /user/ - 0ms
2020-4-20 14:50:3 :POST /user/ - 8ms
2020-4-20 14:50:3 :OPTIONS /upFile - 0ms
2020-4-20 14:23:1 :OPTIONS /upFile - 1ms
2020-4-20 14:50:3 :POST /upFile - 18ms
2020-4-20 14:23:1 :POST /upFile - 26ms
2020-4-20 14:50:3 :POST /upFile - 20ms
2020-4-20 14:50:3 :OPTIONS /user/ - 0ms
2020-4-20 14:23:1 :POST /upFile - 35ms
2020-4-20 14:50:3 :POST /user/ - 16ms
2020-4-20 14:23:1 :POST /user/ - 9ms
2020-4-20 14:23:1 :POST /user/ - 11ms
2020-4-20 14:50:3 :POST /user/ - 14ms
2020-4-20 14:50:3 :POST /user/ - 8ms
2020-4-20 14:50:3 :POST /user/ - 9ms
2020-4-20 14:50:3 :POST /user/ - 8ms
2020-4-20 14:50:3 :POST /user/ - 6ms
2020-4-20 14:50:3 :POST /user/ - 7ms
2020-4-20 14:50:3 :POST /user/ - 6ms
2020-4-20 14:59:29 :POST /user/ - 308ms
2020-4-20 14:59:29 :POST /user/ - 25ms
2020-4-20 14:59:29 :OPTIONS /user/ - 1ms
2020-4-20 14:50:3 :POST /user/ - 40ms
2020-4-20 14:50:3 :POST /user/ - 16ms
2020-4-20 14:50:3 :POST /user/ - 15ms
2020-4-20 14:50:3 :POST /user/ - 4ms
2020-4-20 14:59:35 :POST /user/ - 50ms
2020-4-20 14:59:35 :POST /user/ - 674ms
2020-4-20 14:59:35 :POST /user/ - 24ms
2020-4-20 14:59:35 :OPTIONS /user/ - 1ms
2020-4-20 14:50:3 :OPTIONS /user/ - 0ms
2020-4-20 14:59:35 :POST /user/ - 10ms
2020-4-20 14:50:3 :POST /user/ - 9ms
2020-4-20 14:50:3 :POST /user/ - 10ms
2020-4-20 14:59:35 :POST /user/ - 20ms
2020-4-20 14:59:35 :POST /user/ - 12ms
2020-4-20 14:59:35 :POST /user/ - 57ms
2020-4-20 14:59:35 :POST /user/ - 65ms
2020-4-20 14:50:3 :POST /user/ - 64ms
2020-4-20 14:59:35 :POST /user/ - 34ms
2020-4-20 14:59:38 :GET /getImg?imagePath=1587365938891 - 404
2020-4-20 14:59:38 :GET /getImg?imagePath=1587365969154 - 404
2020-4-20 14:59:35 :POST /user/ - 7ms
2020-4-20 14:50:3 :POST /user/ - 6ms
2020-4-20 14:59:35 :POST /user/ - 7ms
2020-4-20 14:59:35 :POST /user/ - 8ms
2020-4-20 14:59:35 :POST /user/ - 7ms
2020-4-20 14:59:35 :POST /user/ - 15ms
2020-4-20 14:50:3 :POST /user/ - 36ms
2020-4-20 14:59:35 :POST /user/ - 40ms
2020-4-20 14:59:35 :POST /user/ - 9ms
2020-4-20 14:50:3 :POST /user/ - 12ms
2020-4-20 14:59:35 :POST /user/ - 17ms
2020-4-20 14:59:35 :POST /user/ - 17ms
2020-4-20 14:50:3 :OPTIONS /user/ - 0ms
2020-4-20 14:59:35 :OPTIONS /user/ - 0ms
2020-4-20 14:59:35 :OPTIONS /user/ - 0ms
2020-4-20 14:50:3 :POST /user/ - 7ms
2020-4-20 14:59:35 :POST /user/ - 8ms
2020-4-20 14:59:35 :POST /user/ - 10ms
2020-4-20 14:59:35 :POST /user/ - 10ms
2020-4-20 14:59:35 :POST /user/ - 20ms
2020-4-20 14:50:3 :POST /user/ - 17ms
2020-4-20 14:50:3 :POST /user/ - 11ms
2020-4-20 14:59:35 :POST /user/ - 13ms
2020-4-20 14:59:35 :POST /user/ - 15ms
2020-4-20 14:50:3 :POST /user/ - 20ms
2020-4-20 14:59:35 :POST /user/ - 30ms
2020-4-20 14:59:35 :POST /user/ - 28ms
2020-4-20 14:59:35 :POST /user/ - 30ms
2020-4-20 14:59:38 :POST /user/ - 269ms
2020-4-20 14:59:38 :POST /user/ - 30ms
2020-4-20 14:35:35 :POST /user/ - 34ms
2020-4-20 14:50:3 :POST /user/ - 39ms
2020-4-20 14:50:3 :POST /user/ - 15ms
2020-4-20 14:35:35 :POST /user/ - 15ms
2020-4-20 14:50:3 :POST /user/ - 13ms
2020-4-20 14:50:3 :POST /user/ - 12ms
2020-4-20 14:35:35 :POST /user/ - 14ms
2020-4-20 14:50:3 :POST /user/ - 11ms
2020-4-20 14:50:3 :POST /user/ - 23ms
2020-4-20 14:35:35 :POST /user/ - 15ms
2020-4-20 14:50:3 :POST /user/ - 24ms
2020-4-20 14:23:1 :POST /user/ - 358ms
2020-4-20 14:50:3 :OPTIONS /user/ - 0ms
2020-4-20 14:23:1 :OPTIONS /user/ - 2ms
2020-4-20 14:35:35 :OPTIONS /user/ - 1ms
2020-4-20 14:23:1 :POST /user/ - 13ms
2020-4-20 14:35:35 :POST /user/ - 11ms
2020-4-20 14:50:3 :POST /user/ - 14ms
2020-4-20 14:23:1 :POST /user/ - 39ms
2020-4-20 14:50:3 :POST /user/ - 42ms
2020-4-20 14:35:35 :POST /user/ - 40ms
2020-4-20 14:35:35 :POST /user/ - 18ms
2020-4-20 14:50:3 :POST /user/ - 15ms
2020-4-20 14:50:3 :POST /user/ - 34ms
2020-4-20 14:35:35 :POST /user/ - 21ms
2020-4-20 14:50:3 :POST /user/ - 58ms
2020-4-20 14:23:1 :POST /user/ - 23ms
2020-4-20 14:50:3 :POST /user/ - 26ms
2020-4-20 14:23:1 :POST /user/ - 29ms
2020-4-20 14:35:35 :POST /user/ - 39ms
2020-4-20 14:23:1 :POST /user/ - 38ms
2020-4-20 14:59:53 :POST /user/ - 499ms
2020-4-20 14:59:53 :POST /user/ - 47ms
2020-4-20 14:59:53 :POST /user/ - 697ms
2020-4-20 14:59:53 :POST /user/ - 48ms
2020-4-20 14:59:53 :POST /user/ - 229ms
2020-4-20 14:59:53 :POST /user/ - 140ms
2020-4-20 14:59:53 :POST /user/ - 104ms
2020-4-20 14:59:53 :OPTIONS /user/ - 1ms
2020-4-20 14:59:53 :OPTIONS /user/ - 1ms
2020-4-20 14:59:53 :OPTIONS /user/ - 1ms
2020-4-20 14:59:53 :POST /user/ - 13ms
2020-4-20 14:59:53 :POST /user/ - 16ms
2020-4-20 14:59:53 :POST /user/ - 14ms
2020-4-20 14:59:53 :POST /user/ - 37ms
2020-4-20 14:59:53 :POST /user/ - 141ms
2020-4-20 14:59:57 :GET /getImg?imagePath=1587364520383 - 404
2020-4-20 14:59:53 :GET /getImg?imagePath=1587364515962 - 404
2020-4-20 14:59:53 :POST /user/ - 1024ms
2020-4-20 14:59:57 :GET /getImg?imagePath=1587364499553 - 404
2020-4-20 14:59:57 :GET /getImg?imagePath=1587365843783 - 404
2020-4-20 14:59:57 :GET /getImg?imagePath=1587365838773 - 404
2020-4-20 14:59:57 :GET /getImg?imagePath=1587364492121 - 404
2020-4-20 14:59:57 :OPTIONS /user/ - 1ms
2020-4-20 14:59:57 :OPTIONS /user/ - 1ms
2020-4-20 14:59:57 :OPTIONS /user/ - 0ms
2020-4-20 14:59:57 :POST /user/ - 632ms
2020-4-20 14:59:57 :POST /user/ - 583ms
2020-4-20 14:59:57 :POST /user/ - 50ms
2020-4-20 14:59:57 :GET /getImg?imagePath=1587365969212 - 404
2020-4-20 14:59:57 :OPTIONS /user/ - 0ms
2020-4-20 14:59:57 :POST /user/ - 18ms
2020-4-20 14:59:57 :POST /user/ - 23ms
2020-4-20 14:59:57 :POST /user/ - 13ms
2020-4-20 14:59:57 :POST /user/ - 11ms
2020-4-20 14:59:57 :POST /user/ - 12ms
2020-4-20 14:59:57 :POST /user/ - 13ms
2020-4-20 14:59:57 :POST /user/ - 13ms
2020-4-20 14:59:57 :POST /user/ - 11ms
2020-4-20 14:59:57 :POST /user/ - 16ms
2020-4-20 14:59:57 :POST /user/ - 22ms
2020-4-20 14:59:57 :POST /user/ - 17ms
2020-4-20 14:59:57 :OPTIONS /user/ - 1ms
2020-4-20 14:59:57 :OPTIONS /user/ - 1ms
2020-4-20 14:59:57 :OPTIONS /user/ - 0ms
2020-4-20 14:59:57 :POST /user/ - 17ms
2020-4-20 14:59:57 :POST /user/ - 17ms
2020-4-20 14:59:57 :POST /user/ - 20ms
2020-4-20 14:59:57 :POST /user/ - 11ms
2020-4-20 14:59:57 :POST /user/ - 21ms
2020-4-20 14:59:57 :OPTIONS /user/ - 0ms
2020-4-20 14:59:57 :OPTIONS /user/ - 0ms
2020-4-20 14:59:57 :POST /user/ - 10ms
2020-4-20 14:59:57 :POST /user/ - 48ms
2020-4-20 14:59:57 :POST /user/ - 8ms
2020-4-20 14:59:57 :POST /user/ - 7ms
2020-4-20 14:59:57 :POST /user/ - 7ms
2020-4-20 14:59:57 :POST /user/ - 30ms
2020-4-20 14:59:57 :POST /user/ - 35ms
2020-4-20 14:59:57 :POST /user/ - 8ms
2020-4-20 14:59:57 :POST /user/ - 11ms
2020-4-20 14:59:57 :POST /user/ - 7ms
2020-4-20 14:59:57 :OPTIONS /user/ - 0ms
2020-4-20 14:59:57 :POST /user/ - 7ms
2020-4-20 14:59:57 :POST /user/ - 7ms
2020-4-20 14:59:57 :OPTIONS /user/ - 0ms
2020-4-20 14:59:57 :OPTIONS /user/ - 0ms
2020-4-20 14:59:57 :POST /user/ - 10ms
2020-4-20 14:59:57 :POST /user/ - 9ms
2020-4-20 14:59:57 :POST /user/ - 8ms
2020-4-20 14:59:57 :POST /user/ - 8ms
2020-4-20 14:59:57 :POST /user/ - 12ms
2020-4-20 14:59:57 :POST /user/ - 14ms
2020-4-20 14:59:57 :POST /user/ - 12ms
2020-4-20 14:59:57 :GET /getImg?imagePath=1587364492121 - 404
2020-4-20 14:59:57 :GET /getImg?imagePath=1587364499553 - 404
2020-4-20 14:59:57 :GET /getImg?imagePath=1587365838773 - 404
2020-4-20 14:59:57 :GET /getImg?imagePath=1587364515962 - 404
2020-4-20 14:59:53 :GET /getImg?imagePath=1587365843783 - 404
2020-4-20 14:59:53 :GET /getImg?imagePath=1587364520383 - 404
2020-4-20 14:59:57 :POST /user/ - 1088ms
2020-4-20 14:59:57 :POST /user/ - 1016ms
2020-4-20 14:59:57 :POST /user/ - 1014ms
2020-4-20 14:59:57 :OPTIONS /user/ - 0ms
2020-4-20 14:59:57 :POST /user/ - 11ms
2020-4-20 14:59:57 :POST /user/ - 50ms
2020-4-20 14:59:57 :POST /user/ - 52ms
2020-4-20 14:59:57 :POST /user/ - 12ms
2020-4-20 14:59:57 :POST /user/ - 51ms
2020-4-20 14:59:57 :OPTIONS /user/ - 0ms
2020-4-20 14:59:57 :POST /user/ - 16ms
2020-4-20 14:59:57 :OPTIONS /user/ - 0ms
2020-4-20 14:59:57 :OPTIONS /user/ - 1ms
2020-4-20 14:59:57 :POST /user/ - 13ms
2020-4-20 14:59:57 :POST /user/ - 73ms
2020-4-20 14:59:57 :POST /user/ - 35ms
2020-4-20 14:59:57 :POST /user/ - 11ms
2020-4-20 14:59:57 :POST /user/ - 6ms
2020-4-20 14:59:57 :OPTIONS /user/ - 0ms
2020-4-20 14:59:57 :POST /user/ - 29ms
2020-4-20 14:59:57 :POST /user/ - 7ms
2020-4-20 14:59:57 :POST /user/ - 9ms
2020-4-20 14:59:57 :OPTIONS /upFile - 0ms
2020-4-20 14:59:57 :POST /upFile - 51ms
2020-4-20 14:59:57 :OPTIONS /user/ - 0ms
2020-4-20 14:59:57 :POST /user/ - 12ms
2020-4-20 14:59:57 :GET /getImg?imagePath=1587366085966 - 404
2020-4-20 14:59:57 :POST /user/ - 18ms
2020-4-20 14:59:57 :OPTIONS /user/ - 1ms
2020-4-20 14:59:57 :POST /user/ - 11ms
2020-4-20 14:59:57 :OPTIONS /user/ - 1ms
2020-4-20 14:59:57 :OPTIONS /user/ - 0ms
2020-4-20 14:59:57 :POST /user/ - 14ms
2020-4-20 14:59:57 :POST /user/ - 9ms
2020-4-20 14:59:57 :POST /user/ - 17ms
2020-4-20 14:59:57 :POST /user/ - 15ms
2020-4-20 14:59:57 :POST /user/ - 13ms
2020-4-20 14:59:57 :POST /user/ - 6ms
2020-4-20 14:59:57 :POST /user/ - 6ms
2020-4-20 14:59:57 :GET /getImg?imagePath=1587365969154 - 404
2020-4-20 14:59:57 :GET /getImg?imagePath=1587365969212 - 404
2020-4-20 14:59:57 :OPTIONS /user/ - 0ms
2020-4-20 14:59:57 :POST /user/ - 8ms
2020-4-20 14:59:57 :POST /user/ - 6ms
2020-4-20 14:59:57 :POST /user/ - 11ms
2020-4-20 14:59:57 :POST /user/ - 12ms
2020-4-20 14:59:57 :POST /user/ - 12ms
2020-4-20 14:59:57 :POST /user/ - 51ms
2020-4-20 14:59:57 :POST /user/ - 146ms
2020-4-20 14:59:57 :POST /user/ - 7ms
2020-4-20 14:59:57 :POST /user/ - 7ms
2020-4-20 14:59:57 :GET /getImg?imagePath=1587365938891 - 404
2020-4-20 14:59:57 :OPTIONS /user/ - 0ms
2020-4-20 14:59:57 :POST /user/ - 7ms
2020-4-20 14:59:57 :POST /user/ - 11ms
2020-4-20 14:59:57 :POST /user/ - 44ms
2020-4-20 14:59:57 :POST /user/ - 9ms
2020-4-20 14:59:57 :POST /user/ - 10ms
2020-4-20 14:59:57 :POST /user/ - 8ms
2020-4-20 14:59:57 :POST /user/ - 6ms
2020-4-20 14:59:57 :OPTIONS /user/ - 0ms
2020-4-20 14:59:57 :POST /user/ - 6ms
2020-4-20 14:59:57 :GET /getImg?imagePath=1587365843783 - 404
2020-4-20 14:59:53 :GET /getImg?imagePath=1587365838773 - 404
2020-4-20 14:59:57 :GET /getImg?imagePath=1587364520383 - 404
2020-4-20 14:59:57 :GET /getImg?imagePath=1587364515962 - 404
2020-4-20 14:59:57 :POST /user/ - 43ms
2020-4-20 14:59:57 :OPTIONS /user/ - 0ms
2020-4-20 15:2:24 :OPTIONS /user/ - 4ms
2020-4-20 14:59:57 :OPTIONS /user/ - 0ms
2020-4-20 14:59:57 :POST /user/ - 8ms
2020-4-20 15:2:34 :OPTIONS /user/ - 4ms
2020-4-20 15:2:34 :OPTIONS /user/ - 0ms
2020-4-20 14:59:57 :POST /user/ - 9ms
2020-4-20 14:59:57 :POST /user/ - 5ms
2020-4-20 14:59:57 :POST /user/ - 6ms
2020-4-20 15:2:34 :OPTIONS /user/ - 5ms
2020-4-20 15:2:34 :OPTIONS /user/ - 0ms
2020-4-20 15:2:34 :POST /user/ - 327ms
2020-4-20 15:2:34 :POST /user/ - 28ms
2020-4-20 15:2:34 :POST /user/ - 355ms
2020-4-20 15:2:34 :POST /user/ - 31ms
2020-4-20 15:2:34 :POST /user/ - 30ms
2020-4-20 15:2:34 :OPTIONS /user/ - 0ms
2020-4-20 15:2:34 :OPTIONS /user/ - 0ms
2020-4-20 15:2:34 :OPTIONS /user/ - 0ms
2020-4-20 14:59:57 :POST /user/ - 7ms
2020-4-20 14:59:57 :POST /user/ - 9ms
2020-4-20 15:2:34 :POST /user/ - 13ms
2020-4-20 15:2:34 :POST /user/ - 21ms
2020-4-20 15:2:34 :POST /user/ - 28ms
2020-4-20 15:2:34 :POST /user/ - 25ms
2020-4-20 15:2:34 :POST /user/ - 64ms
2020-4-20 14:59:57 :POST /user/ - 54ms
2020-4-20 15:2:34 :POST /user/ - 55ms
2020-4-20 15:2:34 :POST /user/ - 15ms
2020-4-20 14:59:57 :OPTIONS /user/ - 0ms
2020-4-20 15:2:34 :OPTIONS /user/ - 0ms
2020-4-20 15:2:34 :OPTIONS /user/ - 0ms
2020-4-20 14:59:57 :OPTIONS /user/ - 1ms
2020-4-20 14:59:57 :OPTIONS /user/ - 0ms
2020-4-20 14:59:53 :OPTIONS /user/ - 1ms
2020-4-20 15:2:34 :OPTIONS /user/ - 0ms
2020-4-20 15:2:34 :OPTIONS /user/ - 0ms
2020-4-20 14:59:57 :POST /user/ - 74ms
2020-4-20 14:59:57 :POST /user/ - 73ms
2020-4-20 14:59:53 :POST /user/ - 75ms
2020-4-20 15:2:34 :POST /user/ - 81ms
2020-4-20 15:2:34 :POST /user/ - 78ms
2020-4-20 15:2:34 :POST /user/ - 35ms
2020-4-20 14:59:57 :POST /user/ - 36ms
2020-4-20 15:2:34 :POST /user/ - 19ms
2020-4-20 14:59:57 :POST /user/ - 20ms
2020-4-20 14:59:53 :POST /user/ - 24ms
2020-4-20 15:4:53 :POST /user/ - 362ms
2020-4-20 15:4:53 :POST /user/ - 49ms
2020-4-20 15:4:53 :OPTIONS /user/ - 1ms
2020-4-20 15:4:53 :POST /user/ - 13ms
2020-4-20 15:4:54 :OPTIONS /user/ - 5ms
2020-4-20 15:4:54 :POST /user/ - 265ms
2020-4-20 15:4:54 :POST /user/ - 11ms
2020-4-20 15:4:54 :POST /user/ - 6ms
2020-4-20 15:4:54 :POST /user/ - 7ms
2020-4-20 15:4:54 :OPTIONS /user/ - 0ms
2020-4-20 15:4:54 :POST /user/ - 7ms
2020-4-20 15:4:54 :OPTIONS /user/ - 0ms
2020-4-20 15:4:54 :POST /user/ - 15ms
2020-4-20 15:4:54 :POST /user/ - 7ms
2020-4-20 15:4:54 :OPTIONS /user/ - 0ms
2020-4-20 15:4:54 :POST /user/ - 21ms
2020-4-20 15:4:54 :OPTIONS /user/ - 0ms
2020-4-20 15:6:17 :OPTIONS /user/ - 5ms
2020-4-20 15:6:17 :POST /user/ - 21ms
2020-4-20 15:6:17 :POST /user/ - 342ms
2020-4-20 15:6:17 :POST /user/ - 6ms
2020-4-20 15:6:17 :OPTIONS /user/ - 0ms
2020-4-20 15:6:17 :POST /user/ - 6ms
2020-4-20 15:6:17 :OPTIONS /user/ - 0ms
2020-4-20 15:6:17 :POST /user/ - 6ms
2020-4-20 15:6:17 :OPTIONS /user/ - 0ms
2020-4-20 15:6:17 :POST /user/ - 10ms
2020-4-20 15:6:17 :POST /user/ - 7ms
2020-4-20 15:6:17 :POST /user/ - 11ms
2020-4-20 15:6:17 :POST /user/ - 15ms
2020-4-20 15:6:17 :POST /user/ - 21ms
2020-4-20 15:6:17 :OPTIONS /user/ - 1ms
2020-4-20 15:6:17 :POST /user/ - 42ms
2020-4-20 15:6:17 :POST /user/ - 29ms
2020-4-20 15:6:17 :POST /user/ - 20ms
2020-4-20 15:6:17 :POST /user/ - 12ms
2020-4-20 15:6:17 :POST /user/ - 14ms
2020-4-20 15:6:17 :POST /user/ - 16ms
2020-4-20 15:6:17 :POST /user/ - 8ms
2020-4-20 15:6:17 :POST /user/ - 7ms
2020-4-20 15:6:17 :OPTIONS /user/ - 0ms
2020-4-20 15:6:17 :POST /user/ - 8ms
2020-4-20 15:6:17 :POST /user/ - 11ms
2020-4-20 15:6:17 :POST /user/ - 6ms
2020-4-20 15:6:17 :POST /user/ - 9ms
2020-4-20 15:6:17 :POST /user/ - 9ms
2020-4-20 15:6:17 :GET /getImg?imagePath=1587366085966 - 404
2020-4-20 15:6:17 :OPTIONS /user/ - 1ms
2020-4-20 15:6:17 :OPTIONS /user/ - 0ms
2020-4-20 15:6:17 :POST /user/ - 8ms
2020-4-20 15:6:17 :POST /user/ - 11ms
2020-4-20 15:6:17 :POST /user/ - 9ms
2020-4-20 15:6:17 :POST /user/ - 11ms
2020-4-20 15:6:17 :POST /user/ - 12ms
2020-4-20 15:6:17 :GET /getImg?imagePath=1587365938891 - 404
2020-4-20 15:6:17 :OPTIONS /user/ - 0ms
2020-4-20 15:6:17 :OPTIONS /user/ - 0ms
2020-4-20 15:6:17 :POST /user/ - 9ms
2020-4-20 15:6:17 :POST /user/ - 10ms
2020-4-20 15:6:17 :POST /user/ - 11ms
2020-4-20 15:6:17 :POST /user/ - 8ms
2020-4-20 15:6:17 :POST /user/ - 7ms
2020-4-20 15:6:17 :OPTIONS /user/ - 0ms
2020-4-20 15:6:17 :OPTIONS /user/ - 0ms
2020-4-20 15:6:17 :POST /user/ - 22ms
2020-4-20 15:6:17 :POST /user/ - 21ms
2020-4-20 15:6:17 :POST /user/ - 21ms
2020-4-20 15:6:17 :POST /user/ - 32ms
2020-4-20 15:6:17 :POST /user/ - 7ms
2020-4-20 15:6:17 :OPTIONS /user/ - 0ms
2020-4-20 15:6:17 :POST /user/ - 16ms
2020-4-20 15:6:17 :POST /user/ - 18ms
2020-4-20 15:6:17 :POST /user/ - 15ms
2020-4-20 15:6:17 :POST /user/ - 12ms
2020-4-20 15:6:17 :POST /user/ - 45ms
2020-4-20 15:6:17 :OPTIONS /user/ - 0ms
2020-4-20 15:6:17 :POST /user/ - 7ms
2020-4-20 15:6:17 :POST /user/ - 5ms
2020-4-20 15:6:17 :POST /user/ - 11ms
2020-4-20 15:6:17 :POST /user/ - 6ms
2020-4-20 15:6:17 :POST /user/ - 6ms
2020-4-20 15:6:17 :POST /user/ - 7ms
2020-4-20 15:6:17 :POST /user/ - 9ms
2020-4-20 15:6:17 :GET /getImg?imagePath=1587365566488 - 404
2020-4-20 15:6:16 :POST /user/ - 345ms
2020-4-20 15:6:16 :POST /user/ - 8ms
2020-4-20 15:6:16 :OPTIONS /user/ - 1ms
2020-4-20 15:14:21 :OPTIONS /user/ - 4ms
2020-4-20 15:4:53 :POST /user/ - 562ms
2020-4-20 15:4:53 :POST /user/ - 77ms
2020-4-20 15:14:23 :POST /user/ - 558ms
2020-4-20 15:14:23 :POST /user/ - 45ms
2020-4-20 15:14:25 :POST /user/ - 429ms
2020-4-20 15:14:25 :POST /user/ - 504ms
2020-4-20 15:14:25 :POST /user/ - 8ms
2020-4-20 15:14:25 :POST /user/ - 29ms
2020-4-20 15:14:25 :OPTIONS /user/ - 1ms
2020-4-20 15:14:25 :OPTIONS /user/ - 1ms
2020-4-20 15:14:25 :POST /user/ - 7ms
2020-4-20 15:14:25 :POST /user/ - 7ms
2020-4-20 15:14:25 :POST /user/ - 18ms
2020-4-20 15:14:25 :POST /user/ - 9ms